#
# There is insufficient memory for the Java Runtime Environment to continue.
# Native memory allocation (malloc) failed to allocate 860496 bytes for Chunk::new
# Possible reasons:
#   The system is out of physical RAM or swap space
#   The process is running with CompressedOops enabled, and the Java Heap may be blocking the growth of the native heap
# Possible solutions:
#   Reduce memory load on the system
#   Increase physical memory or swap space
#   Check if swap backing store is full
#   Decrease Java heap size (-Xmx/-Xms)
#   Decrease number of Java threads
#   Decrease Java thread stack sizes (-Xss)
#   Set larger code cache with -XX:ReservedCodeCacheSize=
#   JVM is running with Unscaled Compressed Oops mode in which the Java heap is
#     placed in the first 4GB address space. The Java Heap base address is the
#     maximum limit for the native heap growth. Please use -XX:HeapBaseMinAddress
#     to set the Java Heap base and to place the Java Heap above 4GB virtual address.
# This output file may be truncated or incomplete.
#
#  Out of Memory Error (t:/workspace/open/src/hotspot/share/memory/arena.cpp:197), pid=13580, tid=14020
#
# JRE version: Java(TM) SE Runtime Environment (11.0.6+8) (build 11.0.6+8-LTS)
# Java VM: Java HotSpot(TM) 64-Bit Server VM (11.0.6+8-LTS, mixed mode, tiered, compressed oops, g1 gc, windows-amd64)
# No core dump will be written. Minidumps are not enabled by default on client versions of Windows
#

---------------  S U M M A R Y ------------

Command Line: -XX:MaxMetaspaceSize=512m --add-opens=java.base/java.util=ALL-UNNAMED --add-opens=java.base/java.lang=ALL-UNNAMED --add-opens=java.base/java.lang.invoke=ALL-UNNAMED --add-opens=java.prefs/java.util.prefs=ALL-UNNAMED --add-opens=java.base/java.nio.charset=ALL-UNNAMED --add-opens=java.base/java.net=ALL-UNNAMED --add-opens=java.base/java.util.concurrent.atomic=ALL-UNNAMED -Xmx2048m -Dfile.encoding=utf8 -Duser.country=US -Duser.language=en -Duser.variant -javaagent:C:\Users\Hp\.gradle\wrapper\dists\gradle-8.6-all\3mbtmo166bl6vumsh5k2lkq5h\gradle-8.6\lib\agents\gradle-instrumentation-agent-8.6.jar org.gradle.launcher.daemon.bootstrap.GradleDaemon 8.6

Host: Intel(R) Core(TM) i5-8265U CPU @ 1.60GHz, 8 cores, 7G,  Windows 10 , 64 bit Build 19041 (10.0.19041.3636)
Time: Sun Apr 28 22:56:06 2024 Egypt Daylight Time elapsed time: 27 seconds (0d 0h 0m 27s)

---------------  T H R E A D  ---------------

Current thread (0x000002dee7d47000):  JavaThread "C2 CompilerThread0" daemon [_thread_in_native, id=14020, stack(0x000000f4f6d00000,0x000000f4f6e00000)]


Current CompileTask:
C2:  27462 7905       4       sun.invoke.util.VerifyAccess::isClassAccessible (182 bytes)

Stack: [0x000000f4f6d00000,0x000000f4f6e00000]
Native frames: (J=compiled Java code, j=interpreted, Vv=VM code, C=native code)
V  [jvm.dll+0x63679a]
V  [jvm.dll+0x7755bf]
V  [jvm.dll+0x776c65]
V  [jvm.dll+0x7772d3]
V  [jvm.dll+0x25e7f8]
V  [jvm.dll+0xc1c01]
V  [jvm.dll+0xc219c]
V  [jvm.dll+0x2cf424]
V  [jvm.dll+0x552d3f]
V  [jvm.dll+0x21a49f]
V  [jvm.dll+0x2173d6]
V  [jvm.dll+0x193a2c]
V  [jvm.dll+0x226544]
V  [jvm.dll+0x224b28]
V  [jvm.dll+0x73a9c5]
V  [jvm.dll+0x733905]
V  [jvm.dll+0x635846]
C  [ucrtbase.dll+0x21bb2]
C  [KERNEL32.DLL+0x17344]
C  [ntdll.dll+0x526b1]


---------------  P R O C E S S  ---------------

Threads class SMR info:
_java_thread_list=0x000002deedf7c040, length=63, elements={
0x000002dec9043000, 0x000002dee7d29800, 0x000002dee7d2b800, 0x000002dee7d45000,
0x000002dee7d46000, 0x000002dee7d47000, 0x000002dee7d4b800, 0x000002dee7d54800,
0x000002dee8803800, 0x000002dee8927000, 0x000002deea9b6000, 0x000002deeafb0800,
0x000002deea603000, 0x000002dee94cf000, 0x000002deeaff6800, 0x000002deeb72e800,
0x000002deeb72f000, 0x000002deeaf77000, 0x000002deead3d000, 0x000002deead3f800,
0x000002deead3d800, 0x000002deead3e800, 0x000002deead40000, 0x000002deead3a800,
0x000002deead41000, 0x000002deead3b800, 0x000002deead3c000, 0x000002deeacf4000,
0x000002deeacf3800, 0x000002deeacf5000, 0x000002deeacf5800, 0x000002deeacf6800,
0x000002deeacf9000, 0x000002deeb9a3800, 0x000002deeb99f800, 0x000002deeb9a1800,
0x000002deeb99e000, 0x000002deeb9a4800, 0x000002deeb9a2000, 0x000002deeb99f000,
0x000002deeb9a5800, 0x000002deeb9a0800, 0x000002deeb9a3000, 0x000002deeb9ab000,
0x000002deeb9aa000, 0x000002deeb9a8000, 0x000002deeb9a8800, 0x000002deeb9ac000,
0x000002deeb9a6000, 0x000002deeb9ac800, 0x000002deeb9a7000, 0x000002dee9a16000,
0x000002dee9a14800, 0x000002dee9a18800, 0x000002dee9a17800, 0x000002dee9a12800,
0x000002dee9a13800, 0x000002dee9a19000, 0x000002dee9a1a000, 0x000002dee9a1b000,
0x000002dee9a15000, 0x000002dee9a1c800, 0x000002dee9a1f800
}

Java Threads: ( => current thread )
  0x000002dec9043000 JavaThread "main" [_thread_blocked, id=7248, stack(0x000000f4f6200000,0x000000f4f6300000)]
  0x000002dee7d29800 JavaThread "Reference Handler" daemon [_thread_blocked, id=13604, stack(0x000000f4f6900000,0x000000f4f6a00000)]
  0x000002dee7d2b800 JavaThread "Finalizer" daemon [_thread_blocked, id=11508, stack(0x000000f4f6a00000,0x000000f4f6b00000)]
  0x000002dee7d45000 JavaThread "Signal Dispatcher" daemon [_thread_blocked, id=8040, stack(0x000000f4f6b00000,0x000000f4f6c00000)]
  0x000002dee7d46000 JavaThread "Attach Listener" daemon [_thread_blocked, id=8036, stack(0x000000f4f6c00000,0x000000f4f6d00000)]
=>0x000002dee7d47000 JavaThread "C2 CompilerThread0" daemon [_thread_in_native, id=14020, stack(0x000000f4f6d00000,0x000000f4f6e00000)]
  0x000002dee7d4b800 JavaThread "C1 CompilerThread0" daemon [_thread_blocked, id=9608, stack(0x000000f4f6e00000,0x000000f4f6f00000)]
  0x000002dee7d54800 JavaThread "Sweeper thread" daemon [_thread_blocked, id=6656, stack(0x000000f4f6f00000,0x000000f4f7000000)]
  0x000002dee8803800 JavaThread "Common-Cleaner" daemon [_thread_blocked, id=13612, stack(0x000000f4f7000000,0x000000f4f7100000)]
  0x000002dee8927000 JavaThread "Service Thread" daemon [_thread_blocked, id=7304, stack(0x000000f4f7200000,0x000000f4f7300000)]
  0x000002deea9b6000 JavaThread "Daemon health stats" [_thread_blocked, id=13988, stack(0x000000f4f7600000,0x000000f4f7700000)]
  0x000002deeafb0800 JavaThread "Incoming local TCP Connector on port 50646" [_thread_in_native, id=13600, stack(0x000000f4f7100000,0x000000f4f7200000)]
  0x000002deea603000 JavaThread "Daemon periodic checks" [_thread_blocked, id=6896, stack(0x000000f4f7700000,0x000000f4f7800000)]
  0x000002dee94cf000 JavaThread "Daemon" [_thread_blocked, id=2628, stack(0x000000f4f7900000,0x000000f4f7a00000)]
  0x000002deeaff6800 JavaThread "Handler for socket connection from /127.0.0.1:50646 to /127.0.0.1:50647" [_thread_in_native, id=1372, stack(0x000000f4f7a00000,0x000000f4f7b00000)]
  0x000002deeb72e800 JavaThread "Cancel handler" [_thread_blocked, id=14160, stack(0x000000f4f7b00000,0x000000f4f7c00000)]
  0x000002deeb72f000 JavaThread "Daemon worker" [_thread_blocked, id=14032, stack(0x000000f4f7c00000,0x000000f4f7d00000)]
  0x000002deeaf77000 JavaThread "Asynchronous log dispatcher for DefaultDaemonConnection: socket connection from /127.0.0.1:50646 to /127.0.0.1:50647" [_thread_blocked, id=11644, stack(0x000000f4f7d00000,0x000000f4f7e00000)]
  0x000002deead3d000 JavaThread "Stdin handler" [_thread_blocked, id=2024, stack(0x000000f4f7e00000,0x000000f4f7f00000)]
  0x000002deead3f800 JavaThread "Daemon client event forwarder" [_thread_blocked, id=3872, stack(0x000000f4f7f00000,0x000000f4f8000000)]
  0x000002deead3d800 JavaThread "Cache worker for journal cache (C:\Users\Hp\.gradle\caches\journal-1)" [_thread_blocked, id=13152, stack(0x000000f4f8500000,0x000000f4f8600000)]
  0x000002deead3e800 JavaThread "File lock request listener" [_thread_in_native, id=11088, stack(0x000000f4f8600000,0x000000f4f8700000)]
  0x000002deead40000 JavaThread "Cache worker for file hash cache (C:\Users\Hp\.gradle\caches\8.6\fileHashes)" [_thread_blocked, id=14056, stack(0x000000f4f8700000,0x000000f4f8800000)]
  0x000002deead3a800 JavaThread "File watcher server" daemon [_thread_in_native, id=3756, stack(0x000000f4f8a00000,0x000000f4f8b00000)]
  0x000002deead41000 JavaThread "File watcher consumer" daemon [_thread_blocked, id=13324, stack(0x000000f4f8b00000,0x000000f4f8c00000)]
  0x000002deead3b800 JavaThread "Cache worker for checksums cache (F:\Appink Company\Task\AppWeather\android\.gradle\8.6\checksums)" [_thread_blocked, id=11712, stack(0x000000f4f8c00000,0x000000f4f8d00000)]
  0x000002deead3c000 JavaThread "Cache worker for file hash cache (F:\Appink Company\Task\AppWeather\android\.gradle\8.6\fileHashes)" [_thread_blocked, id=5044, stack(0x000000f4f8d00000,0x000000f4f8e00000)]
  0x000002deeacf4000 JavaThread "Cache worker for cache directory md-supplier (C:\Users\Hp\.gradle\caches\8.6\md-supplier)" [_thread_blocked, id=8124, stack(0x000000f4f8e00000,0x000000f4f8f00000)]
  0x000002deeacf3800 JavaThread "Cache worker for cache directory md-rule (C:\Users\Hp\.gradle\caches\8.6\md-rule)" [_thread_blocked, id=1172, stack(0x000000f4f8f00000,0x000000f4f9000000)]
  0x000002deeacf5000 JavaThread "Cache worker for file content cache (C:\Users\Hp\.gradle\caches\8.6\fileContent)" [_thread_blocked, id=6592, stack(0x000000f4f9000000,0x000000f4f9100000)]
  0x000002deeacf5800 JavaThread "jar transforms" [_thread_blocked, id=6644, stack(0x000000f4f9100000,0x000000f4f9200000)]
  0x000002deeacf6800 JavaThread "jar transforms Thread 2" [_thread_blocked, id=13540, stack(0x000000f4f9200000,0x000000f4f9300000)]
  0x000002deeacf9000 JavaThread "jar transforms Thread 3" [_thread_blocked, id=4140, stack(0x000000f4f8900000,0x000000f4f8a00000)]
  0x000002deeb9a3800 JavaThread "jar transforms Thread 4" [_thread_blocked, id=3148, stack(0x000000f4f8800000,0x000000f4f8900000)]
  0x000002deeb99f800 JavaThread "jar transforms Thread 5" [_thread_blocked, id=9956, stack(0x000000f4f9300000,0x000000f4f9400000)]
  0x000002deeb9a1800 JavaThread "jar transforms Thread 6" [_thread_blocked, id=2356, stack(0x000000f4f9400000,0x000000f4f9500000)]
  0x000002deeb99e000 JavaThread "Exec process" [_thread_in_native, id=9536, stack(0x000000f4f9700000,0x000000f4f9800000)]
  0x000002deeb9a4800 JavaThread "Exec process Thread 2" [_thread_in_native, id=5244, stack(0x000000f4f9800000,0x000000f4f9900000)]
  0x000002deeb9a2000 JavaThread "Exec process Thread 3" [_thread_in_native, id=1832, stack(0x000000f4f9900000,0x000000f4f9a00000)]
  0x000002deeb99f000 JavaThread "jar transforms Thread 7" [_thread_blocked, id=1532, stack(0x000000f4f9a00000,0x000000f4f9b00000)]
  0x000002deeb9a5800 JavaThread "jar transforms Thread 8" [_thread_blocked, id=13396, stack(0x000000f4f9b00000,0x000000f4f9c00000)]
  0x000002deeb9a0800 JavaThread "Unconstrained build operations" [_thread_blocked, id=6424, stack(0x000000f4f9c00000,0x000000f4f9d00000)]
  0x000002deeb9a3000 JavaThread "Unconstrained build operations Thread 2" [_thread_blocked, id=8708, stack(0x000000f4f9d00000,0x000000f4f9e00000)]
  0x000002deeb9ab000 JavaThread "Cache worker for Build Output Cleanup Cache (F:\Appink Company\Task\AppWeather\node_modules\@react-native\gradle-plugin\.gradle\buildOutputCleanup)" [_thread_blocked, id=13316, stack(0x000000f4f9600000,0x000000f4f9700000)]
  0x000002deeb9aa000 JavaThread "Unconstrained build operations Thread 3" [_thread_blocked, id=13352, stack(0x000000f4f9f00000,0x000000f4fa000000)]
  0x000002deeb9a8000 JavaThread "Unconstrained build operations Thread 4" [_thread_blocked, id=6672, stack(0x000000f4fa000000,0x000000f4fa100000)]
  0x000002deeb9a8800 JavaThread "Unconstrained build operations Thread 5" [_thread_blocked, id=11824, stack(0x000000f4fa100000,0x000000f4fa200000)]
  0x000002deeb9ac000 JavaThread "Unconstrained build operations Thread 6" [_thread_blocked, id=11752, stack(0x000000f4fa200000,0x000000f4fa300000)]
  0x000002deeb9a6000 JavaThread "Unconstrained build operations Thread 7" [_thread_blocked, id=6400, stack(0x000000f4fa300000,0x000000f4fa400000)]
  0x000002deeb9ac800 JavaThread "Unconstrained build operations Thread 8" [_thread_blocked, id=1824, stack(0x000000f4fa400000,0x000000f4fa500000)]
  0x000002deeb9a7000 JavaThread "Unconstrained build operations Thread 9" [_thread_blocked, id=13404, stack(0x000000f4fa500000,0x000000f4fa600000)]
  0x000002dee9a16000 JavaThread "build event listener" [_thread_blocked, id=10484, stack(0x000000f4fa600000,0x000000f4fa700000)]
  0x000002dee9a14800 JavaThread "C2 CompilerThread1" daemon [_thread_in_native, id=8108, stack(0x000000f4f9500000,0x000000f4f9600000)]
  0x000002dee9a18800 JavaThread "Memory manager" [_thread_blocked, id=13572, stack(0x000000f4f9e00000,0x000000f4f9f00000)]
  0x000002dee9a17800 JavaThread "C2 CompilerThread2" daemon [_thread_in_native, id=12756, stack(0x000000f4fa700000,0x000000f4fa800000)]
  0x000002dee9a12800 JavaThread "Cache worker for Build Output Cleanup Cache (F:\Appink Company\Task\AppWeather\android\.gradle\buildOutputCleanup)" [_thread_blocked, id=10576, stack(0x000000f4fa800000,0x000000f4fa900000)]
  0x000002dee9a13800 JavaThread "ForkJoinPool.commonPool-worker-3" daemon [_thread_blocked, id=3560, stack(0x000000f4fa900000,0x000000f4faa00000)]
  0x000002dee9a19000 JavaThread "ForkJoinPool.commonPool-worker-5" daemon [_thread_blocked, id=11648, stack(0x000000f4faa00000,0x000000f4fab00000)]
  0x000002dee9a1a000 JavaThread "ForkJoinPool.commonPool-worker-7" daemon [_thread_blocked, id=7892, stack(0x000000f4fab00000,0x000000f4fac00000)]
  0x000002dee9a1b000 JavaThread "ForkJoinPool.commonPool-worker-9" daemon [_thread_blocked, id=6316, stack(0x000000f4fac00000,0x000000f4fad00000)]
  0x000002dee9a15000 JavaThread "ForkJoinPool.commonPool-worker-11" daemon [_thread_blocked, id=13424, stack(0x000000f4fad00000,0x000000f4fae00000)]
  0x000002dee9a1c800 JavaThread "ForkJoinPool.commonPool-worker-15" daemon [_thread_blocked, id=9864, stack(0x000000f4fae00000,0x000000f4faf00000)]
  0x000002dee9a1f800 JavaThread "ForkJoinPool.commonPool-worker-13" daemon [_thread_blocked, id=7852, stack(0x000000f4faf00000,0x000000f4fb000000)]

Other Threads:
  0x000002dee7d25000 VMThread "VM Thread" [stack: 0x000000f4f6800000,0x000000f4f6900000] [id=13464]
  0x000002dee89b5000 WatcherThread [stack: 0x000000f4f7300000,0x000000f4f7400000] [id=11084]
  0x000002dec9059800 GCTaskThread "GC Thread#0" [stack: 0x000000f4f6300000,0x000000f4f6400000] [id=13824]
  0x000002dee98cd000 GCTaskThread "GC Thread#1" [stack: 0x000000f4f7400000,0x000000f4f7500000] [id=5916]
  0x000002dee94d6800 GCTaskThread "GC Thread#2" [stack: 0x000000f4f7500000,0x000000f4f7600000] [id=8596]
  0x000002deea247800 GCTaskThread "GC Thread#3" [stack: 0x000000f4f7800000,0x000000f4f7900000] [id=5736]
  0x000002deebfc6800 GCTaskThread "GC Thread#4" [stack: 0x000000f4f8000000,0x000000f4f8100000] [id=2788]
  0x000002deeaa09000 GCTaskThread "GC Thread#5" [stack: 0x000000f4f8100000,0x000000f4f8200000] [id=11692]
  0x000002deeaa0b000 GCTaskThread "GC Thread#6" [stack: 0x000000f4f8200000,0x000000f4f8300000] [id=6220]
  0x000002deeaa0c000 GCTaskThread "GC Thread#7" [stack: 0x000000f4f8300000,0x000000f4f8400000] [id=13384]
  0x000002dec908a000 ConcurrentGCThread "G1 Main Marker" [stack: 0x000000f4f6400000,0x000000f4f6500000] [id=6264]
  0x000002dec908b800 ConcurrentGCThread "G1 Conc#0" [stack: 0x000000f4f6500000,0x000000f4f6600000] [id=7900]
  0x000002deeaa05800 ConcurrentGCThread "G1 Conc#1" [stack: 0x000000f4f8400000,0x000000f4f8500000] [id=2784]
  0x000002dee7b94800 ConcurrentGCThread "G1 Refine#0" [stack: 0x000000f4f6600000,0x000000f4f6700000] [id=13460]
  0x000002dec911d800 ConcurrentGCThread "G1 Young RemSet Sampling" [stack: 0x000000f4f6700000,0x000000f4f6800000] [id=5900]

Threads with active compile tasks:
C2 CompilerThread07905       4       sun.invoke.util.VerifyAccess::isClassAccessible (182 bytes)
C2 CompilerThread17698 %     4       org.gradle.internal.instantiation.generator.AbstractClassGenerator::inspectType @ 250 (560 bytes)
C2 CompilerThread27767   !   4       java.io.ObjectOutputStream::writeObject0 (619 bytes)

VM state:not at safepoint (normal execution)

VM Mutex/Monitor currently owned by a thread: None

Heap address: 0x0000000080000000, size: 2048 MB, Compressed Oops mode: 32-bit
Narrow klass base: 0x0000000000000000, Narrow klass shift: 3
Compressed class space size: 528482304 Address: 0x0000000100000000

Heap:
 garbage-first heap   total 131072K, used 103352K [0x0000000080000000, 0x0000000100000000)
  region size 1024K, 45 young (46080K), 6 survivors (6144K)
 Metaspace       used 76764K, capacity 79596K, committed 79696K, reserved 585728K
  class space    used 10268K, capacity 11406K, committed 11424K, reserved 516096K
Heap Regions: E=young(eden), S=young(survivor), O=old, HS=humongous(starts), HC=humongous(continues), CS=collection set, F=free, A=archive, TAMS=top-at-mark-start (previous, next)
|   0|0x0000000080000000, 0x0000000080100000, 0x0000000080100000|100%|HS|  |TAMS 0x0000000080100000, 0x0000000080000000| Complete 
|   1|0x0000000080100000, 0x0000000080200000, 0x0000000080200000|100%|HC|  |TAMS 0x0000000080200000, 0x0000000080100000| Complete 
|   2|0x0000000080200000, 0x0000000080300000, 0x0000000080300000|100%|HC|  |TAMS 0x0000000080300000, 0x0000000080200000| Complete 
|   3|0x0000000080300000, 0x0000000080400000, 0x0000000080400000|100%|HC|  |TAMS 0x0000000080400000, 0x0000000080300000| Complete 
|   4|0x0000000080400000, 0x0000000080500000, 0x0000000080500000|100%| O|  |TAMS 0x0000000080500000, 0x0000000080400000| Untracked 
|   5|0x0000000080500000, 0x0000000080600000, 0x0000000080600000|100%| O|  |TAMS 0x0000000080600000, 0x0000000080500000| Untracked 
|   6|0x0000000080600000, 0x0000000080700000, 0x0000000080700000|100%| O|  |TAMS 0x0000000080700000, 0x0000000080600000| Untracked 
|   7|0x0000000080700000, 0x0000000080800000, 0x0000000080800000|100%| O|  |TAMS 0x0000000080800000, 0x0000000080700000| Untracked 
|   8|0x0000000080800000, 0x0000000080900000, 0x0000000080900000|100%| O|  |TAMS 0x0000000080900000, 0x0000000080800000| Untracked 
|   9|0x0000000080900000, 0x0000000080a00000, 0x0000000080a00000|100%| O|  |TAMS 0x0000000080a00000, 0x0000000080900000| Untracked 
|  10|0x0000000080a00000, 0x0000000080b00000, 0x0000000080b00000|100%| O|  |TAMS 0x0000000080b00000, 0x0000000080a00000| Untracked 
|  11|0x0000000080b00000, 0x0000000080c00000, 0x0000000080c00000|100%| O|  |TAMS 0x0000000080c00000, 0x0000000080b00000| Untracked 
|  12|0x0000000080c00000, 0x0000000080d00000, 0x0000000080d00000|100%| O|  |TAMS 0x0000000080d00000, 0x0000000080c00000| Untracked 
|  13|0x0000000080d00000, 0x0000000080e00000, 0x0000000080e00000|100%| O|  |TAMS 0x0000000080e00000, 0x0000000080d00000| Untracked 
|  14|0x0000000080e00000, 0x0000000080f00000, 0x0000000080f00000|100%| O|  |TAMS 0x0000000080f00000, 0x0000000080e00000| Untracked 
|  15|0x0000000080f00000, 0x0000000081000000, 0x0000000081000000|100%| O|  |TAMS 0x0000000081000000, 0x0000000080f00000| Untracked 
|  16|0x0000000081000000, 0x0000000081100000, 0x0000000081100000|100%| O|  |TAMS 0x0000000081100000, 0x0000000081000000| Untracked 
|  17|0x0000000081100000, 0x0000000081200000, 0x0000000081200000|100%| O|  |TAMS 0x0000000081200000, 0x0000000081100000| Untracked 
|  18|0x0000000081200000, 0x0000000081300000, 0x0000000081300000|100%| O|  |TAMS 0x0000000081300000, 0x0000000081200000| Untracked 
|  19|0x0000000081300000, 0x0000000081400000, 0x0000000081400000|100%| O|  |TAMS 0x0000000081400000, 0x0000000081300000| Untracked 
|  20|0x0000000081400000, 0x0000000081500000, 0x0000000081500000|100%| O|  |TAMS 0x0000000081500000, 0x0000000081400000| Untracked 
|  21|0x0000000081500000, 0x0000000081600000, 0x0000000081600000|100%| O|  |TAMS 0x0000000081600000, 0x0000000081500000| Untracked 
|  22|0x0000000081600000, 0x0000000081700000, 0x0000000081700000|100%| O|  |TAMS 0x0000000081700000, 0x0000000081600000| Untracked 
|  23|0x0000000081700000, 0x0000000081800000, 0x0000000081800000|100%| O|  |TAMS 0x0000000081800000, 0x0000000081700000| Untracked 
|  24|0x0000000081800000, 0x0000000081900000, 0x0000000081900000|100%| O|  |TAMS 0x0000000081900000, 0x0000000081800000| Untracked 
|  25|0x0000000081900000, 0x0000000081a00000, 0x0000000081a00000|100%| O|  |TAMS 0x0000000081a00000, 0x0000000081900000| Untracked 
|  26|0x0000000081a00000, 0x0000000081b00000, 0x0000000081b00000|100%| O|  |TAMS 0x0000000081b00000, 0x0000000081a00000| Untracked 
|  27|0x0000000081b00000, 0x0000000081c00000, 0x0000000081c00000|100%| O|  |TAMS 0x0000000081c00000, 0x0000000081b00000| Untracked 
|  28|0x0000000081c00000, 0x0000000081d00000, 0x0000000081d00000|100%| O|  |TAMS 0x0000000081d00000, 0x0000000081c00000| Untracked 
|  29|0x0000000081d00000, 0x0000000081e00000, 0x0000000081e00000|100%| O|  |TAMS 0x0000000081e00000, 0x0000000081d00000| Untracked 
|  30|0x0000000081e00000, 0x0000000081f00000, 0x0000000081f00000|100%| O|  |TAMS 0x0000000081f00000, 0x0000000081e00000| Untracked 
|  31|0x0000000081f00000, 0x0000000082000000, 0x0000000082000000|100%| O|  |TAMS 0x0000000082000000, 0x0000000081f00000| Untracked 
|  32|0x0000000082000000, 0x0000000082100000, 0x0000000082100000|100%| O|  |TAMS 0x0000000082100000, 0x0000000082000000| Untracked 
|  33|0x0000000082100000, 0x0000000082200000, 0x0000000082200000|100%| O|  |TAMS 0x0000000082154400, 0x0000000082100000| Untracked 
|  34|0x0000000082200000, 0x0000000082300000, 0x0000000082300000|100%|HS|  |TAMS 0x0000000082200000, 0x0000000082200000| Complete 
|  35|0x0000000082300000, 0x0000000082400000, 0x0000000082400000|100%|HC|  |TAMS 0x0000000082300000, 0x0000000082300000| Complete 
|  36|0x0000000082400000, 0x0000000082500000, 0x0000000082500000|100%|HS|  |TAMS 0x0000000082400000, 0x0000000082400000| Complete 
|  37|0x0000000082500000, 0x0000000082600000, 0x0000000082600000|100%|HC|  |TAMS 0x0000000082500000, 0x0000000082500000| Complete 
|  38|0x0000000082600000, 0x0000000082700000, 0x0000000082700000|100%|HS|  |TAMS 0x0000000082600000, 0x0000000082600000| Complete 
|  39|0x0000000082700000, 0x0000000082800000, 0x0000000082800000|100%|HC|  |TAMS 0x0000000082700000, 0x0000000082700000| Complete 
|  40|0x0000000082800000, 0x0000000082900000, 0x0000000082900000|100%|HC|  |TAMS 0x0000000082800000, 0x0000000082800000| Complete 
|  41|0x0000000082900000, 0x0000000082a00000, 0x0000000082a00000|100%|HC|  |TAMS 0x0000000082900000, 0x0000000082900000| Complete 
|  42|0x0000000082a00000, 0x0000000082b00000, 0x0000000082b00000|100%|HS|  |TAMS 0x0000000082a00000, 0x0000000082a00000| Complete 
|  43|0x0000000082b00000, 0x0000000082c00000, 0x0000000082c00000|100%|HC|  |TAMS 0x0000000082b00000, 0x0000000082b00000| Complete 
|  44|0x0000000082c00000, 0x0000000082d00000, 0x0000000082d00000|100%|HC|  |TAMS 0x0000000082c00000, 0x0000000082c00000| Complete 
|  45|0x0000000082d00000, 0x0000000082e00000, 0x0000000082e00000|100%|HC|  |TAMS 0x0000000082d00000, 0x0000000082d00000| Complete 
|  46|0x0000000082e00000, 0x0000000082f00000, 0x0000000082f00000|100%| O|  |TAMS 0x0000000082e00000, 0x0000000082e00000| Untracked 
|  47|0x0000000082f00000, 0x0000000083000000, 0x0000000083000000|100%| O|  |TAMS 0x0000000082f00000, 0x0000000082f00000| Untracked 
|  48|0x0000000083000000, 0x0000000083100000, 0x0000000083100000|100%| O|  |TAMS 0x0000000083000000, 0x0000000083000000| Untracked 
|  49|0x0000000083100000, 0x0000000083200000, 0x0000000083200000|100%| O|  |TAMS 0x0000000083100000, 0x0000000083100000| Untracked 
|  50|0x0000000083200000, 0x0000000083300000, 0x0000000083300000|100%| O|  |TAMS 0x0000000083200000, 0x0000000083200000| Untracked 
|  51|0x0000000083300000, 0x0000000083400000, 0x0000000083400000|100%| O|  |TAMS 0x0000000083300000, 0x0000000083300000| Untracked 
|  52|0x0000000083400000, 0x0000000083500000, 0x0000000083500000|100%| O|  |TAMS 0x0000000083400000, 0x0000000083400000| Untracked 
|  53|0x0000000083500000, 0x0000000083600000, 0x0000000083600000|100%| O|  |TAMS 0x0000000083500000, 0x0000000083500000| Untracked 
|  54|0x0000000083600000, 0x0000000083700000, 0x0000000083700000|100%| O|  |TAMS 0x0000000083600000, 0x0000000083600000| Untracked 
|  55|0x0000000083700000, 0x0000000083800000, 0x0000000083800000|100%| O|  |TAMS 0x0000000083700000, 0x0000000083700000| Untracked 
|  56|0x0000000083800000, 0x00000000838f6600, 0x0000000083900000| 96%| O|  |TAMS 0x0000000083800000, 0x0000000083800000| Untracked 
|  57|0x0000000083900000, 0x0000000083900000, 0x0000000083a00000|  0%| F|  |TAMS 0x0000000083900000, 0x0000000083900000| Untracked 
|  58|0x0000000083a00000, 0x0000000083a00000, 0x0000000083b00000|  0%| F|  |TAMS 0x0000000083a00000, 0x0000000083a00000| Untracked 
|  59|0x0000000083b00000, 0x0000000083b00000, 0x0000000083c00000|  0%| F|  |TAMS 0x0000000083b00000, 0x0000000083b00000| Untracked 
|  60|0x0000000083c00000, 0x0000000083c00000, 0x0000000083d00000|  0%| F|  |TAMS 0x0000000083c00000, 0x0000000083c00000| Untracked 
|  61|0x0000000083d00000, 0x0000000083d00000, 0x0000000083e00000|  0%| F|  |TAMS 0x0000000083d00000, 0x0000000083d00000| Untracked 
|  62|0x0000000083e00000, 0x0000000083e00000, 0x0000000083f00000|  0%| F|  |TAMS 0x0000000083e00000, 0x0000000083e00000| Untracked 
|  63|0x0000000083f00000, 0x0000000083f00000, 0x0000000084000000|  0%| F|  |TAMS 0x0000000083f00000, 0x0000000083f00000| Untracked 
|  64|0x0000000084000000, 0x0000000084000000, 0x0000000084100000|  0%| F|  |TAMS 0x0000000084000000, 0x0000000084000000| Untracked 
|  65|0x0000000084100000, 0x0000000084100000, 0x0000000084200000|  0%| F|  |TAMS 0x0000000084100000, 0x0000000084100000| Untracked 
|  66|0x0000000084200000, 0x0000000084200000, 0x0000000084300000|  0%| F|  |TAMS 0x0000000084200000, 0x0000000084200000| Untracked 
|  67|0x0000000084300000, 0x0000000084300000, 0x0000000084400000|  0%| F|  |TAMS 0x0000000084300000, 0x0000000084300000| Untracked 
|  68|0x0000000084400000, 0x0000000084400000, 0x0000000084500000|  0%| F|  |TAMS 0x0000000084400000, 0x0000000084400000| Untracked 
|  69|0x0000000084500000, 0x0000000084500000, 0x0000000084600000|  0%| F|  |TAMS 0x0000000084500000, 0x0000000084500000| Untracked 
|  70|0x0000000084600000, 0x0000000084600000, 0x0000000084700000|  0%| F|  |TAMS 0x0000000084600000, 0x0000000084600000| Untracked 
|  71|0x0000000084700000, 0x00000000847f7b20, 0x0000000084800000| 96%| S|CS|TAMS 0x0000000084700000, 0x0000000084700000| Complete 
|  72|0x0000000084800000, 0x0000000084900000, 0x0000000084900000|100%| S|CS|TAMS 0x0000000084800000, 0x0000000084800000| Complete 
|  73|0x0000000084900000, 0x0000000084a00000, 0x0000000084a00000|100%| S|CS|TAMS 0x0000000084900000, 0x0000000084900000| Complete 
|  74|0x0000000084a00000, 0x0000000084a00000, 0x0000000084b00000|  0%| F|  |TAMS 0x0000000084a00000, 0x0000000084a00000| Untracked 
|  75|0x0000000084b00000, 0x0000000084b00000, 0x0000000084c00000|  0%| F|  |TAMS 0x0000000084b00000, 0x0000000084b00000| Untracked 
|  76|0x0000000084c00000, 0x0000000084c00000, 0x0000000084d00000|  0%| F|  |TAMS 0x0000000084c00000, 0x0000000084c00000| Untracked 
|  77|0x0000000084d00000, 0x0000000084d00000, 0x0000000084e00000|  0%| F|  |TAMS 0x0000000084d00000, 0x0000000084d00000| Untracked 
|  78|0x0000000084e00000, 0x0000000084e00000, 0x0000000084f00000|  0%| F|  |TAMS 0x0000000084e00000, 0x0000000084e00000| Untracked 
|  79|0x0000000084f00000, 0x0000000085000000, 0x0000000085000000|100%| S|CS|TAMS 0x0000000084f00000, 0x0000000084f00000| Complete 
|  80|0x0000000085000000, 0x0000000085100000, 0x0000000085100000|100%| S|CS|TAMS 0x0000000085000000, 0x0000000085000000| Complete 
|  81|0x0000000085100000, 0x0000000085200000, 0x0000000085200000|100%| S|CS|TAMS 0x0000000085100000, 0x0000000085100000| Complete 
|  82|0x0000000085200000, 0x0000000085200000, 0x0000000085300000|  0%| F|  |TAMS 0x0000000085200000, 0x0000000085200000| Untracked 
|  83|0x0000000085300000, 0x0000000085300000, 0x0000000085400000|  0%| F|  |TAMS 0x0000000085300000, 0x0000000085300000| Untracked 
|  84|0x0000000085400000, 0x0000000085400000, 0x0000000085500000|  0%| F|  |TAMS 0x0000000085400000, 0x0000000085400000| Untracked 
|  85|0x0000000085500000, 0x0000000085500000, 0x0000000085600000|  0%| F|  |TAMS 0x0000000085500000, 0x0000000085500000| Untracked 
|  86|0x0000000085600000, 0x0000000085600000, 0x0000000085700000|  0%| F|  |TAMS 0x0000000085600000, 0x0000000085600000| Untracked 
|  87|0x0000000085700000, 0x0000000085700000, 0x0000000085800000|  0%| F|  |TAMS 0x0000000085700000, 0x0000000085700000| Untracked 
|  88|0x0000000085800000, 0x0000000085800000, 0x0000000085900000|  0%| F|  |TAMS 0x0000000085800000, 0x0000000085800000| Untracked 
|  89|0x0000000085900000, 0x000000008592b548, 0x0000000085a00000| 16%| E|  |TAMS 0x0000000085900000, 0x0000000085900000| Complete 
|  90|0x0000000085a00000, 0x0000000085b00000, 0x0000000085b00000|100%| E|CS|TAMS 0x0000000085a00000, 0x0000000085a00000| Complete 
|  91|0x0000000085b00000, 0x0000000085c00000, 0x0000000085c00000|100%| E|CS|TAMS 0x0000000085b00000, 0x0000000085b00000| Complete 
|  92|0x0000000085c00000, 0x0000000085d00000, 0x0000000085d00000|100%| E|CS|TAMS 0x0000000085c00000, 0x0000000085c00000| Complete 
|  93|0x0000000085d00000, 0x0000000085e00000, 0x0000000085e00000|100%| E|CS|TAMS 0x0000000085d00000, 0x0000000085d00000| Complete 
|  94|0x0000000085e00000, 0x0000000085f00000, 0x0000000085f00000|100%| E|CS|TAMS 0x0000000085e00000, 0x0000000085e00000| Complete 
|  95|0x0000000085f00000, 0x0000000086000000, 0x0000000086000000|100%| E|CS|TAMS 0x0000000085f00000, 0x0000000085f00000| Complete 
|  96|0x0000000086000000, 0x0000000086100000, 0x0000000086100000|100%| E|CS|TAMS 0x0000000086000000, 0x0000000086000000| Complete 
|  97|0x0000000086100000, 0x0000000086200000, 0x0000000086200000|100%| E|CS|TAMS 0x0000000086100000, 0x0000000086100000| Complete 
|  98|0x0000000086200000, 0x0000000086300000, 0x0000000086300000|100%| E|CS|TAMS 0x0000000086200000, 0x0000000086200000| Complete 
|  99|0x0000000086300000, 0x0000000086400000, 0x0000000086400000|100%| E|CS|TAMS 0x0000000086300000, 0x0000000086300000| Complete 
| 100|0x0000000086400000, 0x0000000086500000, 0x0000000086500000|100%| E|CS|TAMS 0x0000000086400000, 0x0000000086400000| Complete 
| 101|0x0000000086500000, 0x0000000086600000, 0x0000000086600000|100%| E|CS|TAMS 0x0000000086500000, 0x0000000086500000| Complete 
| 102|0x0000000086600000, 0x0000000086700000, 0x0000000086700000|100%| E|CS|TAMS 0x0000000086600000, 0x0000000086600000| Complete 
| 103|0x0000000086700000, 0x0000000086800000, 0x0000000086800000|100%| E|CS|TAMS 0x0000000086700000, 0x0000000086700000| Complete 
| 104|0x0000000086800000, 0x0000000086900000, 0x0000000086900000|100%| E|CS|TAMS 0x0000000086800000, 0x0000000086800000| Complete 
| 105|0x0000000086900000, 0x0000000086a00000, 0x0000000086a00000|100%| E|CS|TAMS 0x0000000086900000, 0x0000000086900000| Complete 
| 106|0x0000000086a00000, 0x0000000086b00000, 0x0000000086b00000|100%| E|CS|TAMS 0x0000000086a00000, 0x0000000086a00000| Complete 
| 107|0x0000000086b00000, 0x0000000086c00000, 0x0000000086c00000|100%| E|CS|TAMS 0x0000000086b00000, 0x0000000086b00000| Complete 
| 108|0x0000000086c00000, 0x0000000086d00000, 0x0000000086d00000|100%| E|CS|TAMS 0x0000000086c00000, 0x0000000086c00000| Complete 
| 109|0x0000000086d00000, 0x0000000086e00000, 0x0000000086e00000|100%| E|CS|TAMS 0x0000000086d00000, 0x0000000086d00000| Complete 
| 110|0x0000000086e00000, 0x0000000086f00000, 0x0000000086f00000|100%| E|CS|TAMS 0x0000000086e00000, 0x0000000086e00000| Complete 
| 111|0x0000000086f00000, 0x0000000087000000, 0x0000000087000000|100%| E|CS|TAMS 0x0000000086f00000, 0x0000000086f00000| Complete 
| 112|0x0000000087000000, 0x0000000087100000, 0x0000000087100000|100%| E|CS|TAMS 0x0000000087000000, 0x0000000087000000| Complete 
| 113|0x0000000087100000, 0x0000000087200000, 0x0000000087200000|100%| E|CS|TAMS 0x0000000087100000, 0x0000000087100000| Complete 
| 114|0x0000000087200000, 0x0000000087300000, 0x0000000087300000|100%| E|CS|TAMS 0x0000000087200000, 0x0000000087200000| Complete 
| 115|0x0000000087300000, 0x0000000087400000, 0x0000000087400000|100%| E|CS|TAMS 0x0000000087300000, 0x0000000087300000| Complete 
| 116|0x0000000087400000, 0x0000000087500000, 0x0000000087500000|100%| E|CS|TAMS 0x0000000087400000, 0x0000000087400000| Complete 
| 117|0x0000000087500000, 0x0000000087600000, 0x0000000087600000|100%| E|CS|TAMS 0x0000000087500000, 0x0000000087500000| Complete 
| 118|0x0000000087600000, 0x0000000087700000, 0x0000000087700000|100%| E|CS|TAMS 0x0000000087600000, 0x0000000087600000| Complete 
| 119|0x0000000087700000, 0x0000000087800000, 0x0000000087800000|100%| E|CS|TAMS 0x0000000087700000, 0x0000000087700000| Complete 
| 120|0x0000000087800000, 0x0000000087900000, 0x0000000087900000|100%| E|CS|TAMS 0x0000000087800000, 0x0000000087800000| Complete 
| 121|0x0000000087900000, 0x0000000087a00000, 0x0000000087a00000|100%| E|CS|TAMS 0x0000000087900000, 0x0000000087900000| Complete 
| 122|0x0000000087a00000, 0x0000000087b00000, 0x0000000087b00000|100%| E|CS|TAMS 0x0000000087a00000, 0x0000000087a00000| Complete 
| 123|0x0000000087b00000, 0x0000000087c00000, 0x0000000087c00000|100%| E|CS|TAMS 0x0000000087b00000, 0x0000000087b00000| Complete 
| 124|0x0000000087c00000, 0x0000000087d00000, 0x0000000087d00000|100%| E|CS|TAMS 0x0000000087c00000, 0x0000000087c00000| Complete 
| 125|0x0000000087d00000, 0x0000000087e00000, 0x0000000087e00000|100%| E|CS|TAMS 0x0000000087d00000, 0x0000000087d00000| Complete 
| 126|0x0000000087e00000, 0x0000000087f00000, 0x0000000087f00000|100%| E|CS|TAMS 0x0000000087e00000, 0x0000000087e00000| Complete 
| 127|0x0000000087f00000, 0x0000000088000000, 0x0000000088000000|100%| E|CS|TAMS 0x0000000087f00000, 0x0000000087f00000| Complete 

Card table byte_map: [0x000002dee0b00000,0x000002dee0f00000] _byte_map_base: 0x000002dee0700000

Marking Bits (Prev, Next): (CMBitMap*) 0x000002dec9081540, (CMBitMap*) 0x000002dec9081508
 Prev Bits: [0x000002dee3300000, 0x000002dee5300000)
 Next Bits: [0x000002dee1300000, 0x000002dee3300000)

Polling page: 0x000002dec8820000

Metaspace:

Usage:
  Non-class:     66.59 MB capacity,    64.94 MB ( 98%) used,     1.36 MB (  2%) free+waste,   300.19 KB ( <1%) overhead. 
      Class:     11.14 MB capacity,    10.03 MB ( 90%) used,   991.76 KB (  9%) free+waste,   145.63 KB (  1%) overhead. 
       Both:     77.73 MB capacity,    74.97 MB ( 96%) used,     2.33 MB (  3%) free+waste,   445.81 KB ( <1%) overhead. 

Virtual space:
  Non-class space:       68.00 MB reserved,      66.67 MB ( 98%) committed 
      Class space:      504.00 MB reserved,      11.16 MB (  2%) committed 
             Both:      572.00 MB reserved,      77.83 MB ( 14%) committed 

Chunk freelists:
   Non-Class:  0 bytes
       Class:  0 bytes
        Both:  0 bytes

CodeHeap 'non-profiled nmethods': size=120000Kb used=5017Kb max_used=5017Kb free=114983Kb
 bounds [0x000002ded8ea0000, 0x000002ded9390000, 0x000002dee03d0000]
CodeHeap 'profiled nmethods': size=120000Kb used=16689Kb max_used=16689Kb free=103310Kb
 bounds [0x000002ded1970000, 0x000002ded29d0000, 0x000002ded8ea0000]
CodeHeap 'non-nmethods': size=5760Kb used=2277Kb max_used=2331Kb free=3482Kb
 bounds [0x000002ded13d0000, 0x000002ded1640000, 0x000002ded1970000]
 total_blobs=10647 nmethods=7679 adapters=782
 compilation: enabled
              stopped_count=0, restarted_count=0
 full_count=0

Compilation events (10 events):
Event: 27.394 Thread 0x000002dee7d4b800 7953       1       org.gradle.api.internal.provider.DefaultValueSourceProviderFactory::access$200 (5 bytes)
Event: 27.394 Thread 0x000002dee7d4b800 nmethod 7953 0x000002ded9386090 code [0x000002ded9386240, 0x000002ded9386338]
Event: 27.395 Thread 0x000002dee7d4b800 7955       3       org.gradle.internal.reflect.ClassInspector::visitGraph (98 bytes)
Event: 27.398 Thread 0x000002dee7d4b800 nmethod 7955 0x000002ded29bbb90 code [0x000002ded29bbee0, 0x000002ded29bd3b0]
Event: 27.402 Thread 0x000002dee7d4b800 7956       3       java.lang.reflect.Constructor::getTypeParameters (20 bytes)
Event: 27.405 Thread 0x000002dee7d4b800 nmethod 7956 0x000002ded29bdb90 code [0x000002ded29bde60, 0x000002ded29bf120]
Event: 27.406 Thread 0x000002dee7d4b800 7957       3       org.gradle.api.internal.provider.ValueState::finalizeOnReadIfNeeded (23 bytes)
Event: 27.406 Thread 0x000002dee7d4b800 nmethod 7957 0x000002ded29bf710 code [0x000002ded29bf900, 0x000002ded29bfcf0]
Event: 27.411 Thread 0x000002dee7d4b800 7958       3       java.io.ExpiringCache::entryFor (57 bytes)
Event: 27.411 Thread 0x000002dee7d4b800 nmethod 7958 0x000002ded29bfe10 code [0x000002ded29c0000, 0x000002ded29c0520]

GC Heap History (10 events):
Event: 22.918 GC heap before
{Heap before GC invocations=14 (full 0):
 garbage-first heap   total 131072K, used 113337K [0x0000000080000000, 0x0000000100000000)
  region size 1024K, 66 young (67584K), 7 survivors (7168K)
 Metaspace       used 62834K, capacity 65079K, committed 65232K, reserved 573440K
  class space    used 8359K, capacity 9209K, committed 9248K, reserved 516096K
}
Event: 22.927 GC heap after
{Heap after GC invocations=15 (full 0):
 garbage-first heap   total 131072K, used 56911K [0x0000000080000000, 0x0000000100000000)
  region size 1024K, 9 young (9216K), 9 survivors (9216K)
 Metaspace       used 62834K, capacity 65079K, committed 65232K, reserved 573440K
  class space    used 8359K, capacity 9209K, committed 9248K, reserved 516096K
}
Event: 23.408 GC heap before
{Heap before GC invocations=15 (full 0):
 garbage-first heap   total 131072K, used 106063K [0x0000000080000000, 0x0000000100000000)
  region size 1024K, 57 young (58368K), 9 survivors (9216K)
 Metaspace       used 66086K, capacity 68343K, committed 68560K, reserved 575488K
  class space    used 8769K, capacity 9657K, committed 9760K, reserved 516096K
}
Event: 23.417 GC heap after
{Heap after GC invocations=16 (full 0):
 garbage-first heap   total 131072K, used 58778K [0x0000000080000000, 0x0000000100000000)
  region size 1024K, 7 young (7168K), 7 survivors (7168K)
 Metaspace       used 66086K, capacity 68343K, committed 68560K, reserved 575488K
  class space    used 8769K, capacity 9657K, committed 9760K, reserved 516096K
}
Event: 24.184 GC heap before
{Heap before GC invocations=16 (full 0):
 garbage-first heap   total 131072K, used 105882K [0x0000000080000000, 0x0000000100000000)
  region size 1024K, 53 young (54272K), 7 survivors (7168K)
 Metaspace       used 69421K, capacity 71761K, committed 71888K, reserved 579584K
  class space    used 9316K, capacity 10265K, committed 10272K, reserved 516096K
}
Event: 24.190 GC heap after
{Heap after GC invocations=17 (full 0):
 garbage-first heap   total 131072K, used 60540K [0x0000000080000000, 0x0000000100000000)
  region size 1024K, 4 young (4096K), 4 survivors (4096K)
 Metaspace       used 69421K, capacity 71761K, committed 71888K, reserved 579584K
  class space    used 9316K, capacity 10265K, committed 10272K, reserved 516096K
}
Event: 25.041 GC heap before
{Heap before GC invocations=17 (full 0):
 garbage-first heap   total 131072K, used 107644K [0x0000000080000000, 0x0000000100000000)
  region size 1024K, 51 young (52224K), 4 survivors (4096K)
 Metaspace       used 72276K, capacity 74762K, committed 74832K, reserved 581632K
  class space    used 9687K, capacity 10638K, committed 10656K, reserved 516096K
}
Event: 25.046 GC heap after
{Heap after GC invocations=18 (full 0):
 garbage-first heap   total 131072K, used 61432K [0x0000000080000000, 0x0000000100000000)
  region size 1024K, 5 young (5120K), 5 survivors (5120K)
 Metaspace       used 72276K, capacity 74762K, committed 74832K, reserved 581632K
  class space    used 9687K, capacity 10638K, committed 10656K, reserved 516096K
}
Event: 26.367 GC heap before
{Heap before GC invocations=18 (full 0):
 garbage-first heap   total 131072K, used 107512K [0x0000000080000000, 0x0000000100000000)
  region size 1024K, 51 young (52224K), 5 survivors (5120K)
 Metaspace       used 74285K, capacity 77033K, committed 77136K, reserved 583680K
  class space    used 9951K, capacity 11080K, committed 11168K, reserved 516096K
}
Event: 26.375 GC heap after
{Heap after GC invocations=19 (full 0):
 garbage-first heap   total 131072K, used 64440K [0x0000000080000000, 0x0000000100000000)
  region size 1024K, 6 young (6144K), 6 survivors (6144K)
 Metaspace       used 74285K, capacity 77033K, committed 77136K, reserved 583680K
  class space    used 9951K, capacity 11080K, committed 11168K, reserved 516096K
}

Deoptimization events (10 events):
Event: 26.993 Thread 0x000002deeb72f000 Uncommon trap: reason=bimorphic_or_optimized_type_check action=maybe_recompile pc=0x000002ded934de28 method=com.google.common.collect.ImmutableList.copyOf(Ljava/util/Collection;)Lcom/google/common/collect/ImmutableList; @ 16 c2
Event: 27.072 Thread 0x000002deeb72f000 Uncommon trap: reason=bimorphic_or_optimized_type_check action=maybe_recompile pc=0x000002ded9176f0c method=com.google.common.collect.AbstractIndexedListIterator.next()Ljava/lang/Object; @ 27 c2
Event: 27.346 Thread 0x000002deeb72f000 Uncommon trap: reason=bimorphic_or_optimized_type_check action=maybe_recompile pc=0x000002ded9176f0c method=com.google.common.collect.AbstractIndexedListIterator.next()Ljava/lang/Object; @ 27 c2
Event: 27.359 Thread 0x000002deeb72f000 Uncommon trap: reason=unstable_if action=reinterpret pc=0x000002ded925f2bc method=org.gradle.internal.reflect.PropertyAccessorType.isSetterName(Ljava/lang/String;)Z @ 14 c2
Event: 27.375 Thread 0x000002deeb72f000 Uncommon trap: reason=unstable_if action=reinterpret pc=0x000002ded913ef20 method=java.util.stream.AbstractPipeline.evaluate(Ljava/util/stream/TerminalOp;)Ljava/lang/Object; @ 53 c2
Event: 27.375 Thread 0x000002deeb72f000 Uncommon trap: reason=unstable_if action=reinterpret pc=0x000002ded8f3e028 method=java.util.stream.AbstractPipeline.sourceSpliterator(I)Ljava/util/Spliterator; @ 82 c2
Event: 27.382 Thread 0x000002dee9a19000 Uncommon trap: reason=unstable_if action=reinterpret pc=0x000002ded91bb070 method=java.lang.ThreadLocal.get()Ljava/lang/Object; @ 11 c2
Event: 27.382 Thread 0x000002dee9a19000 Uncommon trap: reason=unstable_if action=reinterpret pc=0x000002ded937d208 method=java.lang.ThreadLocal.setInitialValue()Ljava/lang/Object; @ 16 c2
Event: 27.382 Thread 0x000002dee9a13800 Uncommon trap: reason=unstable_if action=reinterpret pc=0x000002ded937d208 method=java.lang.ThreadLocal.setInitialValue()Ljava/lang/Object; @ 16 c2
Event: 27.398 Thread 0x000002dee9a1c800 Uncommon trap: reason=unstable_if action=reinterpret pc=0x000002ded937571c method=java.util.HashMap$HashMapSpliterator.getFence()I @ 37 c2

Classes redefined (0 events):
No events

Internal exceptions (10 events):
Event: 26.138 Thread 0x000002deeb72f000 Exception <a 'java/lang/ClassNotFoundException'{0x0000000085854080}: org/gradle/api/internal/artifacts/dsl/DefaultRepositoryHandler_DecoratedCustomizer> (0x0000000085854080) thrown at [t:/workspace/open/src/hotspot/share/classfile/systemDictionary.cpp, li
Event: 26.154 Thread 0x000002deeb72f000 Exception <a 'java/lang/ClassNotFoundException'{0x000000008573e3f0}: org/gradle/api/internal/artifacts/dsl/dependencies/DefaultDependencyHandler_DecoratedBeanInfo> (0x000000008573e3f0) thrown at [t:/workspace/open/src/hotspot/share/classfile/systemDiction
Event: 26.155 Thread 0x000002deeb72f000 Exception <a 'java/lang/ClassNotFoundException'{0x00000000857841e0}: org/gradle/api/internal/artifacts/dsl/dependencies/DefaultDependencyHandlerBeanInfo> (0x00000000857841e0) thrown at [t:/workspace/open/src/hotspot/share/classfile/systemDictionary.cpp, l
Event: 26.157 Thread 0x000002deeb72f000 Exception <a 'java/lang/ClassNotFoundException'{0x00000000857c9750}: org/gradle/api/internal/artifacts/dsl/dependencies/DefaultDependencyHandlerCustomizer> (0x00000000857c9750) thrown at [t:/workspace/open/src/hotspot/share/classfile/systemDictionary.cpp,
Event: 26.170 Thread 0x000002deeb72f000 Exception <a 'java/lang/ClassNotFoundException'{0x0000000085638ba8}: org/gradle/api/internal/artifacts/dsl/dependencies/DefaultDependencyHandler_DecoratedCustomizer> (0x0000000085638ba8) thrown at [t:/workspace/open/src/hotspot/share/classfile/systemDicti
Event: 27.364 Thread 0x000002deeb72f000 Exception <a 'java/lang/NoSuchMethodError'{0x0000000085c9f918}: java.lang.invoke.DirectMethodHandle$Holder.invokeStatic(Ljava/lang/Object;Ljava/lang/Object;Ljava/lang/Object;Ljava/lang/Object;Ljava/lang/Object;Ljava/lang/Object;I)Ljava/lang/Object;> (0x00
Event: 27.364 Thread 0x000002deeb72f000 Exception <a 'java/lang/NoSuchMethodError'{0x0000000085ca4920}: java.lang.invoke.DirectMethodHandle$Holder.invokeSpecial(Ljava/lang/Object;Ljava/lang/Object;Ljava/lang/Object;Ljava/lang/Object;Ljava/lang/Object;Ljava/lang/Object;Ljava/lang/Object;I)Ljava/
Event: 27.364 Thread 0x000002deeb72f000 Exception <a 'java/lang/NoSuchMethodError'{0x0000000085ca97b8}: java.lang.invoke.Invokers$Holder.linkToTargetMethod(Ljava/lang/Object;Ljava/lang/Object;Ljava/lang/Object;Ljava/lang/Object;Ljava/lang/Object;ILjava/lang/Object;)Ljava/lang/Object;> (0x000000
Event: 27.382 Thread 0x000002dee9a19000 Implicit null exception at 0x000002ded91bae8d to 0x000002ded91bb066
Event: 27.398 Thread 0x000002dee9a1c800 Implicit null exception at 0x000002ded93756eb to 0x000002ded937570e

Events (10 events):
Event: 27.409 loading class org/gradle/internal/jvm/inspection/JavaInstallationRegistry
Event: 27.409 loading class org/gradle/internal/jvm/inspection/JavaInstallationRegistry done
Event: 27.413 loading class org/gradle/internal/jvm/inspection/MetadataProbe
Event: 27.413 loading class org/gradle/internal/jvm/inspection/MetadataProbe done
Event: 27.414 loading class com/google/common/base/Supplier
Event: 27.414 loading class com/google/common/base/Supplier done
Event: 27.415 loading class org/gradle/internal/jvm/inspection/MetadataProbe$1
Event: 27.415 loading class org/gradle/internal/jvm/inspection/MetadataProbe$1 done
Event: 27.416 loading class org/gradle/internal/ErroringAction
Event: 27.416 loading class org/gradle/internal/ErroringAction done


Dynamic libraries:
0x00007ff6478a0000 - 0x00007ff6478e7000 	C:\Program Files\Java\jdk-11.0.6\bin\java.exe
0x00007ffbcc8d0000 - 0x00007ffbccac8000 	C:\WINDOWS\SYSTEM32\ntdll.dll
0x00007ffbcb890000 - 0x00007ffbcb94d000 	C:\WINDOWS\System32\KERNEL32.DLL
0x00007ffbca500000 - 0x00007ffbca7f6000 	C:\WINDOWS\System32\KERNELBASE.dll
0x00007ffbcc700000 - 0x00007ffbcc7b0000 	C:\WINDOWS\System32\ADVAPI32.dll
0x00007ffbcc1f0000 - 0x00007ffbcc28e000 	C:\WINDOWS\System32\msvcrt.dll
0x00007ffbcc7f0000 - 0x00007ffbcc890000 	C:\WINDOWS\System32\sechost.dll
0x00007ffbcb760000 - 0x00007ffbcb883000 	C:\WINDOWS\System32\RPCRT4.dll
0x00007ffbca250000 - 0x00007ffbca277000 	C:\WINDOWS\System32\bcrypt.dll
0x00007ffbcc4b0000 - 0x00007ffbcc64f000 	C:\WINDOWS\System32\USER32.dll
0x00007ffbca220000 - 0x00007ffbca242000 	C:\WINDOWS\System32\win32u.dll
0x00007ffbca970000 - 0x00007ffbca99b000 	C:\WINDOWS\System32\GDI32.dll
0x00007ffbca280000 - 0x00007ffbca397000 	C:\WINDOWS\System32\gdi32full.dll
0x00007ffbc9fd0000 - 0x00007ffbca06d000 	C:\WINDOWS\System32\msvcp_win.dll
0x00007ffbca800000 - 0x00007ffbca900000 	C:\WINDOWS\System32\ucrtbase.dll
0x00007ffbad6a0000 - 0x00007ffbad93a000 	C:\WINDOWS\WinSxS\amd64_microsoft.windows.common-controls_6595b64144ccf1df_6.0.19041.3636_none_60b6a03d71f818d5\COMCTL32.dll
0x00007ffbc3030000 - 0x00007ffbc303a000 	C:\WINDOWS\SYSTEM32\VERSION.dll
0x00007ffbcc7b0000 - 0x00007ffbcc7e2000 	C:\WINDOWS\System32\IMM32.DLL
0x00007ffb97520000 - 0x00007ffb97536000 	C:\Program Files\Java\jdk-11.0.6\bin\vcruntime140.dll
0x00007ffb88f60000 - 0x00007ffb8900a000 	C:\Program Files\Java\jdk-11.0.6\bin\msvcp140.dll
0x00007ffb59f00000 - 0x00007ffb5aa29000 	C:\Program Files\Java\jdk-11.0.6\bin\server\jvm.dll
0x00007ffbcc030000 - 0x00007ffbcc038000 	C:\WINDOWS\System32\PSAPI.DLL
0x00007ffbb5120000 - 0x00007ffbb5147000 	C:\WINDOWS\SYSTEM32\WINMM.dll
0x00007ffbc1c30000 - 0x00007ffbc1c39000 	C:\WINDOWS\SYSTEM32\WSOCK32.dll
0x00007ffbcc290000 - 0x00007ffbcc2fb000 	C:\WINDOWS\System32\ws2_32.DLL
0x00007ffbc87f0000 - 0x00007ffbc8802000 	C:\WINDOWS\SYSTEM32\kernel.appcore.dll
0x00007ffb96260000 - 0x00007ffb96271000 	C:\Program Files\Java\jdk-11.0.6\bin\verify.dll
0x00007ffbc84c0000 - 0x00007ffbc86a4000 	C:\WINDOWS\SYSTEM32\DBGHELP.DLL
0x00007ffbae3d0000 - 0x00007ffbae404000 	C:\WINDOWS\SYSTEM32\dbgcore.DLL
0x00007ffbca070000 - 0x00007ffbca0f2000 	C:\WINDOWS\System32\bcryptPrimitives.dll
0x00007ffb941d0000 - 0x00007ffb941f9000 	C:\Program Files\Java\jdk-11.0.6\bin\java.dll
0x00007ffb940f0000 - 0x00007ffb9411f000 	C:\Program Files\Java\jdk-11.0.6\bin\instrument.dll
0x00007ffb94440000 - 0x00007ffb94456000 	C:\Program Files\Java\jdk-11.0.6\bin\zip.dll
0x00007ffba0000000 - 0x00007ffba000a000 	C:\Program Files\Java\jdk-11.0.6\bin\jimage.dll
0x00007ffbcaf20000 - 0x00007ffbcb68b000 	C:\WINDOWS\System32\SHELL32.dll
0x00007ffbc7d10000 - 0x00007ffbc84ae000 	C:\WINDOWS\SYSTEM32\windows.storage.dll
0x00007ffbcb9d0000 - 0x00007ffbcbd23000 	C:\WINDOWS\System32\combase.dll
0x00007ffbc99b0000 - 0x00007ffbc99de000 	C:\WINDOWS\SYSTEM32\Wldp.dll
0x00007ffbcc120000 - 0x00007ffbcc1ed000 	C:\WINDOWS\System32\OLEAUT32.dll
0x00007ffbcc650000 - 0x00007ffbcc6fd000 	C:\WINDOWS\System32\SHCORE.dll
0x00007ffbcaec0000 - 0x00007ffbcaf15000 	C:\WINDOWS\System32\shlwapi.dll
0x00007ffbc9eb0000 - 0x00007ffbc9ed3000 	C:\WINDOWS\SYSTEM32\profapi.dll
0x00007ffb94350000 - 0x00007ffb94369000 	C:\Program Files\Java\jdk-11.0.6\bin\net.dll
0x00007ffbbf8c0000 - 0x00007ffbbf9ca000 	C:\WINDOWS\SYSTEM32\WINHTTP.dll
0x00007ffbc9710000 - 0x00007ffbc977a000 	C:\WINDOWS\system32\mswsock.dll
0x00007ffb94270000 - 0x00007ffb94283000 	C:\Program Files\Java\jdk-11.0.6\bin\nio.dll
0x00007ffb95850000 - 0x00007ffb95877000 	C:\Users\Hp\.gradle\native\c067742578af261105cb4f569cf0c3c89f3d7b1fecec35dd04571415982c5e48\windows-amd64\native-platform.dll
0x00007ffb956f0000 - 0x00007ffb95834000 	C:\Users\Hp\.gradle\native\38dada09dfb8b06ba9b0570ebf7e218e3eb74d4ef43ca46872605cf95ebc2f47\windows-amd64\native-platform-file-events.dll
0x00007ffb9ffa0000 - 0x00007ffb9ffa9000 	C:\Program Files\Java\jdk-11.0.6\bin\management.dll
0x00007ffb9f7e0000 - 0x00007ffb9f7ec000 	C:\Program Files\Java\jdk-11.0.6\bin\management_ext.dll
0x00007ffbc9900000 - 0x00007ffbc9918000 	C:\WINDOWS\SYSTEM32\CRYPTSP.dll
0x00007ffbc8fc0000 - 0x00007ffbc8ff4000 	C:\WINDOWS\system32\rsaenh.dll
0x00007ffbc9e70000 - 0x00007ffbc9e9e000 	C:\WINDOWS\SYSTEM32\USERENV.dll
0x00007ffbc9920000 - 0x00007ffbc992c000 	C:\WINDOWS\SYSTEM32\CRYPTBASE.dll
0x00007ffbc93a0000 - 0x00007ffbc93db000 	C:\WINDOWS\SYSTEM32\IPHLPAPI.DLL
0x00007ffbcb690000 - 0x00007ffbcb698000 	C:\WINDOWS\System32\NSI.dll
0x00007ffbc0f50000 - 0x00007ffbc0f67000 	C:\WINDOWS\SYSTEM32\dhcpcsvc6.DLL
0x00007ffbc2260000 - 0x00007ffbc227d000 	C:\WINDOWS\SYSTEM32\dhcpcsvc.DLL
0x00007ffbc93e0000 - 0x00007ffbc94ab000 	C:\WINDOWS\SYSTEM32\DNSAPI.dll
0x00007ffb9cd70000 - 0x00007ffb9cd87000 	C:\WINDOWS\system32\napinsp.dll
0x00007ffb9cd50000 - 0x00007ffb9cd6b000 	C:\WINDOWS\system32\pnrpnsp.dll
0x00007ffbc47c0000 - 0x00007ffbc47d5000 	C:\WINDOWS\system32\wshbth.dll
0x00007ffbc5160000 - 0x00007ffbc517d000 	C:\WINDOWS\system32\NLAapi.dll
0x00007ffb9cd30000 - 0x00007ffb9cd42000 	C:\WINDOWS\System32\winrnr.dll
0x00007ffba7c40000 - 0x00007ffba7c4a000 	C:\Windows\System32\rasadhlp.dll
0x00007ffba9d20000 - 0x00007ffba9da0000 	C:\WINDOWS\System32\fwpuclnt.dll

dbghelp: loaded successfully - version: 4.0.5 - missing functions: none
symbol engine: initialized successfully - sym options: 0x614 - pdb path: .;C:\Program Files\Java\jdk-11.0.6\bin;C:\WINDOWS\SYSTEM32;C:\WINDOWS\WinSxS\amd64_microsoft.windows.common-controls_6595b64144ccf1df_6.0.19041.3636_none_60b6a03d71f818d5;C:\Program Files\Java\jdk-11.0.6\bin\server;C:\Users\Hp\.gradle\native\c067742578af261105cb4f569cf0c3c89f3d7b1fecec35dd04571415982c5e48\windows-amd64;C:\Users\Hp\.gradle\native\38dada09dfb8b06ba9b0570ebf7e218e3eb74d4ef43ca46872605cf95ebc2f47\windows-amd64

VM Arguments:
jvm_args: -XX:MaxMetaspaceSize=512m --add-opens=java.base/java.util=ALL-UNNAMED --add-opens=java.base/java.lang=ALL-UNNAMED --add-opens=java.base/java.lang.invoke=ALL-UNNAMED --add-opens=java.prefs/java.util.prefs=ALL-UNNAMED --add-opens=java.base/java.nio.charset=ALL-UNNAMED --add-opens=java.base/java.net=ALL-UNNAMED --add-opens=java.base/java.util.concurrent.atomic=ALL-UNNAMED -Xmx2048m -Dfile.encoding=utf8 -Duser.country=US -Duser.language=en -Duser.variant -javaagent:C:\Users\Hp\.gradle\wrapper\dists\gradle-8.6-all\3mbtmo166bl6vumsh5k2lkq5h\gradle-8.6\lib\agents\gradle-instrumentation-agent-8.6.jar 
java_command: org.gradle.launcher.daemon.bootstrap.GradleDaemon 8.6
java_class_path (initial): C:\Users\Hp\.gradle\wrapper\dists\gradle-8.6-all\3mbtmo166bl6vumsh5k2lkq5h\gradle-8.6\lib\gradle-launcher-8.6.jar
Launcher Type: SUN_STANDARD

[Global flags]
     intx CICompilerCount                          = 4                                         {product} {ergonomic}
   size_t CompressedClassSpaceSize                 = 528482304                                 {product} {ergonomic}
     uint ConcGCThreads                            = 2                                         {product} {ergonomic}
     uint G1ConcRefinementThreads                  = 8                                         {product} {ergonomic}
   size_t G1HeapRegionSize                         = 1048576                                   {product} {ergonomic}
    uintx GCDrainStackTargetSize                   = 64                                        {product} {ergonomic}
   size_t InitialHeapSize                          = 134217728                                 {product} {ergonomic}
   size_t MarkStackSize                            = 4194304                                   {product} {ergonomic}
   size_t MaxHeapSize                              = 2147483648                                {product} {command line}
   size_t MaxMetaspaceSize                         = 536870912                                 {product} {command line}
   size_t MaxNewSize                               = 1287651328                                {product} {ergonomic}
   size_t MinHeapDeltaBytes                        = 1048576                                   {product} {ergonomic}
    uintx NonNMethodCodeHeapSize                   = 5836300                                {pd product} {ergonomic}
    uintx NonProfiledCodeHeapSize                  = 122910970                              {pd product} {ergonomic}
    uintx ProfiledCodeHeapSize                     = 122910970                              {pd product} {ergonomic}
    uintx ReservedCodeCacheSize                    = 251658240                              {pd product} {ergonomic}
     bool SegmentedCodeCache                       = true                                      {product} {ergonomic}
     bool UseCompressedClassPointers               = true                                 {lp64_product} {ergonomic}
     bool UseCompressedOops                        = true                                 {lp64_product} {ergonomic}
     bool UseG1GC                                  = true                                      {product} {ergonomic}
     bool UseLargePagesIndividualAllocation        = false                                  {pd product} {ergonomic}

Logging:
Log output configuration:
 #0: stdout all=warning uptime,level,tags
 #1: stderr all=off uptime,level,tags

Environment Variables:
JAVA_HOME=C:\Program Files\Java\jdk-17.0.5
PATH=C:\Program Files\Java\jdk-17.0.5\bin;C:\Python312\;C:\Program Files\Common Files\Oracle\Java\javapath;C:\Windows\system32;C:\Windows;C:\Windows\System32\Wbem;C:\Windows\System32\WindowsPowerShell\v1.0\;C:\Windows\System32\OpenSSH\;C:\Program Files (x86)\NVIDIA Corporation\PhysX\Common;C:\Program Files\NVIDIA Corporation\NVIDIA NvDLISR;C:\WINDOWS\system32;C:\WINDOWS;C:\WINDOWS\System32\Wbem;C:\WINDOWS\System32\WindowsPowerShell\v1.0\;C:\WINDOWS\System32\OpenSSH\;C:\Program Files\dotnet\;C:\Program Files\Git\cmd;C:\Program Files\nodejs\;C:\ProgramData\chocolatey\bin;D:\Web FullStack Diploma(Array)\XAMPP;D:\XAMPP\php;C:\composer;C:\Program Files\Wondershare\Wondershare DemoCreator;C:\Program Files\Gradle\gradle-8.7\bin;C:\Users\Hp\AppData\Local\Programs\Python\Python311\Scripts\;C:\Users\Hp\AppData\Local\Programs\Python\Python311\;C:\Users\Hp\AppData\Local\Microsoft\WindowsApps;C:\Users\Hp\AppData\Local\Programs\Microsoft VS Code\bin;C:\Program Files\Java\jdk-11.0.6\bin;C:\Users\Hp\AppData\Local\Android\Sdk\platform-tools;C:\Users\Hp\AppData\Local\Android\Sdk\tools;C:\Users\Hp\.dotnet\tools;C:\Users\Hp\AppData\Roaming\npm;C:\Users\Hp\AppData\Roaming\Composer\vendor\bin
USERNAME=Hp
OS=Windows_NT
PROCESSOR_IDENTIFIER=Intel64 Family 6 Model 142 Stepping 12, GenuineIntel



---------------  S Y S T E M  ---------------

OS: Windows 10 , 64 bit Build 19041 (10.0.19041.3636)

CPU:total 8 (initial active 8) (4 cores per cpu, 2 threads per core) family 6 model 142 stepping 12, cmov, cx8, fxsr, mmx, sse, sse2, sse3, ssse3, sse4.1, sse4.2, popcnt, avx, avx2, aes, clmul, erms, 3dnowpref, lzcnt, ht, tsc, tscinvbit, bmi1, bmi2, adx, fma

Memory: 4k page, system-wide physical 8078M (1105M free)
TotalPageFile size 14017M (AvailPageFile size 5M)
current process WorkingSet (physical memory assigned to process): 359M, peak: 361M
current process commit charge ("private bytes"): 405M, peak: 406M

vm_info: Java HotSpot(TM) 64-Bit Server VM (11.0.6+8-LTS) for windows-amd64 JRE (11.0.6+8-LTS), built on Dec 11 2019 09:17:57 by "mach5one" with MS VC++ 15.5 (VS2017)

END.
