#
# There is insufficient memory for the Java Runtime Environment to continue.
# Native memory allocation (malloc) failed to allocate 247616 bytes for Chunk::new
# Possible reasons:
#   The system is out of physical RAM or swap space
#   The process is running with CompressedOops enabled, and the Java Heap may be blocking the growth of the native heap
# Possible solutions:
#   Reduce memory load on the system
#   Increase physical memory or swap space
#   Check if swap backing store is full
#   Decrease Java heap size (-Xmx/-Xms)
#   Decrease number of Java threads
#   Decrease Java thread stack sizes (-Xss)
#   Set larger code cache with -XX:ReservedCodeCacheSize=
#   JVM is running with Unscaled Compressed Oops mode in which the Java heap is
#     placed in the first 4GB address space. The Java Heap base address is the
#     maximum limit for the native heap growth. Please use -XX:HeapBaseMinAddress
#     to set the Java Heap base and to place the Java Heap above 4GB virtual address.
# This output file may be truncated or incomplete.
#
#  Out of Memory Error (arena.cpp:191), pid=7584, tid=14076
#
# JRE version: OpenJDK Runtime Environment Temurin-17.0.10+7 (17.0.10+7) (build 17.0.10+7)
# Java VM: OpenJDK 64-Bit Server VM Temurin-17.0.10+7 (17.0.10+7, mixed mode, tiered, compressed oops, compressed class ptrs, parallel gc, windows-amd64)
# No core dump will be written. Minidumps are not enabled by default on client versions of Windows
#

---------------  S U M M A R Y ------------

Command Line: --add-modules=ALL-SYSTEM --add-opens=java.base/java.util=ALL-UNNAMED --add-opens=java.base/java.lang=ALL-UNNAMED --add-opens=java.base/sun.nio.fs=ALL-UNNAMED -Declipse.application=org.eclipse.jdt.ls.core.id1 -Dosgi.bundles.defaultStartLevel=4 -Declipse.product=org.eclipse.jdt.ls.core.product -Djava.import.generatesMetadataFilesAtProjectRoot=false -DDetectVMInstallationsJob.disabled=true -Dfile.encoding=utf8 -XX:+UseParallelGC -XX:GCTimeRatio=4 -XX:AdaptiveSizePolicyWeight=90 -Dsun.zip.disableMemoryMapping=true -Xmx1G -Xms100m -Xlog:disable -javaagent:c:\Users\Hp\.vscode\extensions\redhat.java-1.30.0-win32-x64\lombok\lombok-1.18.32.jar c:\Users\Hp\.vscode\extensions\redhat.java-1.30.0-win32-x64\server\plugins\org.eclipse.equinox.launcher_1.6.800.v20240330-1250.jar -configuration c:\Users\Hp\AppData\Roaming\Code\User\globalStorage\redhat.java\1.30.0\config_ss_win -data c:\Users\Hp\AppData\Roaming\Code\User\workspaceStorage\3bfe5321d796c89da0ad2cda76232276\redhat.java\ss_ws --pipe=\\.\pipe\lsp-ea650488b0d793739d56bea29ec52893-sock

Host: Intel(R) Core(TM) i5-8265U CPU @ 1.60GHz, 8 cores, 7G,  Windows 10 , 64 bit Build 19041 (10.0.19041.3636)
Time: Sun Apr 28 23:04:18 2024 Egypt Daylight Time elapsed time: 1.672651 seconds (0d 0h 0m 1s)

---------------  T H R E A D  ---------------

Current thread (0x0000011ca6c0c560):  JavaThread "C2 CompilerThread0" daemon [_thread_in_native, id=14076, stack(0x00000003c9300000,0x00000003c9400000)]


Current CompileTask:
C2:   1672  524       4       lombok.patcher.PatchScript::classMatches (41 bytes)

Stack: [0x00000003c9300000,0x00000003c9400000]
Native frames: (J=compiled Java code, j=interpreted, Vv=VM code, C=native code)
V  [jvm.dll+0x67d2c9]
V  [jvm.dll+0x834afa]
V  [jvm.dll+0x8365be]
V  [jvm.dll+0x836c23]
V  [jvm.dll+0x2477ff]
V  [jvm.dll+0xac514]
V  [jvm.dll+0xacb5c]
V  [jvm.dll+0x2aed1f]
V  [jvm.dll+0x584b67]
V  [jvm.dll+0x2228a2]
V  [jvm.dll+0x222c8f]
V  [jvm.dll+0x21bdb6]
V  [jvm.dll+0x219201]
V  [jvm.dll+0x1a502d]
V  [jvm.dll+0x2290de]
V  [jvm.dll+0x2272ac]
V  [jvm.dll+0x7e9bb7]
V  [jvm.dll+0x7e3fba]
V  [jvm.dll+0x67c1b5]
C  [ucrtbase.dll+0x21bb2]
C  [KERNEL32.DLL+0x17344]
C  [ntdll.dll+0x526b1]


---------------  P R O C E S S  ---------------

Threads class SMR info:
_java_thread_list=0x0000011ca6eecdf0, length=13, elements={
0x0000011c8bac0820, 0x0000011c8bb765f0, 0x0000011ca18dc2e0, 0x0000011ca6c06150,
0x0000011ca6c06ee0, 0x0000011ca6c07c70, 0x0000011ca6c0b960, 0x0000011ca6c0c560,
0x0000011ca6c6a7a0, 0x0000011ca6c7ecc0, 0x0000011c8bb22af0, 0x0000011ca6f01840,
0x0000011ca6f05b70
}

Java Threads: ( => current thread )
  0x0000011c8bac0820 JavaThread "main" [_thread_in_vm, id=9064, stack(0x00000003c8a00000,0x00000003c8b00000)]
  0x0000011c8bb765f0 JavaThread "Reference Handler" daemon [_thread_blocked, id=11368, stack(0x00000003c8d00000,0x00000003c8e00000)]
  0x0000011ca18dc2e0 JavaThread "Finalizer" daemon [_thread_blocked, id=6500, stack(0x00000003c8e00000,0x00000003c8f00000)]
  0x0000011ca6c06150 JavaThread "Signal Dispatcher" daemon [_thread_blocked, id=10588, stack(0x00000003c8f00000,0x00000003c9000000)]
  0x0000011ca6c06ee0 JavaThread "Attach Listener" daemon [_thread_blocked, id=7896, stack(0x00000003c9000000,0x00000003c9100000)]
  0x0000011ca6c07c70 JavaThread "Service Thread" daemon [_thread_blocked, id=1148, stack(0x00000003c9100000,0x00000003c9200000)]
  0x0000011ca6c0b960 JavaThread "Monitor Deflation Thread" daemon [_thread_blocked, id=6408, stack(0x00000003c9200000,0x00000003c9300000)]
=>0x0000011ca6c0c560 JavaThread "C2 CompilerThread0" daemon [_thread_in_native, id=14076, stack(0x00000003c9300000,0x00000003c9400000)]
  0x0000011ca6c6a7a0 JavaThread "C1 CompilerThread0" daemon [_thread_blocked, id=11632, stack(0x00000003c9400000,0x00000003c9500000)]
  0x0000011ca6c7ecc0 JavaThread "Sweeper thread" daemon [_thread_blocked, id=1620, stack(0x00000003c9500000,0x00000003c9600000)]
  0x0000011c8bb22af0 JavaThread "Common-Cleaner" daemon [_thread_blocked, id=4672, stack(0x00000003c9600000,0x00000003c9700000)]
  0x0000011ca6f01840 JavaThread "Notification Thread" daemon [_thread_blocked, id=4248, stack(0x00000003c9700000,0x00000003c9800000)]
  0x0000011ca6f05b70 JavaThread "C2 CompilerThread1" daemon [_thread_in_native, id=13584, stack(0x00000003c9900000,0x00000003c9a00000)]

Other Threads:
  0x0000011c8bb494e0 VMThread "VM Thread" [stack: 0x00000003c8c00000,0x00000003c8d00000] [id=7340]
  0x0000011ca6f01d20 WatcherThread [stack: 0x00000003c9800000,0x00000003c9900000] [id=11340]
  0x0000011c8bad4bb0 GCTaskThread "GC Thread#0" [stack: 0x00000003c8b00000,0x00000003c8c00000] [id=13500]

Threads with active compile tasks:
C2 CompilerThread0     1704  524       4       lombok.patcher.PatchScript::classMatches (41 bytes)
C2 CompilerThread1     1704  526       4       lombok.patcher.scripts.MethodLevelPatchScript::patch (21 bytes)

VM state: not at safepoint (normal execution)

VM Mutex/Monitor currently owned by a thread:  ([mutex/lock_event])
[0x0000011c8babac80] Metaspace_lock - owner thread: 0x0000011c8bac0820

Heap address: 0x00000000c0000000, size: 1024 MB, Compressed Oops mode: 32-bit

CDS archive(s) not mapped
Compressed class space mapped at: 0x0000000100000000-0x0000000140000000, reserved size: 1073741824
Narrow klass base: 0x0000000000000000, Narrow klass shift: 3, Narrow klass range: 0x140000000

GC Precious Log:
 CPUs: 8 total, 8 available
 Memory: 8078M
 Large Page Support: Disabled
 NUMA Support: Disabled
 Compressed Oops: Enabled (32-bit)
 Alignments: Space 512K, Generation 512K, Heap 2M
 Heap Min Capacity: 100M
 Heap Initial Capacity: 100M
 Heap Max Capacity: 1G
 Pre-touch: Disabled
 Parallel Workers: 8

Heap:
 PSYoungGen      total 29696K, used 11801K [0x00000000eab00000, 0x00000000ecc00000, 0x0000000100000000)
  eden space 25600K, 46% used [0x00000000eab00000,0x00000000eb686710,0x00000000ec400000)
  from space 4096K, 0% used [0x00000000ec800000,0x00000000ec800000,0x00000000ecc00000)
  to   space 4096K, 0% used [0x00000000ec400000,0x00000000ec400000,0x00000000ec800000)
 ParOldGen       total 68608K, used 0K [0x00000000c0000000, 0x00000000c4300000, 0x00000000eab00000)
  object space 68608K, 0% used [0x00000000c0000000,0x00000000c0000000,0x00000000c4300000)
 Metaspace       used 8356K, committed 8448K, reserved 1114112K
  class space    used 817K, committed 896K, reserved 1048576K

Card table byte_map: [0x0000011c9f170000,0x0000011c9f380000] _byte_map_base: 0x0000011c9eb70000

Marking Bits: (ParMarkBitMap*) 0x00007ffb6951d7d0
 Begin Bits: [0x0000011c9f4e0000, 0x0000011ca04e0000)
 End Bits:   [0x0000011ca04e0000, 0x0000011ca14e0000)

Polling page: 0x0000011c8b930000

Metaspace:

Usage:
  Non-class:      7.36 MB used.
      Class:    817.71 KB used.
       Both:      8.16 MB used.

Virtual space:
  Non-class space:       64.00 MB reserved,       7.38 MB ( 12%) committed,  1 nodes.
      Class space:        1.00 GB reserved,     896.00 KB ( <1%) committed,  1 nodes.
             Both:        1.06 GB reserved,       8.25 MB ( <1%) committed. 

Chunk freelists:
   Non-Class:  8.00 MB
       Class:  15.09 MB
        Both:  23.09 MB

MaxMetaspaceSize: unlimited
CompressedClassSpaceSize: 1.00 GB
Initial GC threshold: 21.00 MB
Current GC threshold: 21.00 MB
CDS: off
MetaspaceReclaimPolicy: balanced
 - commit_granule_bytes: 65536.
 - commit_granule_words: 8192.
 - virtual_space_node_default_size: 8388608.
 - enlarge_chunks_in_place: 1.
 - new_chunks_are_fully_committed: 0.
 - uncommit_free_chunks: 1.
 - use_allocation_guard: 0.
 - handle_deallocations: 1.


Internal statistics:

num_allocs_failed_limit: 0.
num_arena_births: 10.
num_arena_deaths: 0.
num_vsnodes_births: 2.
num_vsnodes_deaths: 0.
num_space_committed: 132.
num_space_uncommitted: 0.
num_chunks_returned_to_freelist: 0.
num_chunks_taken_from_freelist: 41.
num_chunk_merges: 0.
num_chunk_splits: 23.
num_chunks_enlarged: 22.
num_inconsistent_stats: 0.

CodeHeap 'non-profiled nmethods': size=120000Kb used=185Kb max_used=185Kb free=119814Kb
 bounds [0x0000011c97a60000, 0x0000011c97cd0000, 0x0000011c9ef90000]
CodeHeap 'profiled nmethods': size=120000Kb used=753Kb max_used=753Kb free=119246Kb
 bounds [0x0000011c8ff90000, 0x0000011c90200000, 0x0000011c974c0000]
CodeHeap 'non-nmethods': size=5760Kb used=1127Kb max_used=1148Kb free=4632Kb
 bounds [0x0000011c974c0000, 0x0000011c97730000, 0x0000011c97a60000]
 total_blobs=945 nmethods=530 adapters=330
 compilation: enabled
              stopped_count=0, restarted_count=0
 full_count=0

Compilation events (20 events):
Event: 1.624 Thread 0x0000011ca6f05b70 nmethod 512 0x0000011c97a8c190 code [0x0000011c97a8c320, 0x0000011c97a8c758]
Event: 1.624 Thread 0x0000011ca6f05b70  518       4       java.util.HashSet::iterator (13 bytes)
Event: 1.629 Thread 0x0000011ca6c0c560 nmethod 497 0x0000011c97a8c910 code [0x0000011c97a8caa0, 0x0000011c97a8ce38]
Event: 1.636 Thread 0x0000011ca6c0c560  524       4       lombok.patcher.PatchScript::classMatches (41 bytes)
Event: 1.641 Thread 0x0000011ca6f05b70 nmethod 518 0x0000011c97a8d090 code [0x0000011c97a8d240, 0x0000011c97a8d7b8]
Event: 1.641 Thread 0x0000011ca6f05b70  525       4       java.util.Collections$UnmodifiableCollection::iterator (9 bytes)
Event: 1.649 Thread 0x0000011ca6c6a7a0  527       3       java.lang.Byte::<init> (10 bytes)
Event: 1.649 Thread 0x0000011ca6c6a7a0 nmethod 527 0x0000011c9004a490 code [0x0000011c9004a640, 0x0000011c9004a818]
Event: 1.650 Thread 0x0000011ca6c6a7a0  528       3       java.util.jar.Manifest$FastInputStream::readLine (296 bytes)
Event: 1.651 Thread 0x0000011ca6c6a7a0 nmethod 528 0x0000011c9004a910 code [0x0000011c9004ab40, 0x0000011c9004b448]
Event: 1.651 Thread 0x0000011ca6c6a7a0  529       3       java.lang.reflect.Modifier::isPublic (12 bytes)
Event: 1.651 Thread 0x0000011ca6c6a7a0 nmethod 529 0x0000011c9004b790 code [0x0000011c9004b920, 0x0000011c9004ba78]
Event: 1.653 Thread 0x0000011ca6c6a7a0  530       3       java.util.TreeMap::parentOf (13 bytes)
Event: 1.653 Thread 0x0000011ca6c6a7a0 nmethod 530 0x0000011c9004bb10 code [0x0000011c9004bca0, 0x0000011c9004be18]
Event: 1.658 Thread 0x0000011ca6c6a7a0  531       3       java.lang.reflect.Modifier::isProtected (12 bytes)
Event: 1.658 Thread 0x0000011ca6c6a7a0 nmethod 531 0x0000011c9004bf10 code [0x0000011c9004c0a0, 0x0000011c9004c1f8]
Event: 1.663 Thread 0x0000011ca6c6a7a0  532       3       java.lang.invoke.MemberName::initResolved (53 bytes)
Event: 1.663 Thread 0x0000011ca6c6a7a0 nmethod 532 0x0000011c9004c290 code [0x0000011c9004c420, 0x0000011c9004c598]
Event: 1.664 Thread 0x0000011ca6f05b70 nmethod 525 0x0000011c97a8db10 code [0x0000011c97a8dce0, 0x0000011c97a8e358]
Event: 1.664 Thread 0x0000011ca6f05b70  526       4       lombok.patcher.scripts.MethodLevelPatchScript::patch (21 bytes)

GC Heap History (0 events):
No events

Dll operation events (8 events):
Event: 0.028 Loaded shared library c:\Users\Hp\.vscode\extensions\redhat.java-1.30.0-win32-x64\jre\17.0.10-win32-x86_64\bin\java.dll
Event: 0.596 Loaded shared library c:\Users\Hp\.vscode\extensions\redhat.java-1.30.0-win32-x64\jre\17.0.10-win32-x86_64\bin\zip.dll
Event: 0.602 Loaded shared library C:\Users\Hp\.vscode\extensions\redhat.java-1.30.0-win32-x64\jre\17.0.10-win32-x86_64\bin\instrument.dll
Event: 0.645 Loaded shared library C:\Users\Hp\.vscode\extensions\redhat.java-1.30.0-win32-x64\jre\17.0.10-win32-x86_64\bin\net.dll
Event: 0.661 Loaded shared library C:\Users\Hp\.vscode\extensions\redhat.java-1.30.0-win32-x64\jre\17.0.10-win32-x86_64\bin\nio.dll
Event: 0.750 Loaded shared library C:\Users\Hp\.vscode\extensions\redhat.java-1.30.0-win32-x64\jre\17.0.10-win32-x86_64\bin\zip.dll
Event: 0.824 Loaded shared library C:\Users\Hp\.vscode\extensions\redhat.java-1.30.0-win32-x64\jre\17.0.10-win32-x86_64\bin\jimage.dll
Event: 0.999 Loaded shared library c:\Users\Hp\.vscode\extensions\redhat.java-1.30.0-win32-x64\jre\17.0.10-win32-x86_64\bin\verify.dll

Deoptimization events (20 events):
Event: 1.407 Thread 0x0000011c8bac0820 Uncommon trap: trap_request=0xffffff45 fr.pc=0x0000011c97a6f878 relative=0x0000000000000078
Event: 1.407 Thread 0x0000011c8bac0820 Uncommon trap: reason=unstable_if action=reinterpret pc=0x0000011c97a6f878 method=java.lang.String.isLatin1()Z @ 10 c2
Event: 1.407 Thread 0x0000011c8bac0820 DEOPT PACKING pc=0x0000011c97a6f878 sp=0x00000003c8afeb90
Event: 1.407 Thread 0x0000011c8bac0820 DEOPT UNPACKING pc=0x0000011c975166a3 sp=0x00000003c8afead0 mode 2
Event: 1.415 Thread 0x0000011c8bac0820 DEOPT PACKING pc=0x0000011c8ffac300 sp=0x00000003c8afc680
Event: 1.415 Thread 0x0000011c8bac0820 DEOPT UNPACKING pc=0x0000011c97516e43 sp=0x00000003c8afbb40 mode 0
Event: 1.438 Thread 0x0000011c8bac0820 DEOPT PACKING pc=0x0000011c8ffac300 sp=0x00000003c8afaf60
Event: 1.438 Thread 0x0000011c8bac0820 DEOPT UNPACKING pc=0x0000011c97516e43 sp=0x00000003c8afa420 mode 0
Event: 1.494 Thread 0x0000011c8bac0820 Uncommon trap: trap_request=0xffffff45 fr.pc=0x0000011c97a6f0dc relative=0x000000000000057c
Event: 1.494 Thread 0x0000011c8bac0820 Uncommon trap: reason=unstable_if action=reinterpret pc=0x0000011c97a6f0dc method=java.util.HashMap.putVal(ILjava/lang/Object;Ljava/lang/Object;ZZ)Ljava/lang/Object; @ 181 c2
Event: 1.494 Thread 0x0000011c8bac0820 DEOPT PACKING pc=0x0000011c97a6f0dc sp=0x00000003c8afd9e0
Event: 1.494 Thread 0x0000011c8bac0820 DEOPT UNPACKING pc=0x0000011c975166a3 sp=0x00000003c8afd950 mode 2
Event: 1.572 Thread 0x0000011c8bac0820 Uncommon trap: trap_request=0xffffff45 fr.pc=0x0000011c97a77544 relative=0x00000000000000c4
Event: 1.572 Thread 0x0000011c8bac0820 Uncommon trap: reason=unstable_if action=reinterpret pc=0x0000011c97a77544 method=java.net.URI.match(CJJ)Z @ 45 c2
Event: 1.572 Thread 0x0000011c8bac0820 DEOPT PACKING pc=0x0000011c97a77544 sp=0x00000003c8afc660
Event: 1.572 Thread 0x0000011c8bac0820 DEOPT UNPACKING pc=0x0000011c975166a3 sp=0x00000003c8afc5e8 mode 2
Event: 1.609 Thread 0x0000011c8bac0820 Uncommon trap: trap_request=0xffffff45 fr.pc=0x0000011c97a87fd8 relative=0x0000000000000678
Event: 1.609 Thread 0x0000011c8bac0820 Uncommon trap: reason=unstable_if action=reinterpret pc=0x0000011c97a87fd8 method=java.lang.String.replace(Ljava/lang/CharSequence;Ljava/lang/CharSequence;)Ljava/lang/String; @ 48 c2
Event: 1.609 Thread 0x0000011c8bac0820 DEOPT PACKING pc=0x0000011c97a87fd8 sp=0x00000003c8afc5d0
Event: 1.609 Thread 0x0000011c8bac0820 DEOPT UNPACKING pc=0x0000011c975166a3 sp=0x00000003c8afc550 mode 2

Classes unloaded (0 events):
No events

Classes redefined (0 events):
No events

Internal exceptions (2 events):
Event: 0.522 Thread 0x0000011c8bac0820 Exception <a 'java/lang/NoSuchMethodError'{0x00000000eacb5010}: 'void java.lang.invoke.DirectMethodHandle$Holder.invokeStatic(java.lang.Object, java.lang.Object, java.lang.Object)'> (0x00000000eacb5010) 
thrown [s\src\hotspot\share\interpreter\linkResolver.cpp, line 759]
Event: 1.135 Thread 0x0000011c8bac0820 Exception <a 'java/lang/reflect/InvocationTargetException'{0x00000000eafe71a0}> (0x00000000eafe71a0) 
thrown [s\src\hotspot\share\runtime\reflection.cpp, line 1121]

VM Operations (4 events):
Event: 0.532 Executing VM operation: HandshakeAllThreads
Event: 0.532 Executing VM operation: HandshakeAllThreads done
Event: 0.888 Executing VM operation: HandshakeAllThreads
Event: 0.888 Executing VM operation: HandshakeAllThreads done

Events (20 events):
Event: 1.663 loading class java/lang/invoke/VarHandle$VarHandleDesc$Kind done
Event: 1.663 loading class java/lang/constant/ConstantDescs
Event: 1.664 loading class java/lang/constant/ConstantDescs done
Event: 1.664 loading class java/lang/constant/ClassDesc
Event: 1.664 loading class java/lang/constant/ClassDesc done
Event: 1.664 loading class java/lang/constant/ConstantUtils
Event: 1.664 loading class java/lang/constant/ConstantUtils done
Event: 1.665 loading class java/lang/constant/ReferenceClassDescImpl
Event: 1.665 loading class java/lang/constant/ReferenceClassDescImpl done
Event: 1.665 loading class java/lang/constant/DirectMethodHandleDesc$Kind
Event: 1.666 loading class java/lang/constant/DirectMethodHandleDesc$Kind done
Event: 1.666 loading class java/lang/constant/MethodTypeDesc
Event: 1.666 loading class java/lang/constant/MethodTypeDesc done
Event: 1.666 loading class java/lang/constant/MethodTypeDescImpl
Event: 1.667 loading class java/lang/constant/MethodTypeDescImpl done
Event: 1.667 loading class java/lang/constant/MethodHandleDesc
Event: 1.667 loading class java/lang/constant/MethodHandleDesc done
Event: 1.670 loading class java/lang/constant/MethodHandleDesc$1
Event: 1.670 loading class java/lang/constant/MethodHandleDesc$1 done
Event: 1.670 loading class java/lang/constant/DirectMethodHandleDescImpl


Dynamic libraries:
0x00007ff764530000 - 0x00007ff76453e000 	c:\Users\Hp\.vscode\extensions\redhat.java-1.30.0-win32-x64\jre\17.0.10-win32-x86_64\bin\java.exe
0x00007ffbcc8d0000 - 0x00007ffbccac8000 	C:\WINDOWS\SYSTEM32\ntdll.dll
0x00007ffbcb890000 - 0x00007ffbcb94d000 	C:\WINDOWS\System32\KERNEL32.DLL
0x00007ffbca500000 - 0x00007ffbca7f6000 	C:\WINDOWS\System32\KERNELBASE.dll
0x00007ffbca800000 - 0x00007ffbca900000 	C:\WINDOWS\System32\ucrtbase.dll
0x00007ffbc52e0000 - 0x00007ffbc52f7000 	c:\Users\Hp\.vscode\extensions\redhat.java-1.30.0-win32-x64\jre\17.0.10-win32-x86_64\bin\jli.dll
0x00007ffbcc4b0000 - 0x00007ffbcc64f000 	C:\WINDOWS\System32\USER32.dll
0x00007ffba6b50000 - 0x00007ffba6b6b000 	c:\Users\Hp\.vscode\extensions\redhat.java-1.30.0-win32-x64\jre\17.0.10-win32-x86_64\bin\VCRUNTIME140.dll
0x00007ffbca220000 - 0x00007ffbca242000 	C:\WINDOWS\System32\win32u.dll
0x00007ffbca970000 - 0x00007ffbca99b000 	C:\WINDOWS\System32\GDI32.dll
0x00007ffbca280000 - 0x00007ffbca397000 	C:\WINDOWS\System32\gdi32full.dll
0x00007ffbc9fd0000 - 0x00007ffbca06d000 	C:\WINDOWS\System32\msvcp_win.dll
0x00007ffbad6a0000 - 0x00007ffbad93a000 	C:\WINDOWS\WinSxS\amd64_microsoft.windows.common-controls_6595b64144ccf1df_6.0.19041.3636_none_60b6a03d71f818d5\COMCTL32.dll
0x00007ffbcc1f0000 - 0x00007ffbcc28e000 	C:\WINDOWS\System32\msvcrt.dll
0x00007ffbcc7b0000 - 0x00007ffbcc7e2000 	C:\WINDOWS\System32\IMM32.DLL
0x00007ffbc5a20000 - 0x00007ffbc5a2c000 	c:\Users\Hp\.vscode\extensions\redhat.java-1.30.0-win32-x64\jre\17.0.10-win32-x86_64\bin\vcruntime140_1.dll
0x00007ffb944a0000 - 0x00007ffb9452d000 	c:\Users\Hp\.vscode\extensions\redhat.java-1.30.0-win32-x64\jre\17.0.10-win32-x86_64\bin\msvcp140.dll
0x00007ffb68980000 - 0x00007ffb695e2000 	c:\Users\Hp\.vscode\extensions\redhat.java-1.30.0-win32-x64\jre\17.0.10-win32-x86_64\bin\server\jvm.dll
0x00007ffbcc700000 - 0x00007ffbcc7b0000 	C:\WINDOWS\System32\ADVAPI32.dll
0x00007ffbcc7f0000 - 0x00007ffbcc890000 	C:\WINDOWS\System32\sechost.dll
0x00007ffbcb760000 - 0x00007ffbcb883000 	C:\WINDOWS\System32\RPCRT4.dll
0x00007ffbca250000 - 0x00007ffbca277000 	C:\WINDOWS\System32\bcrypt.dll
0x00007ffbc1c30000 - 0x00007ffbc1c39000 	C:\WINDOWS\SYSTEM32\WSOCK32.dll
0x00007ffbcc290000 - 0x00007ffbcc2fb000 	C:\WINDOWS\System32\WS2_32.dll
0x00007ffbb5120000 - 0x00007ffbb5147000 	C:\WINDOWS\SYSTEM32\WINMM.dll
0x00007ffbc3030000 - 0x00007ffbc303a000 	C:\WINDOWS\SYSTEM32\VERSION.dll
0x00007ffbc9510000 - 0x00007ffbc955b000 	C:\WINDOWS\SYSTEM32\POWRPROF.dll
0x00007ffbc9380000 - 0x00007ffbc9392000 	C:\WINDOWS\SYSTEM32\UMPDC.dll
0x00007ffbc87f0000 - 0x00007ffbc8802000 	C:\WINDOWS\SYSTEM32\kernel.appcore.dll
0x00007ffbc5430000 - 0x00007ffbc543a000 	c:\Users\Hp\.vscode\extensions\redhat.java-1.30.0-win32-x64\jre\17.0.10-win32-x86_64\bin\jimage.dll
0x00007ffbc84c0000 - 0x00007ffbc86a4000 	C:\WINDOWS\SYSTEM32\DBGHELP.DLL
0x00007ffbae3d0000 - 0x00007ffbae404000 	C:\WINDOWS\SYSTEM32\dbgcore.DLL
0x00007ffbca070000 - 0x00007ffbca0f2000 	C:\WINDOWS\System32\bcryptPrimitives.dll
0x00007ffbc3f20000 - 0x00007ffbc3f2e000 	c:\Users\Hp\.vscode\extensions\redhat.java-1.30.0-win32-x64\jre\17.0.10-win32-x86_64\bin\instrument.dll
0x00007ffb9d770000 - 0x00007ffb9d795000 	c:\Users\Hp\.vscode\extensions\redhat.java-1.30.0-win32-x64\jre\17.0.10-win32-x86_64\bin\java.dll
0x00007ffba0770000 - 0x00007ffba0788000 	c:\Users\Hp\.vscode\extensions\redhat.java-1.30.0-win32-x64\jre\17.0.10-win32-x86_64\bin\zip.dll
0x00007ffbcaf20000 - 0x00007ffbcb68b000 	C:\WINDOWS\System32\SHELL32.dll
0x00007ffbc7d10000 - 0x00007ffbc84ae000 	C:\WINDOWS\SYSTEM32\windows.storage.dll
0x00007ffbcb9d0000 - 0x00007ffbcbd23000 	C:\WINDOWS\System32\combase.dll
0x00007ffbc99b0000 - 0x00007ffbc99de000 	C:\WINDOWS\SYSTEM32\Wldp.dll
0x00007ffbcc120000 - 0x00007ffbcc1ed000 	C:\WINDOWS\System32\OLEAUT32.dll
0x00007ffbcc650000 - 0x00007ffbcc6fd000 	C:\WINDOWS\System32\SHCORE.dll
0x00007ffbcaec0000 - 0x00007ffbcaf15000 	C:\WINDOWS\System32\shlwapi.dll
0x00007ffbc9eb0000 - 0x00007ffbc9ed3000 	C:\WINDOWS\SYSTEM32\profapi.dll
0x00007ffb9fe80000 - 0x00007ffb9fe99000 	C:\Users\Hp\.vscode\extensions\redhat.java-1.30.0-win32-x64\jre\17.0.10-win32-x86_64\bin\net.dll
0x00007ffbbf8c0000 - 0x00007ffbbf9ca000 	C:\WINDOWS\SYSTEM32\WINHTTP.dll
0x00007ffbc9710000 - 0x00007ffbc977a000 	C:\WINDOWS\system32\mswsock.dll
0x00007ffb9d520000 - 0x00007ffb9d536000 	C:\Users\Hp\.vscode\extensions\redhat.java-1.30.0-win32-x64\jre\17.0.10-win32-x86_64\bin\nio.dll
0x00007ffbc3800000 - 0x00007ffbc3810000 	c:\Users\Hp\.vscode\extensions\redhat.java-1.30.0-win32-x64\jre\17.0.10-win32-x86_64\bin\verify.dll

dbghelp: loaded successfully - version: 4.0.5 - missing functions: none
symbol engine: initialized successfully - sym options: 0x614 - pdb path: .;c:\Users\Hp\.vscode\extensions\redhat.java-1.30.0-win32-x64\jre\17.0.10-win32-x86_64\bin;C:\WINDOWS\SYSTEM32;C:\WINDOWS\WinSxS\amd64_microsoft.windows.common-controls_6595b64144ccf1df_6.0.19041.3636_none_60b6a03d71f818d5;c:\Users\Hp\.vscode\extensions\redhat.java-1.30.0-win32-x64\jre\17.0.10-win32-x86_64\bin\server

VM Arguments:
jvm_args: --add-modules=ALL-SYSTEM --add-opens=java.base/java.util=ALL-UNNAMED --add-opens=java.base/java.lang=ALL-UNNAMED --add-opens=java.base/sun.nio.fs=ALL-UNNAMED -Declipse.application=org.eclipse.jdt.ls.core.id1 -Dosgi.bundles.defaultStartLevel=4 -Declipse.product=org.eclipse.jdt.ls.core.product -Djava.import.generatesMetadataFilesAtProjectRoot=false -DDetectVMInstallationsJob.disabled=true -Dfile.encoding=utf8 -XX:+UseParallelGC -XX:GCTimeRatio=4 -XX:AdaptiveSizePolicyWeight=90 -Dsun.zip.disableMemoryMapping=true -Xmx1G -Xms100m -Xlog:disable -javaagent:c:\Users\Hp\.vscode\extensions\redhat.java-1.30.0-win32-x64\lombok\lombok-1.18.32.jar 
java_command: c:\Users\Hp\.vscode\extensions\redhat.java-1.30.0-win32-x64\server\plugins\org.eclipse.equinox.launcher_1.6.800.v20240330-1250.jar -configuration c:\Users\Hp\AppData\Roaming\Code\User\globalStorage\redhat.java\1.30.0\config_ss_win -data c:\Users\Hp\AppData\Roaming\Code\User\workspaceStorage\3bfe5321d796c89da0ad2cda76232276\redhat.java\ss_ws --pipe=\\.\pipe\lsp-ea650488b0d793739d56bea29ec52893-sock
java_class_path (initial): c:\Users\Hp\.vscode\extensions\redhat.java-1.30.0-win32-x64\server\plugins\org.eclipse.equinox.launcher_1.6.800.v20240330-1250.jar
Launcher Type: SUN_STANDARD

[Global flags]
    uintx AdaptiveSizePolicyWeight                 = 90                                        {product} {command line}
     intx CICompilerCount                          = 4                                         {product} {ergonomic}
    uintx GCTimeRatio                              = 4                                         {product} {command line}
   size_t InitialHeapSize                          = 104857600                                 {product} {command line}
   size_t MaxHeapSize                              = 1073741824                                {product} {command line}
   size_t MaxNewSize                               = 357564416                                 {product} {ergonomic}
   size_t MinHeapDeltaBytes                        = 524288                                    {product} {ergonomic}
   size_t MinHeapSize                              = 104857600                                 {product} {command line}
   size_t NewSize                                  = 34603008                                  {product} {ergonomic}
    uintx NonNMethodCodeHeapSize                   = 5839372                                {pd product} {ergonomic}
    uintx NonProfiledCodeHeapSize                  = 122909434                              {pd product} {ergonomic}
   size_t OldSize                                  = 70254592                                  {product} {ergonomic}
    uintx ProfiledCodeHeapSize                     = 122909434                              {pd product} {ergonomic}
    uintx ReservedCodeCacheSize                    = 251658240                              {pd product} {ergonomic}
     bool SegmentedCodeCache                       = true                                      {product} {ergonomic}
   size_t SoftMaxHeapSize                          = 1073741824                             {manageable} {ergonomic}
     bool UseCompressedClassPointers               = true                           {product lp64_product} {ergonomic}
     bool UseCompressedOops                        = true                           {product lp64_product} {ergonomic}
     bool UseLargePagesIndividualAllocation        = false                                  {pd product} {ergonomic}
     bool UseParallelGC                            = true                                      {product} {command line}

Logging:
Log output configuration:
 #0: stdout all=off uptime,level,tags
 #1: stderr all=off uptime,level,tags

Environment Variables:
JAVA_HOME=C:\Program Files\Java\jdk-17.0.5
PATH=C:\Program Files\Java\jdk-17.0.5\bin;C:\Python312\;C:\Program Files\Common Files\Oracle\Java\javapath;C:\Windows\system32;C:\Windows;C:\Windows\System32\Wbem;C:\Windows\System32\WindowsPowerShell\v1.0\;C:\Windows\System32\OpenSSH\;C:\Program Files (x86)\NVIDIA Corporation\PhysX\Common;C:\Program Files\NVIDIA Corporation\NVIDIA NvDLISR;C:\WINDOWS\system32;C:\WINDOWS;C:\WINDOWS\System32\Wbem;C:\WINDOWS\System32\WindowsPowerShell\v1.0\;C:\WINDOWS\System32\OpenSSH\;C:\Program Files\dotnet\;C:\Program Files\Git\cmd;C:\Program Files\nodejs\;C:\ProgramData\chocolatey\bin;D:\Web FullStack Diploma(Array)\XAMPP;D:\XAMPP\php;C:\composer;C:\Program Files\Wondershare\Wondershare DemoCreator;C:\Program Files\Gradle\gradle-8.7\bin;C:\Users\Hp\AppData\Local\Programs\Python\Python311\Scripts\;C:\Users\Hp\AppData\Local\Programs\Python\Python311\;C:\Users\Hp\AppData\Local\Microsoft\WindowsApps;C:\Users\Hp\AppData\Local\Programs\Microsoft VS Code\bin;C:\Program Files\Java\jdk-11.0.6\bin;C:\Users\Hp\AppData\Local\Android\Sdk\platform-tools;C:\Users\Hp\AppData\Local\Android\Sdk\tools;C:\Users\Hp\.dotnet\tools;C:\Users\Hp\AppData\Roaming\npm;C:\Users\Hp\AppData\Roaming\Composer\vendor\bin
USERNAME=Hp
OS=Windows_NT
PROCESSOR_IDENTIFIER=Intel64 Family 6 Model 142 Stepping 12, GenuineIntel
TMP=C:\Users\Hp\AppData\Local\Temp
TEMP=C:\Users\Hp\AppData\Local\Temp



Periodic native trim disabled


---------------  S Y S T E M  ---------------

OS:
 Windows 10 , 64 bit Build 19041 (10.0.19041.3636)
OS uptime: 0 days 0:26 hours

CPU: total 8 (initial active 8) (4 cores per cpu, 2 threads per core) family 6 model 142 stepping 12 microcode 0xea, cx8, cmov, fxsr, ht, mmx, 3dnowpref, sse, sse2, sse3, ssse3, sse4.1, sse4.2, popcnt, lzcnt, tsc, tscinvbit, avx, avx2, aes, erms, clmul, bmi1, bmi2, adx, fma, vzeroupper, clflush, clflushopt
Processor Information for all 8 processors :
  Max Mhz: 1800, Current Mhz: 1600, Mhz Limit: 1584

Memory: 4k page, system-wide physical 8078M (945M free)
TotalPageFile size 14017M (AvailPageFile size 4M)
current process WorkingSet (physical memory assigned to process): 50M, peak: 50M
current process commit charge ("private bytes"): 192M, peak: 192M

vm_info: OpenJDK 64-Bit Server VM (17.0.10+7) for windows-amd64 JRE (17.0.10+7), built on Jan 16 2024 23:25:11 by "admin" with MS VC++ 16.10 / 16.11 (VS2019)

END.
