#
# There is insufficient memory for the Java Runtime Environment to continue.
# Native memory allocation (malloc) failed to allocate 1545824 bytes for Chunk::new
# Possible reasons:
#   The system is out of physical RAM or swap space
#   The process is running with CompressedOops enabled, and the Java Heap may be blocking the growth of the native heap
# Possible solutions:
#   Reduce memory load on the system
#   Increase physical memory or swap space
#   Check if swap backing store is full
#   Decrease Java heap size (-Xmx/-Xms)
#   Decrease number of Java threads
#   Decrease Java thread stack sizes (-Xss)
#   Set larger code cache with -XX:ReservedCodeCacheSize=
#   JVM is running with Unscaled Compressed Oops mode in which the Java heap is
#     placed in the first 4GB address space. The Java Heap base address is the
#     maximum limit for the native heap growth. Please use -XX:HeapBaseMinAddress
#     to set the Java Heap base and to place the Java Heap above 4GB virtual address.
# This output file may be truncated or incomplete.
#
#  Out of Memory Error (arena.cpp:191), pid=14132, tid=14276
#
# JRE version: OpenJDK Runtime Environment Temurin-17.0.10+7 (17.0.10+7) (build 17.0.10+7)
# Java VM: OpenJDK 64-Bit Server VM Temurin-17.0.10+7 (17.0.10+7, mixed mode, tiered, compressed oops, compressed class ptrs, parallel gc, windows-amd64)
# No core dump will be written. Minidumps are not enabled by default on client versions of Windows
#

---------------  S U M M A R Y ------------

Command Line: --add-modules=ALL-SYSTEM --add-opens=java.base/java.util=ALL-UNNAMED --add-opens=java.base/java.lang=ALL-UNNAMED --add-opens=java.base/sun.nio.fs=ALL-UNNAMED -Declipse.application=org.eclipse.jdt.ls.core.id1 -Dosgi.bundles.defaultStartLevel=4 -Declipse.product=org.eclipse.jdt.ls.core.product -Djava.import.generatesMetadataFilesAtProjectRoot=false -DDetectVMInstallationsJob.disabled=true -Dfile.encoding=utf8 -XX:+UseParallelGC -XX:GCTimeRatio=4 -XX:AdaptiveSizePolicyWeight=90 -Dsun.zip.disableMemoryMapping=true -Xmx1G -Xms100m -Xlog:disable -javaagent:c:\Users\Hp\.vscode\extensions\redhat.java-1.30.0-win32-x64\lombok\lombok-1.18.32.jar -XX:+HeapDumpOnOutOfMemoryError -XX:HeapDumpPath=c:\Users\Hp\AppData\Roaming\Code\User\workspaceStorage\3bfe5321d796c89da0ad2cda76232276\redhat.java -Daether.dependencyCollector.impl=bf c:\Users\Hp\.vscode\extensions\redhat.java-1.30.0-win32-x64\server\plugins\org.eclipse.equinox.launcher_1.6.800.v20240330-1250.jar -configuration c:\Users\Hp\AppData\Roaming\Code\User\globalStorage\redhat.java\1.30.0\config_win -data c:\Users\Hp\AppData\Roaming\Code\User\workspaceStorage\3bfe5321d796c89da0ad2cda76232276\redhat.java\jdt_ws --pipe=\\.\pipe\lsp-e65ee7825ecfd8f2891432e8c0e2163f-sock

Host: Intel(R) Core(TM) i5-8265U CPU @ 1.60GHz, 8 cores, 7G,  Windows 10 , 64 bit Build 19041 (10.0.19041.3636)
Time: Sun Apr 28 21:45:17 2024 Egypt Daylight Time elapsed time: 28.285689 seconds (0d 0h 0m 28s)

---------------  T H R E A D  ---------------

Current thread (0x0000025fce911430):  JavaThread "C2 CompilerThread2" daemon [_thread_in_native, id=14276, stack(0x000000dd58300000,0x000000dd58400000)]


Current CompileTask:
C2:  28285 8164   !   4       java.nio.file.Files::walkFileTree (297 bytes)

Stack: [0x000000dd58300000,0x000000dd58400000]
Native frames: (J=compiled Java code, j=interpreted, Vv=VM code, C=native code)
V  [jvm.dll+0x67d2c9]
V  [jvm.dll+0x834afa]
V  [jvm.dll+0x8365be]
V  [jvm.dll+0x836c23]
V  [jvm.dll+0x2477ff]
V  [jvm.dll+0xac514]
V  [jvm.dll+0xacb5c]
V  [jvm.dll+0x3667d7]
V  [jvm.dll+0x1bcf72]
V  [jvm.dll+0x21a049]
V  [jvm.dll+0x219311]
V  [jvm.dll+0x1a502d]
V  [jvm.dll+0x2290de]
V  [jvm.dll+0x2272ac]
V  [jvm.dll+0x7e9bb7]
V  [jvm.dll+0x7e3fba]
V  [jvm.dll+0x67c1b5]
C  [ucrtbase.dll+0x21bb2]
C  [KERNEL32.DLL+0x17344]
C  [ntdll.dll+0x526b1]


---------------  P R O C E S S  ---------------

Threads class SMR info:
_java_thread_list=0x0000025fcc7bc890, length=43, elements={
0x0000025faf271f60, 0x0000025fc3108ea0, 0x0000025fc310c660, 0x0000025fc84a9130,
0x0000025fc84a9ec0, 0x0000025fc84ab800, 0x0000025fc84afad0, 0x0000025faf32b670,
0x0000025fc84d2630, 0x0000025faf32c390, 0x0000025fc8573e70, 0x0000025fc87b41a0,
0x0000025fc9aac010, 0x0000025fc98d0c40, 0x0000025fc9c6ead0, 0x0000025fc972f5a0,
0x0000025fc9de3d50, 0x0000025fc9de4770, 0x0000025fc9de56a0, 0x0000025fc9de4260,
0x0000025fc9de4c80, 0x0000025fc9de3840, 0x0000025fc9de2400, 0x0000025fcaa3e240,
0x0000025fcaa3c3e0, 0x0000025fcaa3c8f0, 0x0000025fcaa3dd30, 0x0000025fcaa405b0,
0x0000025fcaa39650, 0x0000025fcaa39140, 0x0000025fcaa3ce00, 0x0000025fcaa39b60,
0x0000025fcaa3aa90, 0x0000025fcaa3afa0, 0x0000025fcaa3d310, 0x0000025fcaa3bed0,
0x0000025fcaa3ec60, 0x0000025fcaa3f680, 0x0000025fcaa3d820, 0x0000025fcaa400a0,
0x0000025fcaa3a070, 0x0000025fce9163e0, 0x0000025fce911430
}

Java Threads: ( => current thread )
  0x0000025faf271f60 JavaThread "main" [_thread_blocked, id=13992, stack(0x000000dd54e00000,0x000000dd54f00000)]
  0x0000025fc3108ea0 JavaThread "Reference Handler" daemon [_thread_blocked, id=13968, stack(0x000000dd55100000,0x000000dd55200000)]
  0x0000025fc310c660 JavaThread "Finalizer" daemon [_thread_blocked, id=13888, stack(0x000000dd55200000,0x000000dd55300000)]
  0x0000025fc84a9130 JavaThread "Signal Dispatcher" daemon [_thread_blocked, id=13864, stack(0x000000dd55300000,0x000000dd55400000)]
  0x0000025fc84a9ec0 JavaThread "Attach Listener" daemon [_thread_blocked, id=14100, stack(0x000000dd55400000,0x000000dd55500000)]
  0x0000025fc84ab800 JavaThread "Service Thread" daemon [_thread_blocked, id=14208, stack(0x000000dd55500000,0x000000dd55600000)]
  0x0000025fc84afad0 JavaThread "Monitor Deflation Thread" daemon [_thread_blocked, id=13872, stack(0x000000dd55600000,0x000000dd55700000)]
  0x0000025faf32b670 JavaThread "C2 CompilerThread0" daemon [_thread_in_native, id=14056, stack(0x000000dd55700000,0x000000dd55800000)]
  0x0000025fc84d2630 JavaThread "C1 CompilerThread0" daemon [_thread_blocked, id=13912, stack(0x000000dd55800000,0x000000dd55900000)]
  0x0000025faf32c390 JavaThread "Sweeper thread" daemon [_thread_blocked, id=13964, stack(0x000000dd55900000,0x000000dd55a00000)]
  0x0000025fc8573e70 JavaThread "Common-Cleaner" daemon [_thread_blocked, id=14040, stack(0x000000dd55a00000,0x000000dd55b00000)]
  0x0000025fc87b41a0 JavaThread "Notification Thread" daemon [_thread_blocked, id=13908, stack(0x000000dd55c00000,0x000000dd55d00000)]
  0x0000025fc9aac010 JavaThread "Active Thread: Equinox Container: 289ef74c-9ca7-40a2-bc78-be7fa3160cc4" [_thread_blocked, id=11276, stack(0x000000dd55e00000,0x000000dd55f00000)]
  0x0000025fc98d0c40 JavaThread "Framework Event Dispatcher: Equinox Container: 289ef74c-9ca7-40a2-bc78-be7fa3160cc4" daemon [_thread_blocked, id=6900, stack(0x000000dd55b00000,0x000000dd55c00000)]
  0x0000025fc9c6ead0 JavaThread "Start Level: Equinox Container: 289ef74c-9ca7-40a2-bc78-be7fa3160cc4" daemon [_thread_blocked, id=3880, stack(0x000000dd56500000,0x000000dd56600000)]
  0x0000025fc972f5a0 JavaThread "Bundle File Closer" daemon [_thread_blocked, id=13740, stack(0x000000dd56800000,0x000000dd56900000)]
  0x0000025fc9de3d50 JavaThread "SCR Component Actor" daemon [_thread_blocked, id=8048, stack(0x000000dd56700000,0x000000dd56800000)]
  0x0000025fc9de4770 JavaThread "Worker-JM" [_thread_blocked, id=2268, stack(0x000000dd56b00000,0x000000dd56c00000)]
  0x0000025fc9de56a0 JavaThread "Worker-0" [_thread_blocked, id=9012, stack(0x000000dd56a00000,0x000000dd56b00000)]
  0x0000025fc9de4260 JavaThread "Worker-1: Java indexing... " [_thread_blocked, id=12504, stack(0x000000dd56c00000,0x000000dd56d00000)]
  0x0000025fc9de4c80 JavaThread "Worker-2: Initialize Workspace" [_thread_blocked, id=9860, stack(0x000000dd56d00000,0x000000dd56e00000)]
  0x0000025fc9de3840 JavaThread "Java indexing" daemon [_thread_in_Java, id=10288, stack(0x000000dd56f00000,0x000000dd57000000)]
  0x0000025fc9de2400 JavaThread "JNA Cleaner" daemon [_thread_blocked, id=1612, stack(0x000000dd57100000,0x000000dd57200000)]
  0x0000025fcaa3e240 JavaThread "Thread-2" daemon [_thread_in_native, id=13944, stack(0x000000dd57400000,0x000000dd57500000)]
  0x0000025fcaa3c3e0 JavaThread "Thread-3" daemon [_thread_in_native, id=5848, stack(0x000000dd57500000,0x000000dd57600000)]
  0x0000025fcaa3c8f0 JavaThread "Thread-4" daemon [_thread_in_native, id=1624, stack(0x000000dd57600000,0x000000dd57700000)]
  0x0000025fcaa3dd30 JavaThread "Thread-5" daemon [_thread_in_native, id=4484, stack(0x000000dd57700000,0x000000dd57800000)]
  0x0000025fcaa405b0 JavaThread "Thread-6" daemon [_thread_in_native, id=9416, stack(0x000000dd57800000,0x000000dd57900000)]
  0x0000025fcaa39650 JavaThread "Thread-7" daemon [_thread_in_native, id=13776, stack(0x000000dd57900000,0x000000dd57a00000)]
  0x0000025fcaa39140 JavaThread "Thread-8" daemon [_thread_in_native, id=13600, stack(0x000000dd57a00000,0x000000dd57b00000)]
  0x0000025fcaa3ce00 JavaThread "Thread-9" daemon [_thread_in_native, id=5272, stack(0x000000dd57b00000,0x000000dd57c00000)]
  0x0000025fcaa39b60 JavaThread "Thread-10" daemon [_thread_in_native, id=11104, stack(0x000000dd57c00000,0x000000dd57d00000)]
  0x0000025fcaa3aa90 JavaThread "pool-2-thread-1" [_thread_blocked, id=3328, stack(0x000000dd57d00000,0x000000dd57e00000)]
  0x0000025fcaa3afa0 JavaThread "WorkspaceEventsHandler" [_thread_blocked, id=10592, stack(0x000000dd57e00000,0x000000dd57f00000)]
  0x0000025fcaa3d310 JavaThread "pool-1-thread-1" [_thread_blocked, id=11248, stack(0x000000dd57f00000,0x000000dd58000000)]
  0x0000025fcaa3bed0 JavaThread "Worker-3" [_thread_blocked, id=8700, stack(0x000000dd58000000,0x000000dd58100000)]
  0x0000025fcaa3ec60 JavaThread "Timer-0" [_thread_blocked, id=6368, stack(0x000000dd58100000,0x000000dd58200000)]
  0x0000025fcaa3f680 JavaThread "Connection worker" [_thread_in_native, id=13972, stack(0x000000dd58200000,0x000000dd58300000)]
  0x0000025fcaa3d820 JavaThread "Worker-4" [_thread_blocked, id=13516, stack(0x000000dd57000000,0x000000dd57100000)]
  0x0000025fcaa400a0 JavaThread "Worker-5" [_thread_blocked, id=13684, stack(0x000000dd56900000,0x000000dd56a00000)]
  0x0000025fcaa3a070 JavaThread "Worker-6" [_thread_blocked, id=13680, stack(0x000000dd58400000,0x000000dd58500000)]
  0x0000025fce9163e0 JavaThread "C2 CompilerThread1" daemon [_thread_blocked, id=14280, stack(0x000000dd56e00000,0x000000dd56f00000)]
=>0x0000025fce911430 JavaThread "C2 CompilerThread2" daemon [_thread_in_native, id=14276, stack(0x000000dd58300000,0x000000dd58400000)]

Other Threads:
  0x0000025faf2fbf50 VMThread "VM Thread" [stack: 0x000000dd55000000,0x000000dd55100000] [id=13932]
  0x0000025fc87b4680 WatcherThread [stack: 0x000000dd55d00000,0x000000dd55e00000] [id=8092]
  0x0000025faf2859d0 GCTaskThread "GC Thread#0" [stack: 0x000000dd54f00000,0x000000dd55000000] [id=13940]
  0x0000025fc9aeec80 GCTaskThread "GC Thread#1" [stack: 0x000000dd55f00000,0x000000dd56000000] [id=8280]
  0x0000025fc96afe50 GCTaskThread "GC Thread#2" [stack: 0x000000dd56000000,0x000000dd56100000] [id=2640]
  0x0000025fc96b0110 GCTaskThread "GC Thread#3" [stack: 0x000000dd56100000,0x000000dd56200000] [id=11508]
  0x0000025fc96f39d0 GCTaskThread "GC Thread#4" [stack: 0x000000dd56200000,0x000000dd56300000] [id=10528]
  0x0000025fc96f3c90 GCTaskThread "GC Thread#5" [stack: 0x000000dd56300000,0x000000dd56400000] [id=11424]
  0x0000025fc96f3f50 GCTaskThread "GC Thread#6" [stack: 0x000000dd56400000,0x000000dd56500000] [id=4320]
  0x0000025fc98d1530 GCTaskThread "GC Thread#7" [stack: 0x000000dd56600000,0x000000dd56700000] [id=6896]

Threads with active compile tasks:
C2 CompilerThread0    28323 8165   !   4       org.eclipse.jdt.internal.compiler.classfmt.ClassFileReader::<init> (2158 bytes)
C2 CompilerThread2    28323 8164   !   4       java.nio.file.Files::walkFileTree (297 bytes)

VM state: not at safepoint (normal execution)

VM Mutex/Monitor currently owned by a thread: None

Heap address: 0x00000000c0000000, size: 1024 MB, Compressed Oops mode: 32-bit

CDS archive(s) not mapped
Compressed class space mapped at: 0x0000000100000000-0x0000000140000000, reserved size: 1073741824
Narrow klass base: 0x0000000000000000, Narrow klass shift: 3, Narrow klass range: 0x140000000

GC Precious Log:
 CPUs: 8 total, 8 available
 Memory: 8078M
 Large Page Support: Disabled
 NUMA Support: Disabled
 Compressed Oops: Enabled (32-bit)
 Alignments: Space 512K, Generation 512K, Heap 2M
 Heap Min Capacity: 100M
 Heap Initial Capacity: 100M
 Heap Max Capacity: 1G
 Pre-touch: Disabled
 Parallel Workers: 8

Heap:
 PSYoungGen      total 9728K, used 3137K [0x00000000eab00000, 0x00000000eb800000, 0x0000000100000000)
  eden space 7168K, 8% used [0x00000000eab00000,0x00000000eab93c98,0x00000000eb200000)
  from space 2560K, 99% used [0x00000000eb300000,0x00000000eb57c8a0,0x00000000eb580000)
  to   space 2048K, 0% used [0x00000000eb600000,0x00000000eb600000,0x00000000eb800000)
 ParOldGen       total 224256K, used 205335K [0x00000000c0000000, 0x00000000cdb00000, 0x00000000eab00000)
  object space 224256K, 91% used [0x00000000c0000000,0x00000000cc885e28,0x00000000cdb00000)
 Metaspace       used 57045K, committed 58176K, reserved 1114112K
  class space    used 6140K, committed 6592K, reserved 1048576K

Card table byte_map: [0x0000025faec40000,0x0000025faee50000] _byte_map_base: 0x0000025fae640000

Marking Bits: (ParMarkBitMap*) 0x00007ffa75e0d7d0
 Begin Bits: [0x0000025fc0f10000, 0x0000025fc1f10000)
 End Bits:   [0x0000025fc1f10000, 0x0000025fc2f10000)

Polling page: 0x0000025faea30000

Metaspace:

Usage:
  Non-class:     49.71 MB used.
      Class:      6.00 MB used.
       Both:     55.71 MB used.

Virtual space:
  Non-class space:       64.00 MB reserved,      50.38 MB ( 79%) committed,  1 nodes.
      Class space:        1.00 GB reserved,       6.44 MB ( <1%) committed,  1 nodes.
             Both:        1.06 GB reserved,      56.81 MB (  5%) committed. 

Chunk freelists:
   Non-Class:  13.57 MB
       Class:  9.60 MB
        Both:  23.18 MB

MaxMetaspaceSize: unlimited
CompressedClassSpaceSize: 1.00 GB
Initial GC threshold: 21.00 MB
Current GC threshold: 94.50 MB
CDS: off
MetaspaceReclaimPolicy: balanced
 - commit_granule_bytes: 65536.
 - commit_granule_words: 8192.
 - virtual_space_node_default_size: 8388608.
 - enlarge_chunks_in_place: 1.
 - new_chunks_are_fully_committed: 0.
 - uncommit_free_chunks: 1.
 - use_allocation_guard: 0.
 - handle_deallocations: 1.


Internal statistics:

num_allocs_failed_limit: 6.
num_arena_births: 602.
num_arena_deaths: 38.
num_vsnodes_births: 2.
num_vsnodes_deaths: 0.
num_space_committed: 909.
num_space_uncommitted: 0.
num_chunks_returned_to_freelist: 49.
num_chunks_taken_from_freelist: 2673.
num_chunk_merges: 8.
num_chunk_splits: 1738.
num_chunks_enlarged: 1163.
num_inconsistent_stats: 0.

CodeHeap 'non-profiled nmethods': size=120000Kb used=5203Kb max_used=5504Kb free=114796Kb
 bounds [0x0000025fb99e0000, 0x0000025fb9f50000, 0x0000025fc0f10000]
CodeHeap 'profiled nmethods': size=120000Kb used=12449Kb max_used=14486Kb free=107550Kb
 bounds [0x0000025fb1f10000, 0x0000025fb2d40000, 0x0000025fb9440000]
CodeHeap 'non-nmethods': size=5760Kb used=1321Kb max_used=1408Kb free=4438Kb
 bounds [0x0000025fb9440000, 0x0000025fb96b0000, 0x0000025fb99e0000]
 total_blobs=7254 nmethods=6597 adapters=571
 compilation: enabled
              stopped_count=0, restarted_count=0
 full_count=0

Compilation events (20 events):
Event: 27.190 Thread 0x0000025fc84d2630 nmethod 8160 0x0000025fb20b1110 code [0x0000025fb20b12e0, 0x0000025fb20b1778]
Event: 27.190 Thread 0x0000025fc84d2630 8161       3       java.text.Format::format (24 bytes)
Event: 27.191 Thread 0x0000025fc84d2630 nmethod 8161 0x0000025fb24b6890 code [0x0000025fb24b6a60, 0x0000025fb24b6e88]
Event: 27.732 Thread 0x0000025faf32b670 nmethod 8157% 0x0000025fb9c98890 code [0x0000025fb9c98e20, 0x0000025fb9ca0ff8]
Event: 27.737 Thread 0x0000025faf32b670 8165   !   4       org.eclipse.jdt.internal.compiler.classfmt.ClassFileReader::<init> (2158 bytes)
Event: 27.737 Thread 0x0000025fce9163e0 8158   !   4       sun.nio.fs.WindowsPath::initOffsets (153 bytes)
Event: 27.737 Thread 0x0000025fce911430 8163 %     4       org.eclipse.jdt.internal.compiler.util.SimpleLookupTable::rehash @ 23 (86 bytes)
Event: 27.768 Thread 0x0000025fce911430 nmethod 8163% 0x0000025fb9cd3210 code [0x0000025fb9cd3400, 0x0000025fb9cd3e88]
Event: 27.768 Thread 0x0000025fce911430 8164   !   4       java.nio.file.Files::walkFileTree (297 bytes)
Event: 27.796 Thread 0x0000025fce9163e0 nmethod 8158 0x0000025fb9ba6c10 code [0x0000025fb9ba6e20, 0x0000025fb9ba8368]
Event: 27.796 Thread 0x0000025fce9163e0 8153       4       java.util.stream.ReferencePipeline$2$1::begin (13 bytes)
Event: 27.796 Thread 0x0000025fce9163e0 nmethod 8153 0x0000025fb9d1c910 code [0x0000025fb9d1ca80, 0x0000025fb9d1cb38]
Event: 27.796 Thread 0x0000025fce9163e0 8162       4       org.eclipse.jdt.internal.core.search.matching.ConstructorPattern::createDefaultDeclarationIndexKey (13 bytes)
Event: 27.797 Thread 0x0000025fce9163e0 nmethod 8162 0x0000025fb9ea1790 code [0x0000025fb9ea1920, 0x0000025fb9ea19c8]
Event: 27.818 Thread 0x0000025fce9163e0 8166       4       java.util.stream.ReferencePipeline$3::opWrapSink (10 bytes)
Event: 27.820 Thread 0x0000025fce9163e0 nmethod 8166 0x0000025fb9d74390 code [0x0000025fb9d74520, 0x0000025fb9d74698]
Event: 28.005 Thread 0x0000025fce9163e0 8167       4       sun.nio.fs.WindowsPath::normalize (365 bytes)
Event: 28.028 Thread 0x0000025fce9163e0 nmethod 8167 0x0000025fb9e4a610 code [0x0000025fb9e4a800, 0x0000025fb9e4af30]
Event: 28.233 Thread 0x0000025fce9163e0 8168       4       org.eclipse.jdt.internal.compiler.util.Util::scanClassTypeSignature (109 bytes)
Event: 28.241 Thread 0x0000025fce9163e0 nmethod 8168 0x0000025fb9cd2810 code [0x0000025fb9cd29c0, 0x0000025fb9cd2d88]

GC Heap History (20 events):
Event: 27.052 GC heap before
{Heap before GC invocations=107 (full 7):
 PSYoungGen      total 7680K, used 7592K [0x00000000eab00000, 0x00000000eb480000, 0x0000000100000000)
  eden space 6144K, 100% used [0x00000000eab00000,0x00000000eb100000,0x00000000eb100000)
  from space 1536K, 94% used [0x00000000eb300000,0x00000000eb46a1a8,0x00000000eb480000)
  to   space 1536K, 0% used [0x00000000eb180000,0x00000000eb180000,0x00000000eb300000)
 ParOldGen       total 197120K, used 193662K [0x00000000c0000000, 0x00000000cc080000, 0x00000000eab00000)
  object space 197120K, 98% used [0x00000000c0000000,0x00000000cbd1fba0,0x00000000cc080000)
 Metaspace       used 57045K, committed 58176K, reserved 1114112K
  class space    used 6140K, committed 6592K, reserved 1048576K
}
Event: 27.055 GC heap after
{Heap after GC invocations=107 (full 7):
 PSYoungGen      total 7680K, used 1520K [0x00000000eab00000, 0x00000000eb800000, 0x0000000100000000)
  eden space 6144K, 0% used [0x00000000eab00000,0x00000000eab00000,0x00000000eb100000)
  from space 1536K, 99% used [0x00000000eb180000,0x00000000eb2fc3e8,0x00000000eb300000)
  to   space 3584K, 0% used [0x00000000eb480000,0x00000000eb480000,0x00000000eb800000)
 ParOldGen       total 197120K, used 195140K [0x00000000c0000000, 0x00000000cc080000, 0x00000000eab00000)
  object space 197120K, 98% used [0x00000000c0000000,0x00000000cbe913e8,0x00000000cc080000)
 Metaspace       used 57045K, committed 58176K, reserved 1114112K
  class space    used 6140K, committed 6592K, reserved 1048576K
}
Event: 27.076 GC heap before
{Heap before GC invocations=108 (full 7):
 PSYoungGen      total 7680K, used 7664K [0x00000000eab00000, 0x00000000eb800000, 0x0000000100000000)
  eden space 6144K, 100% used [0x00000000eab00000,0x00000000eb100000,0x00000000eb100000)
  from space 1536K, 99% used [0x00000000eb180000,0x00000000eb2fc3e8,0x00000000eb300000)
  to   space 3584K, 0% used [0x00000000eb480000,0x00000000eb480000,0x00000000eb800000)
 ParOldGen       total 197120K, used 195140K [0x00000000c0000000, 0x00000000cc080000, 0x00000000eab00000)
  object space 197120K, 98% used [0x00000000c0000000,0x00000000cbe913e8,0x00000000cc080000)
 Metaspace       used 57045K, committed 58176K, reserved 1114112K
  class space    used 6140K, committed 6592K, reserved 1048576K
}
Event: 27.079 GC heap after
{Heap after GC invocations=108 (full 7):
 PSYoungGen      total 7680K, used 1504K [0x00000000eab00000, 0x00000000eb600000, 0x0000000100000000)
  eden space 6144K, 0% used [0x00000000eab00000,0x00000000eab00000,0x00000000eb100000)
  from space 1536K, 97% used [0x00000000eb480000,0x00000000eb5f8000,0x00000000eb600000)
  to   space 2048K, 0% used [0x00000000eb200000,0x00000000eb200000,0x00000000eb400000)
 ParOldGen       total 197120K, used 196622K [0x00000000c0000000, 0x00000000cc080000, 0x00000000eab00000)
  object space 197120K, 99% used [0x00000000c0000000,0x00000000cc003a18,0x00000000cc080000)
 Metaspace       used 57045K, committed 58176K, reserved 1114112K
  class space    used 6140K, committed 6592K, reserved 1048576K
}
Event: 27.079 GC heap before
{Heap before GC invocations=109 (full 8):
 PSYoungGen      total 7680K, used 1504K [0x00000000eab00000, 0x00000000eb600000, 0x0000000100000000)
  eden space 6144K, 0% used [0x00000000eab00000,0x00000000eab00000,0x00000000eb100000)
  from space 1536K, 97% used [0x00000000eb480000,0x00000000eb5f8000,0x00000000eb600000)
  to   space 2048K, 0% used [0x00000000eb200000,0x00000000eb200000,0x00000000eb400000)
 ParOldGen       total 197120K, used 196622K [0x00000000c0000000, 0x00000000cc080000, 0x00000000eab00000)
  object space 197120K, 99% used [0x00000000c0000000,0x00000000cc003a18,0x00000000cc080000)
 Metaspace       used 57045K, committed 58176K, reserved 1114112K
  class space    used 6140K, committed 6592K, reserved 1048576K
}
Event: 27.189 GC heap after
{Heap after GC invocations=109 (full 8):
 PSYoungGen      total 9216K, used 0K [0x00000000eab00000, 0x00000000eb600000, 0x0000000100000000)
  eden space 7168K, 0% used [0x00000000eab00000,0x00000000eab00000,0x00000000eb200000)
  from space 2048K, 0% used [0x00000000eb200000,0x00000000eb200000,0x00000000eb400000)
  to   space 2048K, 0% used [0x00000000eb400000,0x00000000eb400000,0x00000000eb600000)
 ParOldGen       total 224256K, used 194524K [0x00000000c0000000, 0x00000000cdb00000, 0x00000000eab00000)
  object space 224256K, 86% used [0x00000000c0000000,0x00000000cbdf7368,0x00000000cdb00000)
 Metaspace       used 57045K, committed 58176K, reserved 1114112K
  class space    used 6140K, committed 6592K, reserved 1048576K
}
Event: 27.279 GC heap before
{Heap before GC invocations=110 (full 8):
 PSYoungGen      total 9216K, used 7168K [0x00000000eab00000, 0x00000000eb600000, 0x0000000100000000)
  eden space 7168K, 100% used [0x00000000eab00000,0x00000000eb200000,0x00000000eb200000)
  from space 2048K, 0% used [0x00000000eb200000,0x00000000eb200000,0x00000000eb400000)
  to   space 2048K, 0% used [0x00000000eb400000,0x00000000eb400000,0x00000000eb600000)
 ParOldGen       total 224256K, used 194524K [0x00000000c0000000, 0x00000000cdb00000, 0x00000000eab00000)
  object space 224256K, 86% used [0x00000000c0000000,0x00000000cbdf7368,0x00000000cdb00000)
 Metaspace       used 57045K, committed 58176K, reserved 1114112K
  class space    used 6140K, committed 6592K, reserved 1048576K
}
Event: 27.282 GC heap after
{Heap after GC invocations=110 (full 8):
 PSYoungGen      total 9216K, used 1795K [0x00000000eab00000, 0x00000000eb600000, 0x0000000100000000)
  eden space 7168K, 0% used [0x00000000eab00000,0x00000000eab00000,0x00000000eb200000)
  from space 2048K, 87% used [0x00000000eb400000,0x00000000eb5c0e08,0x00000000eb600000)
  to   space 2048K, 0% used [0x00000000eb200000,0x00000000eb200000,0x00000000eb400000)
 ParOldGen       total 224256K, used 194524K [0x00000000c0000000, 0x00000000cdb00000, 0x00000000eab00000)
  object space 224256K, 86% used [0x00000000c0000000,0x00000000cbdf7368,0x00000000cdb00000)
 Metaspace       used 57045K, committed 58176K, reserved 1114112K
  class space    used 6140K, committed 6592K, reserved 1048576K
}
Event: 27.457 GC heap before
{Heap before GC invocations=111 (full 8):
 PSYoungGen      total 9216K, used 8963K [0x00000000eab00000, 0x00000000eb600000, 0x0000000100000000)
  eden space 7168K, 100% used [0x00000000eab00000,0x00000000eb200000,0x00000000eb200000)
  from space 2048K, 87% used [0x00000000eb400000,0x00000000eb5c0e08,0x00000000eb600000)
  to   space 2048K, 0% used [0x00000000eb200000,0x00000000eb200000,0x00000000eb400000)
 ParOldGen       total 224256K, used 194524K [0x00000000c0000000, 0x00000000cdb00000, 0x00000000eab00000)
  object space 224256K, 86% used [0x00000000c0000000,0x00000000cbdf7368,0x00000000cdb00000)
 Metaspace       used 57045K, committed 58176K, reserved 1114112K
  class space    used 6140K, committed 6592K, reserved 1048576K
}
Event: 27.463 GC heap after
{Heap after GC invocations=111 (full 8):
 PSYoungGen      total 9216K, used 2048K [0x00000000eab00000, 0x00000000eba00000, 0x0000000100000000)
  eden space 7168K, 0% used [0x00000000eab00000,0x00000000eab00000,0x00000000eb200000)
  from space 2048K, 100% used [0x00000000eb200000,0x00000000eb400000,0x00000000eb400000)
  to   space 4096K, 0% used [0x00000000eb600000,0x00000000eb600000,0x00000000eba00000)
 ParOldGen       total 224256K, used 195855K [0x00000000c0000000, 0x00000000cdb00000, 0x00000000eab00000)
  object space 224256K, 87% used [0x00000000c0000000,0x00000000cbf43df8,0x00000000cdb00000)
 Metaspace       used 57045K, committed 58176K, reserved 1114112K
  class space    used 6140K, committed 6592K, reserved 1048576K
}
Event: 27.515 GC heap before
{Heap before GC invocations=112 (full 8):
 PSYoungGen      total 9216K, used 9216K [0x00000000eab00000, 0x00000000eba00000, 0x0000000100000000)
  eden space 7168K, 100% used [0x00000000eab00000,0x00000000eb200000,0x00000000eb200000)
  from space 2048K, 100% used [0x00000000eb200000,0x00000000eb400000,0x00000000eb400000)
  to   space 4096K, 0% used [0x00000000eb600000,0x00000000eb600000,0x00000000eba00000)
 ParOldGen       total 224256K, used 195855K [0x00000000c0000000, 0x00000000cdb00000, 0x00000000eab00000)
  object space 224256K, 87% used [0x00000000c0000000,0x00000000cbf43df8,0x00000000cdb00000)
 Metaspace       used 57045K, committed 58176K, reserved 1114112K
  class space    used 6140K, committed 6592K, reserved 1048576K
}
Event: 27.520 GC heap after
{Heap after GC invocations=112 (full 8):
 PSYoungGen      total 9216K, used 1728K [0x00000000eab00000, 0x00000000eb800000, 0x0000000100000000)
  eden space 7168K, 0% used [0x00000000eab00000,0x00000000eab00000,0x00000000eb200000)
  from space 2048K, 84% used [0x00000000eb600000,0x00000000eb7b0000,0x00000000eb800000)
  to   space 2560K, 0% used [0x00000000eb300000,0x00000000eb300000,0x00000000eb580000)
 ParOldGen       total 224256K, used 197891K [0x00000000c0000000, 0x00000000cdb00000, 0x00000000eab00000)
  object space 224256K, 88% used [0x00000000c0000000,0x00000000cc140df0,0x00000000cdb00000)
 Metaspace       used 57045K, committed 58176K, reserved 1114112K
  class space    used 6140K, committed 6592K, reserved 1048576K
}
Event: 27.583 GC heap before
{Heap before GC invocations=113 (full 8):
 PSYoungGen      total 9216K, used 8896K [0x00000000eab00000, 0x00000000eb800000, 0x0000000100000000)
  eden space 7168K, 100% used [0x00000000eab00000,0x00000000eb200000,0x00000000eb200000)
  from space 2048K, 84% used [0x00000000eb600000,0x00000000eb7b0000,0x00000000eb800000)
  to   space 2560K, 0% used [0x00000000eb300000,0x00000000eb300000,0x00000000eb580000)
 ParOldGen       total 224256K, used 197891K [0x00000000c0000000, 0x00000000cdb00000, 0x00000000eab00000)
  object space 224256K, 88% used [0x00000000c0000000,0x00000000cc140df0,0x00000000cdb00000)
 Metaspace       used 57045K, committed 58176K, reserved 1114112K
  class space    used 6140K, committed 6592K, reserved 1048576K
}
Event: 27.587 GC heap after
{Heap after GC invocations=113 (full 8):
 PSYoungGen      total 9728K, used 2544K [0x00000000eab00000, 0x00000000eba00000, 0x0000000100000000)
  eden space 7168K, 0% used [0x00000000eab00000,0x00000000eab00000,0x00000000eb200000)
  from space 2560K, 99% used [0x00000000eb300000,0x00000000eb57c010,0x00000000eb580000)
  to   space 4096K, 0% used [0x00000000eb600000,0x00000000eb600000,0x00000000eba00000)
 ParOldGen       total 224256K, used 198899K [0x00000000c0000000, 0x00000000cdb00000, 0x00000000eab00000)
  object space 224256K, 88% used [0x00000000c0000000,0x00000000cc23cda0,0x00000000cdb00000)
 Metaspace       used 57045K, committed 58176K, reserved 1114112K
  class space    used 6140K, committed 6592K, reserved 1048576K
}
Event: 27.639 GC heap before
{Heap before GC invocations=114 (full 8):
 PSYoungGen      total 9728K, used 9712K [0x00000000eab00000, 0x00000000eba00000, 0x0000000100000000)
  eden space 7168K, 100% used [0x00000000eab00000,0x00000000eb200000,0x00000000eb200000)
  from space 2560K, 99% used [0x00000000eb300000,0x00000000eb57c010,0x00000000eb580000)
  to   space 4096K, 0% used [0x00000000eb600000,0x00000000eb600000,0x00000000eba00000)
 ParOldGen       total 224256K, used 198899K [0x00000000c0000000, 0x00000000cdb00000, 0x00000000eab00000)
  object space 224256K, 88% used [0x00000000c0000000,0x00000000cc23cda0,0x00000000cdb00000)
 Metaspace       used 57045K, committed 58176K, reserved 1114112K
  class space    used 6140K, committed 6592K, reserved 1048576K
}
Event: 27.644 GC heap after
{Heap after GC invocations=114 (full 8):
 PSYoungGen      total 9216K, used 1845K [0x00000000eab00000, 0x00000000eb800000, 0x0000000100000000)
  eden space 7168K, 0% used [0x00000000eab00000,0x00000000eab00000,0x00000000eb200000)
  from space 2048K, 90% used [0x00000000eb600000,0x00000000eb7cd5c8,0x00000000eb800000)
  to   space 2560K, 0% used [0x00000000eb300000,0x00000000eb300000,0x00000000eb580000)
 ParOldGen       total 224256K, used 201428K [0x00000000c0000000, 0x00000000cdb00000, 0x00000000eab00000)
  object space 224256K, 89% used [0x00000000c0000000,0x00000000cc4b51f0,0x00000000cdb00000)
 Metaspace       used 57045K, committed 58176K, reserved 1114112K
  class space    used 6140K, committed 6592K, reserved 1048576K
}
Event: 27.810 GC heap before
{Heap before GC invocations=115 (full 8):
 PSYoungGen      total 9216K, used 9013K [0x00000000eab00000, 0x00000000eb800000, 0x0000000100000000)
  eden space 7168K, 100% used [0x00000000eab00000,0x00000000eb200000,0x00000000eb200000)
  from space 2048K, 90% used [0x00000000eb600000,0x00000000eb7cd5c8,0x00000000eb800000)
  to   space 2560K, 0% used [0x00000000eb300000,0x00000000eb300000,0x00000000eb580000)
 ParOldGen       total 224256K, used 201428K [0x00000000c0000000, 0x00000000cdb00000, 0x00000000eab00000)
  object space 224256K, 89% used [0x00000000c0000000,0x00000000cc4b51f0,0x00000000cdb00000)
 Metaspace       used 57045K, committed 58176K, reserved 1114112K
  class space    used 6140K, committed 6592K, reserved 1048576K
}
Event: 27.813 GC heap after
{Heap after GC invocations=115 (full 8):
 PSYoungGen      total 9728K, used 2559K [0x00000000eab00000, 0x00000000eba00000, 0x0000000100000000)
  eden space 7168K, 0% used [0x00000000eab00000,0x00000000eab00000,0x00000000eb200000)
  from space 2560K, 99% used [0x00000000eb300000,0x00000000eb57fc78,0x00000000eb580000)
  to   space 4096K, 0% used [0x00000000eb600000,0x00000000eb600000,0x00000000eba00000)
 ParOldGen       total 224256K, used 202192K [0x00000000c0000000, 0x00000000cdb00000, 0x00000000eab00000)
  object space 224256K, 90% used [0x00000000c0000000,0x00000000cc574328,0x00000000cdb00000)
 Metaspace       used 57045K, committed 58176K, reserved 1114112K
  class space    used 6140K, committed 6592K, reserved 1048576K
}
Event: 28.033 GC heap before
{Heap before GC invocations=116 (full 8):
 PSYoungGen      total 9728K, used 9727K [0x00000000eab00000, 0x00000000eba00000, 0x0000000100000000)
  eden space 7168K, 100% used [0x00000000eab00000,0x00000000eb200000,0x00000000eb200000)
  from space 2560K, 99% used [0x00000000eb300000,0x00000000eb57fc78,0x00000000eb580000)
  to   space 4096K, 0% used [0x00000000eb600000,0x00000000eb600000,0x00000000eba00000)
 ParOldGen       total 224256K, used 202192K [0x00000000c0000000, 0x00000000cdb00000, 0x00000000eab00000)
  object space 224256K, 90% used [0x00000000c0000000,0x00000000cc574328,0x00000000cdb00000)
 Metaspace       used 57045K, committed 58176K, reserved 1114112K
  class space    used 6140K, committed 6592K, reserved 1048576K
}
Event: 28.038 GC heap after
{Heap after GC invocations=116 (full 8):
 PSYoungGen      total 9216K, used 1811K [0x00000000eab00000, 0x00000000eb800000, 0x0000000100000000)
  eden space 7168K, 0% used [0x00000000eab00000,0x00000000eab00000,0x00000000eb200000)
  from space 2048K, 88% used [0x00000000eb600000,0x00000000eb7c4f50,0x00000000eb800000)
  to   space 2560K, 0% used [0x00000000eb300000,0x00000000eb300000,0x00000000eb580000)
 ParOldGen       total 224256K, used 204660K [0x00000000c0000000, 0x00000000cdb00000, 0x00000000eab00000)
  object space 224256K, 91% used [0x00000000c0000000,0x00000000cc7dd278,0x00000000cdb00000)
 Metaspace       used 57045K, committed 58176K, reserved 1114112K
  class space    used 6140K, committed 6592K, reserved 1048576K
}

Dll operation events (10 events):
Event: 0.065 Loaded shared library c:\Users\Hp\.vscode\extensions\redhat.java-1.30.0-win32-x64\jre\17.0.10-win32-x86_64\bin\java.dll
Event: 0.278 Loaded shared library c:\Users\Hp\.vscode\extensions\redhat.java-1.30.0-win32-x64\jre\17.0.10-win32-x86_64\bin\zip.dll
Event: 0.282 Loaded shared library C:\Users\Hp\.vscode\extensions\redhat.java-1.30.0-win32-x64\jre\17.0.10-win32-x86_64\bin\instrument.dll
Event: 0.303 Loaded shared library C:\Users\Hp\.vscode\extensions\redhat.java-1.30.0-win32-x64\jre\17.0.10-win32-x86_64\bin\net.dll
Event: 0.306 Loaded shared library C:\Users\Hp\.vscode\extensions\redhat.java-1.30.0-win32-x64\jre\17.0.10-win32-x86_64\bin\nio.dll
Event: 0.313 Loaded shared library C:\Users\Hp\.vscode\extensions\redhat.java-1.30.0-win32-x64\jre\17.0.10-win32-x86_64\bin\zip.dll
Event: 0.330 Loaded shared library C:\Users\Hp\.vscode\extensions\redhat.java-1.30.0-win32-x64\jre\17.0.10-win32-x86_64\bin\jimage.dll
Event: 0.388 Loaded shared library c:\Users\Hp\.vscode\extensions\redhat.java-1.30.0-win32-x64\jre\17.0.10-win32-x86_64\bin\verify.dll
Event: 5.423 Loaded shared library C:\Users\Hp\AppData\Roaming\Code\User\globalStorage\redhat.java\1.30.0\config_win\org.eclipse.equinox.launcher\org.eclipse.equinox.launcher.win32.win32.x86_64_1.2.900.v20240213-1244\eclipse_11900.dll
Event: 15.992 Loaded shared library C:\Users\Hp\AppData\Local\Temp\jna-2344\jna5831234447817847405.dll

Deoptimization events (20 events):
Event: 27.660 Thread 0x0000025fc9de3840 DEOPT PACKING pc=0x0000025fb2af08a2 sp=0x000000dd56ffec90
Event: 27.660 Thread 0x0000025fc9de3840 DEOPT UNPACKING pc=0x0000025fb9496e43 sp=0x000000dd56ffe1b0 mode 0
Event: 27.674 Thread 0x0000025fc9de3840 DEOPT PACKING pc=0x0000025fb2aaf145 sp=0x000000dd56ffe730
Event: 27.674 Thread 0x0000025fc9de3840 DEOPT UNPACKING pc=0x0000025fb9496e43 sp=0x000000dd56ffdcd0 mode 0
Event: 27.688 Thread 0x0000025fc9de3840 DEOPT PACKING pc=0x0000025fb2aaf145 sp=0x000000dd56ffe730
Event: 27.688 Thread 0x0000025fc9de3840 DEOPT UNPACKING pc=0x0000025fb9496e43 sp=0x000000dd56ffdcd0 mode 0
Event: 27.736 Thread 0x0000025fc9de3840 DEOPT PACKING pc=0x0000025fb2aaf145 sp=0x000000dd56ffe730
Event: 27.736 Thread 0x0000025fc9de3840 DEOPT UNPACKING pc=0x0000025fb9496e43 sp=0x000000dd56ffdcd0 mode 0
Event: 27.988 Thread 0x0000025fc9de3840 DEOPT PACKING pc=0x0000025fb2aaf145 sp=0x000000dd56ffe730
Event: 27.988 Thread 0x0000025fc9de3840 DEOPT UNPACKING pc=0x0000025fb9496e43 sp=0x000000dd56ffdcd0 mode 0
Event: 28.008 Thread 0x0000025fc9de3840 DEOPT PACKING pc=0x0000025fb2aaf145 sp=0x000000dd56ffe730
Event: 28.008 Thread 0x0000025fc9de3840 DEOPT UNPACKING pc=0x0000025fb9496e43 sp=0x000000dd56ffdcd0 mode 0
Event: 28.136 Thread 0x0000025fc9de3840 DEOPT PACKING pc=0x0000025fb2aaf145 sp=0x000000dd56ffe730
Event: 28.136 Thread 0x0000025fc9de3840 DEOPT UNPACKING pc=0x0000025fb9496e43 sp=0x000000dd56ffdcd0 mode 0
Event: 28.190 Thread 0x0000025fc9de3840 DEOPT PACKING pc=0x0000025fb2aaf145 sp=0x000000dd56ffe730
Event: 28.190 Thread 0x0000025fc9de3840 DEOPT UNPACKING pc=0x0000025fb9496e43 sp=0x000000dd56ffdcd0 mode 0
Event: 28.248 Thread 0x0000025fc9de3840 DEOPT PACKING pc=0x0000025fb2aaf145 sp=0x000000dd56ffe730
Event: 28.248 Thread 0x0000025fc9de3840 DEOPT UNPACKING pc=0x0000025fb9496e43 sp=0x000000dd56ffdcd0 mode 0
Event: 28.281 Thread 0x0000025fc9de3840 DEOPT PACKING pc=0x0000025fb2aaf145 sp=0x000000dd56ffe730
Event: 28.281 Thread 0x0000025fc9de3840 DEOPT UNPACKING pc=0x0000025fb9496e43 sp=0x000000dd56ffdcd0 mode 0

Classes unloaded (19 events):
Event: 14.615 Thread 0x0000025faf2fbf50 Unloading class 0x000000010024bc00 'java/lang/invoke/LambdaForm$MH+0x000000010024bc00'
Event: 14.615 Thread 0x0000025faf2fbf50 Unloading class 0x000000010024b800 'java/lang/invoke/LambdaForm$MH+0x000000010024b800'
Event: 14.615 Thread 0x0000025faf2fbf50 Unloading class 0x000000010024b400 'java/lang/invoke/LambdaForm$MH+0x000000010024b400'
Event: 14.615 Thread 0x0000025faf2fbf50 Unloading class 0x000000010024b000 'java/lang/invoke/LambdaForm$MH+0x000000010024b000'
Event: 14.615 Thread 0x0000025faf2fbf50 Unloading class 0x000000010024ac00 'java/lang/invoke/LambdaForm$BMH+0x000000010024ac00'
Event: 14.615 Thread 0x0000025faf2fbf50 Unloading class 0x000000010024a800 'java/lang/invoke/LambdaForm$DMH+0x000000010024a800'
Event: 14.615 Thread 0x0000025faf2fbf50 Unloading class 0x0000000100244400 'java/lang/invoke/LambdaForm$DMH+0x0000000100244400'
Event: 21.835 Thread 0x0000025faf2fbf50 Unloading class 0x0000000100464c00 'java/lang/invoke/LambdaForm$MH+0x0000000100464c00'
Event: 21.835 Thread 0x0000025faf2fbf50 Unloading class 0x0000000100464400 'java/lang/invoke/LambdaForm$MH+0x0000000100464400'
Event: 21.836 Thread 0x0000025faf2fbf50 Unloading class 0x0000000100463800 'java/lang/invoke/LambdaForm$MH+0x0000000100463800'
Event: 21.836 Thread 0x0000025faf2fbf50 Unloading class 0x0000000100463000 'java/lang/invoke/LambdaForm$MH+0x0000000100463000'
Event: 21.836 Thread 0x0000025faf2fbf50 Unloading class 0x0000000100462c00 'java/lang/invoke/LambdaForm$DMH+0x0000000100462c00'
Event: 21.836 Thread 0x0000025faf2fbf50 Unloading class 0x0000000100462000 'java/lang/invoke/LambdaForm$MH+0x0000000100462000'
Event: 21.836 Thread 0x0000025faf2fbf50 Unloading class 0x0000000100461800 'java/lang/invoke/LambdaForm$MH+0x0000000100461800'
Event: 21.836 Thread 0x0000025faf2fbf50 Unloading class 0x0000000100453400 'java/lang/invoke/LambdaForm$MH+0x0000000100453400'
Event: 21.836 Thread 0x0000025faf2fbf50 Unloading class 0x0000000100452c00 'java/lang/invoke/LambdaForm$MH+0x0000000100452c00'
Event: 21.836 Thread 0x0000025faf2fbf50 Unloading class 0x0000000100452400 'java/lang/invoke/LambdaForm$MH+0x0000000100452400'
Event: 21.836 Thread 0x0000025faf2fbf50 Unloading class 0x0000000100451c00 'java/lang/invoke/LambdaForm$MH+0x0000000100451c00'
Event: 21.836 Thread 0x0000025faf2fbf50 Unloading class 0x0000000100451400 'java/lang/invoke/LambdaForm$MH+0x0000000100451400'

Classes redefined (0 events):
No events

Internal exceptions (20 events):
Event: 19.367 Thread 0x0000025fc9de4c80 Exception <a 'sun/nio/fs/WindowsException'{0x00000000ebdd3528}> (0x00000000ebdd3528) 
thrown [s\src\hotspot\share\prims\jni.cpp, line 516]
Event: 19.367 Thread 0x0000025fc9de4c80 Exception <a 'sun/nio/fs/WindowsException'{0x00000000ebdd3c28}> (0x00000000ebdd3c28) 
thrown [s\src\hotspot\share\prims\jni.cpp, line 516]
Event: 19.367 Thread 0x0000025fc9de4c80 Exception <a 'sun/nio/fs/WindowsException'{0x00000000ebdd8068}> (0x00000000ebdd8068) 
thrown [s\src\hotspot\share\prims\jni.cpp, line 516]
Event: 19.367 Thread 0x0000025fc9de4c80 Exception <a 'sun/nio/fs/WindowsException'{0x00000000ebdd86a0}> (0x00000000ebdd86a0) 
thrown [s\src\hotspot\share\prims\jni.cpp, line 516]
Event: 19.367 Thread 0x0000025fc9de4c80 Exception <a 'sun/nio/fs/WindowsException'{0x00000000ebdd8cd8}> (0x00000000ebdd8cd8) 
thrown [s\src\hotspot\share\prims\jni.cpp, line 516]
Event: 19.367 Thread 0x0000025fc9de4c80 Exception <a 'sun/nio/fs/WindowsException'{0x00000000ebdd9330}> (0x00000000ebdd9330) 
thrown [s\src\hotspot\share\prims\jni.cpp, line 516]
Event: 19.367 Thread 0x0000025fc9de4c80 Exception <a 'sun/nio/fs/WindowsException'{0x00000000ebddde68}> (0x00000000ebddde68) 
thrown [s\src\hotspot\share\prims\jni.cpp, line 516]
Event: 19.368 Thread 0x0000025fc9de4c80 Exception <a 'sun/nio/fs/WindowsException'{0x00000000ebdde470}> (0x00000000ebdde470) 
thrown [s\src\hotspot\share\prims\jni.cpp, line 516]
Event: 19.368 Thread 0x0000025fc9de4c80 Exception <a 'sun/nio/fs/WindowsException'{0x00000000ebddea78}> (0x00000000ebddea78) 
thrown [s\src\hotspot\share\prims\jni.cpp, line 516]
Event: 19.368 Thread 0x0000025fc9de4c80 Exception <a 'sun/nio/fs/WindowsException'{0x00000000ebddf0a0}> (0x00000000ebddf0a0) 
thrown [s\src\hotspot\share\prims\jni.cpp, line 516]
Event: 19.474 Thread 0x0000025fc9de4c80 Exception <a 'sun/nio/fs/WindowsException'{0x00000000eb2dc5f0}> (0x00000000eb2dc5f0) 
thrown [s\src\hotspot\share\prims\jni.cpp, line 516]
Event: 19.474 Thread 0x0000025fc9de4c80 Exception <a 'sun/nio/fs/WindowsException'{0x00000000eb2dcbe8}> (0x00000000eb2dcbe8) 
thrown [s\src\hotspot\share\prims\jni.cpp, line 516]
Event: 19.474 Thread 0x0000025fc9de4c80 Exception <a 'sun/nio/fs/WindowsException'{0x00000000eb2dd1e0}> (0x00000000eb2dd1e0) 
thrown [s\src\hotspot\share\prims\jni.cpp, line 516]
Event: 19.474 Thread 0x0000025fc9de4c80 Exception <a 'sun/nio/fs/WindowsException'{0x00000000eb2dd7f0}> (0x00000000eb2dd7f0) 
thrown [s\src\hotspot\share\prims\jni.cpp, line 516]
Event: 20.225 Thread 0x0000025fc9de56a0 Exception <a 'java/io/FileNotFoundException'{0x00000000eaed1d68}> (0x00000000eaed1d68) 
thrown [s\src\hotspot\share\prims\jni.cpp, line 516]
Event: 20.815 Thread 0x0000025fc9de3840 Implicit null exception at 0x0000025fb9de672c to 0x0000025fb9de684c
Event: 21.450 Thread 0x0000025fc9de56a0 Exception <a 'java/io/FileNotFoundException'{0x00000000eb2f3830}> (0x00000000eb2f3830) 
thrown [s\src\hotspot\share\prims\jni.cpp, line 516]
Event: 21.996 Thread 0x0000025fc9de56a0 Exception <a 'java/io/FileNotFoundException'{0x00000000ead3e168}> (0x00000000ead3e168) 
thrown [s\src\hotspot\share\prims\jni.cpp, line 516]
Event: 21.997 Thread 0x0000025fc9de56a0 Exception <a 'java/io/FileNotFoundException'{0x00000000ead3f148}> (0x00000000ead3f148) 
thrown [s\src\hotspot\share\prims\jni.cpp, line 516]
Event: 21.997 Thread 0x0000025fc9de56a0 Exception <a 'java/io/FileNotFoundException'{0x00000000ead3fe80}> (0x00000000ead3fe80) 
thrown [s\src\hotspot\share\prims\jni.cpp, line 516]

VM Operations (20 events):
Event: 27.024 Executing VM operation: ParallelGCFailedAllocation
Event: 27.027 Executing VM operation: ParallelGCFailedAllocation done
Event: 27.052 Executing VM operation: ParallelGCFailedAllocation
Event: 27.055 Executing VM operation: ParallelGCFailedAllocation done
Event: 27.076 Executing VM operation: ParallelGCFailedAllocation
Event: 27.189 Executing VM operation: ParallelGCFailedAllocation done
Event: 27.279 Executing VM operation: ParallelGCFailedAllocation
Event: 27.282 Executing VM operation: ParallelGCFailedAllocation done
Event: 27.457 Executing VM operation: ParallelGCFailedAllocation
Event: 27.463 Executing VM operation: ParallelGCFailedAllocation done
Event: 27.515 Executing VM operation: ParallelGCFailedAllocation
Event: 27.520 Executing VM operation: ParallelGCFailedAllocation done
Event: 27.583 Executing VM operation: ParallelGCFailedAllocation
Event: 27.587 Executing VM operation: ParallelGCFailedAllocation done
Event: 27.639 Executing VM operation: ParallelGCFailedAllocation
Event: 27.644 Executing VM operation: ParallelGCFailedAllocation done
Event: 27.810 Executing VM operation: ParallelGCFailedAllocation
Event: 27.813 Executing VM operation: ParallelGCFailedAllocation done
Event: 28.033 Executing VM operation: ParallelGCFailedAllocation
Event: 28.038 Executing VM operation: ParallelGCFailedAllocation done

Events (20 events):
Event: 24.465 Thread 0x0000025faf32c390 flushing nmethod 0x0000025fb2c80f10
Event: 24.465 Thread 0x0000025faf32c390 flushing nmethod 0x0000025fb2c81a90
Event: 24.465 Thread 0x0000025faf32c390 flushing nmethod 0x0000025fb2c81e10
Event: 24.465 Thread 0x0000025faf32c390 flushing nmethod 0x0000025fb2c82490
Event: 24.465 Thread 0x0000025faf32c390 flushing nmethod 0x0000025fb2c82b10
Event: 24.465 Thread 0x0000025faf32c390 flushing nmethod 0x0000025fb2c86c10
Event: 24.465 Thread 0x0000025faf32c390 flushing nmethod 0x0000025fb2c8a890
Event: 24.465 Thread 0x0000025faf32c390 flushing nmethod 0x0000025fb2c8b190
Event: 24.465 Thread 0x0000025faf32c390 flushing nmethod 0x0000025fb2c8bb90
Event: 24.466 Thread 0x0000025faf32c390 flushing nmethod 0x0000025fb2c9c410
Event: 24.466 Thread 0x0000025faf32c390 flushing nmethod 0x0000025fb2ce4910
Event: 24.466 Thread 0x0000025faf32c390 flushing nmethod 0x0000025fb2cf0f10
Event: 24.466 Thread 0x0000025faf32c390 flushing nmethod 0x0000025fb2d03b10
Event: 24.466 Thread 0x0000025faf32c390 flushing nmethod 0x0000025fb2d18f90
Event: 24.466 Thread 0x0000025faf32c390 flushing nmethod 0x0000025fb2d20d90
Event: 24.466 Thread 0x0000025faf32c390 flushing nmethod 0x0000025fb2d26f90
Event: 24.843 Thread 0x0000025fca0b10a0 Thread exited: 0x0000025fca0b10a0
Event: 25.783 Thread 0x0000025fca0b00b0 Thread exited: 0x0000025fca0b00b0
Event: 27.736 Thread 0x0000025fce9163e0 Thread added: 0x0000025fce9163e0
Event: 27.736 Thread 0x0000025fce911430 Thread added: 0x0000025fce911430


Dynamic libraries:
0x00007ff62bb30000 - 0x00007ff62bb3e000 	c:\Users\Hp\.vscode\extensions\redhat.java-1.30.0-win32-x64\jre\17.0.10-win32-x86_64\bin\java.exe
0x00007ffada130000 - 0x00007ffada328000 	C:\WINDOWS\SYSTEM32\ntdll.dll
0x00007ffad9b90000 - 0x00007ffad9c4d000 	C:\WINDOWS\System32\KERNEL32.DLL
0x00007ffad79c0000 - 0x00007ffad7cb6000 	C:\WINDOWS\System32\KERNELBASE.dll
0x00007ffad7d10000 - 0x00007ffad7e10000 	C:\WINDOWS\System32\ucrtbase.dll
0x00007ffaadab0000 - 0x00007ffaadacb000 	c:\Users\Hp\.vscode\extensions\redhat.java-1.30.0-win32-x64\jre\17.0.10-win32-x86_64\bin\VCRUNTIME140.dll
0x00007ffaada90000 - 0x00007ffaadaa7000 	c:\Users\Hp\.vscode\extensions\redhat.java-1.30.0-win32-x64\jre\17.0.10-win32-x86_64\bin\jli.dll
0x00007ffad91b0000 - 0x00007ffad934f000 	C:\WINDOWS\System32\USER32.dll
0x00007ffad7e10000 - 0x00007ffad7e32000 	C:\WINDOWS\System32\win32u.dll
0x00007ffab6090000 - 0x00007ffab632a000 	C:\WINDOWS\WinSxS\amd64_microsoft.windows.common-controls_6595b64144ccf1df_6.0.19041.3636_none_60b6a03d71f818d5\COMCTL32.dll
0x00007ffad8aa0000 - 0x00007ffad8acb000 	C:\WINDOWS\System32\GDI32.dll
0x00007ffad9370000 - 0x00007ffad940e000 	C:\WINDOWS\System32\msvcrt.dll
0x00007ffad8040000 - 0x00007ffad8157000 	C:\WINDOWS\System32\gdi32full.dll
0x00007ffad7e40000 - 0x00007ffad7edd000 	C:\WINDOWS\System32\msvcp_win.dll
0x00007ffad8280000 - 0x00007ffad82b2000 	C:\WINDOWS\System32\IMM32.DLL
0x00007ffab4d90000 - 0x00007ffab4d9c000 	c:\Users\Hp\.vscode\extensions\redhat.java-1.30.0-win32-x64\jre\17.0.10-win32-x86_64\bin\vcruntime140_1.dll
0x00007ffa98b60000 - 0x00007ffa98bed000 	c:\Users\Hp\.vscode\extensions\redhat.java-1.30.0-win32-x64\jre\17.0.10-win32-x86_64\bin\msvcp140.dll
0x00007ffa75270000 - 0x00007ffa75ed2000 	c:\Users\Hp\.vscode\extensions\redhat.java-1.30.0-win32-x64\jre\17.0.10-win32-x86_64\bin\server\jvm.dll
0x00007ffad8ad0000 - 0x00007ffad8b80000 	C:\WINDOWS\System32\ADVAPI32.dll
0x00007ffad8370000 - 0x00007ffad8410000 	C:\WINDOWS\System32\sechost.dll
0x00007ffad8b80000 - 0x00007ffad8ca3000 	C:\WINDOWS\System32\RPCRT4.dll
0x00007ffad7870000 - 0x00007ffad7897000 	C:\WINDOWS\System32\bcrypt.dll
0x00007ffad6d70000 - 0x00007ffad6dbb000 	C:\WINDOWS\SYSTEM32\POWRPROF.dll
0x00007ffad1780000 - 0x00007ffad1789000 	C:\WINDOWS\SYSTEM32\WSOCK32.dll
0x00007ffac2930000 - 0x00007ffac2957000 	C:\WINDOWS\SYSTEM32\WINMM.dll
0x00007ffad8a30000 - 0x00007ffad8a9b000 	C:\WINDOWS\System32\WS2_32.dll
0x00007ffad0b10000 - 0x00007ffad0b1a000 	C:\WINDOWS\SYSTEM32\VERSION.dll
0x00007ffad6be0000 - 0x00007ffad6bf2000 	C:\WINDOWS\SYSTEM32\UMPDC.dll
0x00007ffad6030000 - 0x00007ffad6042000 	C:\WINDOWS\SYSTEM32\kernel.appcore.dll
0x00007ffab3d70000 - 0x00007ffab3d7a000 	c:\Users\Hp\.vscode\extensions\redhat.java-1.30.0-win32-x64\jre\17.0.10-win32-x86_64\bin\jimage.dll
0x00007ffad5570000 - 0x00007ffad5754000 	C:\WINDOWS\SYSTEM32\DBGHELP.DLL
0x00007ffacc7a0000 - 0x00007ffacc7d4000 	C:\WINDOWS\SYSTEM32\dbgcore.DLL
0x00007ffad77e0000 - 0x00007ffad7862000 	C:\WINDOWS\System32\bcryptPrimitives.dll
0x00007ffab3c80000 - 0x00007ffab3c8e000 	c:\Users\Hp\.vscode\extensions\redhat.java-1.30.0-win32-x64\jre\17.0.10-win32-x86_64\bin\instrument.dll
0x00007ffaa5660000 - 0x00007ffaa5685000 	c:\Users\Hp\.vscode\extensions\redhat.java-1.30.0-win32-x64\jre\17.0.10-win32-x86_64\bin\java.dll
0x00007ffaaad20000 - 0x00007ffaaad38000 	c:\Users\Hp\.vscode\extensions\redhat.java-1.30.0-win32-x64\jre\17.0.10-win32-x86_64\bin\zip.dll
0x00007ffad9420000 - 0x00007ffad9b8b000 	C:\WINDOWS\System32\SHELL32.dll
0x00007ffad5850000 - 0x00007ffad5fee000 	C:\WINDOWS\SYSTEM32\windows.storage.dll
0x00007ffad9c50000 - 0x00007ffad9fa3000 	C:\WINDOWS\System32\combase.dll
0x00007ffad7210000 - 0x00007ffad723e000 	C:\WINDOWS\SYSTEM32\Wldp.dll
0x00007ffad8520000 - 0x00007ffad85ed000 	C:\WINDOWS\System32\OLEAUT32.dll
0x00007ffad8470000 - 0x00007ffad851d000 	C:\WINDOWS\System32\SHCORE.dll
0x00007ffad8960000 - 0x00007ffad89b5000 	C:\WINDOWS\System32\shlwapi.dll
0x00007ffad7710000 - 0x00007ffad7733000 	C:\WINDOWS\SYSTEM32\profapi.dll
0x00007ffaaa810000 - 0x00007ffaaa829000 	C:\Users\Hp\.vscode\extensions\redhat.java-1.30.0-win32-x64\jre\17.0.10-win32-x86_64\bin\net.dll
0x00007ffacecf0000 - 0x00007ffacedfa000 	C:\WINDOWS\SYSTEM32\WINHTTP.dll
0x00007ffad6f70000 - 0x00007ffad6fda000 	C:\WINDOWS\system32\mswsock.dll
0x00007ffaa9ee0000 - 0x00007ffaa9ef6000 	C:\Users\Hp\.vscode\extensions\redhat.java-1.30.0-win32-x64\jre\17.0.10-win32-x86_64\bin\nio.dll
0x00007ffaade60000 - 0x00007ffaade70000 	c:\Users\Hp\.vscode\extensions\redhat.java-1.30.0-win32-x64\jre\17.0.10-win32-x86_64\bin\verify.dll
0x00007ffaa4510000 - 0x00007ffaa454e000 	C:\Users\Hp\AppData\Roaming\Code\User\globalStorage\redhat.java\1.30.0\config_win\org.eclipse.equinox.launcher\org.eclipse.equinox.launcher.win32.win32.x86_64_1.2.900.v20240213-1244\eclipse_11900.dll
0x00007ffad8830000 - 0x00007ffad895b000 	C:\WINDOWS\System32\ole32.dll
0x00007ffad7160000 - 0x00007ffad7178000 	C:\WINDOWS\SYSTEM32\CRYPTSP.dll
0x00007ffad6820000 - 0x00007ffad6854000 	C:\WINDOWS\system32\rsaenh.dll
0x00007ffad76d0000 - 0x00007ffad76fe000 	C:\WINDOWS\SYSTEM32\USERENV.dll
0x00007ffad7180000 - 0x00007ffad718c000 	C:\WINDOWS\SYSTEM32\CRYPTBASE.dll
0x00007ffad6c00000 - 0x00007ffad6c3b000 	C:\WINDOWS\SYSTEM32\IPHLPAPI.DLL
0x00007ffad8cb0000 - 0x00007ffad8cb8000 	C:\WINDOWS\System32\NSI.dll
0x00007ffacfe70000 - 0x00007ffacfe87000 	C:\WINDOWS\SYSTEM32\dhcpcsvc6.DLL
0x00007ffad0190000 - 0x00007ffad01ad000 	C:\WINDOWS\SYSTEM32\dhcpcsvc.DLL
0x00007ffad6c40000 - 0x00007ffad6d0b000 	C:\WINDOWS\SYSTEM32\DNSAPI.dll
0x00007ffaa4320000 - 0x00007ffaa4365000 	C:\Users\Hp\AppData\Local\Temp\jna-2344\jna5831234447817847405.dll
0x00007ffad8a20000 - 0x00007ffad8a28000 	C:\WINDOWS\System32\PSAPI.DLL

dbghelp: loaded successfully - version: 4.0.5 - missing functions: none
symbol engine: initialized successfully - sym options: 0x614 - pdb path: .;c:\Users\Hp\.vscode\extensions\redhat.java-1.30.0-win32-x64\jre\17.0.10-win32-x86_64\bin;C:\WINDOWS\SYSTEM32;C:\WINDOWS\WinSxS\amd64_microsoft.windows.common-controls_6595b64144ccf1df_6.0.19041.3636_none_60b6a03d71f818d5;c:\Users\Hp\.vscode\extensions\redhat.java-1.30.0-win32-x64\jre\17.0.10-win32-x86_64\bin\server;C:\Users\Hp\AppData\Roaming\Code\User\globalStorage\redhat.java\1.30.0\config_win\org.eclipse.equinox.launcher\org.eclipse.equinox.launcher.win32.win32.x86_64_1.2.900.v20240213-1244;C:\Users\Hp\AppData\Local\Temp\jna-2344

VM Arguments:
jvm_args: --add-modules=ALL-SYSTEM --add-opens=java.base/java.util=ALL-UNNAMED --add-opens=java.base/java.lang=ALL-UNNAMED --add-opens=java.base/sun.nio.fs=ALL-UNNAMED -Declipse.application=org.eclipse.jdt.ls.core.id1 -Dosgi.bundles.defaultStartLevel=4 -Declipse.product=org.eclipse.jdt.ls.core.product -Djava.import.generatesMetadataFilesAtProjectRoot=false -DDetectVMInstallationsJob.disabled=true -Dfile.encoding=utf8 -XX:+UseParallelGC -XX:GCTimeRatio=4 -XX:AdaptiveSizePolicyWeight=90 -Dsun.zip.disableMemoryMapping=true -Xmx1G -Xms100m -Xlog:disable -javaagent:c:\Users\Hp\.vscode\extensions\redhat.java-1.30.0-win32-x64\lombok\lombok-1.18.32.jar -XX:+HeapDumpOnOutOfMemoryError -XX:HeapDumpPath=c:\Users\Hp\AppData\Roaming\Code\User\workspaceStorage\3bfe5321d796c89da0ad2cda76232276\redhat.java -Daether.dependencyCollector.impl=bf 
java_command: c:\Users\Hp\.vscode\extensions\redhat.java-1.30.0-win32-x64\server\plugins\org.eclipse.equinox.launcher_1.6.800.v20240330-1250.jar -configuration c:\Users\Hp\AppData\Roaming\Code\User\globalStorage\redhat.java\1.30.0\config_win -data c:\Users\Hp\AppData\Roaming\Code\User\workspaceStorage\3bfe5321d796c89da0ad2cda76232276\redhat.java\jdt_ws --pipe=\\.\pipe\lsp-e65ee7825ecfd8f2891432e8c0e2163f-sock
java_class_path (initial): c:\Users\Hp\.vscode\extensions\redhat.java-1.30.0-win32-x64\server\plugins\org.eclipse.equinox.launcher_1.6.800.v20240330-1250.jar
Launcher Type: SUN_STANDARD

[Global flags]
    uintx AdaptiveSizePolicyWeight                 = 90                                        {product} {command line}
     intx CICompilerCount                          = 4                                         {product} {ergonomic}
    uintx GCTimeRatio                              = 4                                         {product} {command line}
     bool HeapDumpOnOutOfMemoryError               = true                                   {manageable} {command line}
    ccstr HeapDumpPath                             = c:\Users\Hp\AppData\Roaming\Code\User\workspaceStorage\3bfe5321d796c89da0ad2cda76232276\redhat.java         {manageable} {command line}
   size_t InitialHeapSize                          = 104857600                                 {product} {command line}
   size_t MaxHeapSize                              = 1073741824                                {product} {command line}
   size_t MaxNewSize                               = 357564416                                 {product} {ergonomic}
   size_t MinHeapDeltaBytes                        = 524288                                    {product} {ergonomic}
   size_t MinHeapSize                              = 104857600                                 {product} {command line}
   size_t NewSize                                  = 34603008                                  {product} {ergonomic}
    uintx NonNMethodCodeHeapSize                   = 5839372                                {pd product} {ergonomic}
    uintx NonProfiledCodeHeapSize                  = 122909434                              {pd product} {ergonomic}
   size_t OldSize                                  = 70254592                                  {product} {ergonomic}
    uintx ProfiledCodeHeapSize                     = 122909434                              {pd product} {ergonomic}
    uintx ReservedCodeCacheSize                    = 251658240                              {pd product} {ergonomic}
     bool SegmentedCodeCache                       = true                                      {product} {ergonomic}
   size_t SoftMaxHeapSize                          = 1073741824                             {manageable} {ergonomic}
     bool UseCompressedClassPointers               = true                           {product lp64_product} {ergonomic}
     bool UseCompressedOops                        = true                           {product lp64_product} {ergonomic}
     bool UseLargePagesIndividualAllocation        = false                                  {pd product} {ergonomic}
     bool UseParallelGC                            = true                                      {product} {command line}

Logging:
Log output configuration:
 #0: stdout all=off uptime,level,tags
 #1: stderr all=off uptime,level,tags

Environment Variables:
JAVA_HOME=C:\Program Files\Java\jdk-17.0.5
PATH=C:\Program Files\Java\jdk-17.0.5\bin;C:\Python312\;C:\Program Files\Common Files\Oracle\Java\javapath;C:\Windows\system32;C:\Windows;C:\Windows\System32\Wbem;C:\Windows\System32\WindowsPowerShell\v1.0\;C:\Windows\System32\OpenSSH\;C:\Program Files (x86)\NVIDIA Corporation\PhysX\Common;C:\Program Files\NVIDIA Corporation\NVIDIA NvDLISR;C:\WINDOWS\system32;C:\WINDOWS;C:\WINDOWS\System32\Wbem;C:\WINDOWS\System32\WindowsPowerShell\v1.0\;C:\WINDOWS\System32\OpenSSH\;C:\Program Files\dotnet\;C:\Program Files\Git\cmd;C:\Program Files\nodejs\;C:\ProgramData\chocolatey\bin;D:\Web FullStack Diploma(Array)\XAMPP;D:\XAMPP\php;C:\composer;C:\Program Files\Wondershare\Wondershare DemoCreator;C:\Program Files\Gradle\gradle-8.7\bin;C:\Users\Hp\AppData\Local\Programs\Python\Python311\Scripts\;C:\Users\Hp\AppData\Local\Programs\Python\Python311\;C:\Users\Hp\AppData\Local\Microsoft\WindowsApps;C:\Users\Hp\AppData\Local\Programs\Microsoft VS Code\bin;C:\Program Files\Java\jdk-11.0.6\bin;C:\Users\Hp\AppData\Local\Android\Sdk\platform-tools;C:\Users\Hp\AppData\Local\Android\Sdk\tools;C:\Users\Hp\.dotnet\tools;C:\Users\Hp\AppData\Roaming\npm;C:\Users\Hp\AppData\Roaming\Composer\vendor\bin;C:\Users\Hp\AppData\Local\atom\bin
USERNAME=Hp
OS=Windows_NT
PROCESSOR_IDENTIFIER=Intel64 Family 6 Model 142 Stepping 12, GenuineIntel
TMP=C:\Users\Hp\AppData\Local\Temp
TEMP=C:\Users\Hp\AppData\Local\Temp



Periodic native trim disabled


---------------  S Y S T E M  ---------------

OS:
 Windows 10 , 64 bit Build 19041 (10.0.19041.3636)
OS uptime: 0 days 1:26 hours

CPU: total 8 (initial active 8) (4 cores per cpu, 2 threads per core) family 6 model 142 stepping 12 microcode 0xea, cx8, cmov, fxsr, ht, mmx, 3dnowpref, sse, sse2, sse3, ssse3, sse4.1, sse4.2, popcnt, lzcnt, tsc, tscinvbit, avx, avx2, aes, erms, clmul, bmi1, bmi2, adx, fma, vzeroupper, clflush, clflushopt
Processor Information for all 8 processors :
  Max Mhz: 1800, Current Mhz: 1600, Mhz Limit: 1584

Memory: 4k page, system-wide physical 8078M (807M free)
TotalPageFile size 15520M (AvailPageFile size 3M)
current process WorkingSet (physical memory assigned to process): 481M, peak: 481M
current process commit charge ("private bytes"): 463M, peak: 464M

vm_info: OpenJDK 64-Bit Server VM (17.0.10+7) for windows-amd64 JRE (17.0.10+7), built on Jan 16 2024 23:25:11 by "admin" with MS VC++ 16.10 / 16.11 (VS2019)

END.
