#
# There is insufficient memory for the Java Runtime Environment to continue.
# Native memory allocation (malloc) failed to allocate 1457296 bytes for Chunk::new
# Possible reasons:
#   The system is out of physical RAM or swap space
#   The process is running with CompressedOops enabled, and the Java Heap may be blocking the growth of the native heap
# Possible solutions:
#   Reduce memory load on the system
#   Increase physical memory or swap space
#   Check if swap backing store is full
#   Decrease Java heap size (-Xmx/-Xms)
#   Decrease number of Java threads
#   Decrease Java thread stack sizes (-Xss)
#   Set larger code cache with -XX:ReservedCodeCacheSize=
#   JVM is running with Unscaled Compressed Oops mode in which the Java heap is
#     placed in the first 4GB address space. The Java Heap base address is the
#     maximum limit for the native heap growth. Please use -XX:HeapBaseMinAddress
#     to set the Java Heap base and to place the Java Heap above 4GB virtual address.
# This output file may be truncated or incomplete.
#
#  Out of Memory Error (arena.cpp:191), pid=13952, tid=14012
#
# JRE version: OpenJDK Runtime Environment Temurin-17.0.10+7 (17.0.10+7) (build 17.0.10+7)
# Java VM: OpenJDK 64-Bit Server VM Temurin-17.0.10+7 (17.0.10+7, mixed mode, tiered, compressed oops, compressed class ptrs, parallel gc, windows-amd64)
# No core dump will be written. Minidumps are not enabled by default on client versions of Windows
#

---------------  S U M M A R Y ------------

Command Line: --add-modules=ALL-SYSTEM --add-opens=java.base/java.util=ALL-UNNAMED --add-opens=java.base/java.lang=ALL-UNNAMED --add-opens=java.base/sun.nio.fs=ALL-UNNAMED -Declipse.application=org.eclipse.jdt.ls.core.id1 -Dosgi.bundles.defaultStartLevel=4 -Declipse.product=org.eclipse.jdt.ls.core.product -Djava.import.generatesMetadataFilesAtProjectRoot=false -DDetectVMInstallationsJob.disabled=true -Dfile.encoding=utf8 -XX:+UseParallelGC -XX:GCTimeRatio=4 -XX:AdaptiveSizePolicyWeight=90 -Dsun.zip.disableMemoryMapping=true -Xmx1G -Xms100m -Xlog:disable -javaagent:c:\Users\Hp\.vscode\extensions\redhat.java-1.30.0-win32-x64\lombok\lombok-1.18.32.jar -XX:+HeapDumpOnOutOfMemoryError -XX:HeapDumpPath=c:\Users\Hp\AppData\Roaming\Code\User\workspaceStorage\3bfe5321d796c89da0ad2cda76232276\redhat.java -Daether.dependencyCollector.impl=bf c:\Users\Hp\.vscode\extensions\redhat.java-1.30.0-win32-x64\server\plugins\org.eclipse.equinox.launcher_1.6.800.v20240330-1250.jar -configuration c:\Users\Hp\AppData\Roaming\Code\User\globalStorage\redhat.java\1.30.0\config_win -data c:\Users\Hp\AppData\Roaming\Code\User\workspaceStorage\3bfe5321d796c89da0ad2cda76232276\redhat.java\jdt_ws --pipe=\\.\pipe\lsp-e7fb0b9aa6ef47ab9bb405065870479c-sock

Host: Intel(R) Core(TM) i5-8265U CPU @ 1.60GHz, 8 cores, 7G,  Windows 10 , 64 bit Build 19041 (10.0.19041.3636)
Time: Sun Apr 28 22:54:58 2024 Egypt Daylight Time elapsed time: 26.637665 seconds (0d 0h 0m 26s)

---------------  T H R E A D  ---------------

Current thread (0x000002a746bad470):  JavaThread "C2 CompilerThread0" daemon [_thread_in_native, id=14012, stack(0x000000e362100000,0x000000e362200000)]


Current CompileTask:
C2:  26637 8631       4       org.eclipse.jdt.internal.compiler.util.JrtFileSystem$2::visitFile (72 bytes)

Stack: [0x000000e362100000,0x000000e362200000]
Native frames: (J=compiled Java code, j=interpreted, Vv=VM code, C=native code)
V  [jvm.dll+0x67d2c9]
V  [jvm.dll+0x834afa]
V  [jvm.dll+0x8365be]
V  [jvm.dll+0x836c23]
V  [jvm.dll+0x2477ff]
V  [jvm.dll+0xac514]
V  [jvm.dll+0xacb5c]
V  [jvm.dll+0x3667d7]
V  [jvm.dll+0x1bcf72]
V  [jvm.dll+0x21a049]
V  [jvm.dll+0x219311]
V  [jvm.dll+0x1a502d]
V  [jvm.dll+0x2290de]
V  [jvm.dll+0x2272ac]
V  [jvm.dll+0x7e9bb7]
V  [jvm.dll+0x7e3fba]
V  [jvm.dll+0x67c1b5]
C  [ucrtbase.dll+0x21bb2]
C  [KERNEL32.DLL+0x17344]
C  [ntdll.dll+0x526b1]


---------------  P R O C E S S  ---------------

Threads class SMR info:
_java_thread_list=0x000002a74ee75c50, length=51, elements={
0x000002a732d17da0, 0x000002a746ba8e60, 0x000002a74be138d0, 0x000002a74be53540,
0x000002a74be542d0, 0x000002a74be55800, 0x000002a74be216e0, 0x000002a746bad470,
0x000002a74be76690, 0x000002a746bad990, 0x000002a74bf55f90, 0x000002a74ce2ba30,
0x000002a74d24f030, 0x000002a74d826080, 0x000002a74d826970, 0x000002a74dff60f0,
0x000002a74df9c840, 0x000002a74daffeb0, 0x000002a74db01d10, 0x000002a74db01800,
0x000002a74daff490, 0x000002a74db02730, 0x000002a74dafef80, 0x000002a74db008d0,
0x000002a74db003c0, 0x000002a74db012f0, 0x000002a74e4e6ec0, 0x000002a74e4e9c50,
0x000002a74e4ec4d0, 0x000002a74e4ebab0, 0x000002a74e4e9230, 0x000002a74e4e5570,
0x000002a74e4e5a80, 0x000002a74e4eb090, 0x000002a74e4e8d20, 0x000002a74e4e5f90,
0x000002a74e4ea670, 0x000002a74e4e8810, 0x000002a74e4eb5a0, 0x000002a74e4e5060,
0x000002a74e4e9740, 0x000002a74e4e69b0, 0x000002a74e4e8300, 0x000002a750e27910,
0x000002a750451700, 0x000002a74e4ec9e0, 0x000002a74e4e78e0, 0x000002a74e4e7df0,
0x000002a7502b1660, 0x000002a7502b34c0, 0x000002a7502b1b70
}

Java Threads: ( => current thread )
  0x000002a732d17da0 JavaThread "main" [_thread_blocked, id=13976, stack(0x000000e361800000,0x000000e361900000)]
  0x000002a746ba8e60 JavaThread "Reference Handler" daemon [_thread_blocked, id=13988, stack(0x000000e361b00000,0x000000e361c00000)]
  0x000002a74be138d0 JavaThread "Finalizer" daemon [_thread_blocked, id=13992, stack(0x000000e361c00000,0x000000e361d00000)]
  0x000002a74be53540 JavaThread "Signal Dispatcher" daemon [_thread_blocked, id=13996, stack(0x000000e361d00000,0x000000e361e00000)]
  0x000002a74be542d0 JavaThread "Attach Listener" daemon [_thread_blocked, id=14000, stack(0x000000e361e00000,0x000000e361f00000)]
  0x000002a74be55800 JavaThread "Service Thread" daemon [_thread_blocked, id=14004, stack(0x000000e361f00000,0x000000e362000000)]
  0x000002a74be216e0 JavaThread "Monitor Deflation Thread" daemon [_thread_blocked, id=14008, stack(0x000000e362000000,0x000000e362100000)]
=>0x000002a746bad470 JavaThread "C2 CompilerThread0" daemon [_thread_in_native, id=14012, stack(0x000000e362100000,0x000000e362200000)]
  0x000002a74be76690 JavaThread "C1 CompilerThread0" daemon [_thread_blocked, id=14016, stack(0x000000e362200000,0x000000e362300000)]
  0x000002a746bad990 JavaThread "Sweeper thread" daemon [_thread_blocked, id=14020, stack(0x000000e362300000,0x000000e362400000)]
  0x000002a74bf55f90 JavaThread "Common-Cleaner" daemon [_thread_blocked, id=14024, stack(0x000000e362400000,0x000000e362500000)]
  0x000002a74ce2ba30 JavaThread "Notification Thread" daemon [_thread_blocked, id=14032, stack(0x000000e362600000,0x000000e362700000)]
  0x000002a74d24f030 JavaThread "Active Thread: Equinox Container: bc61b31f-fa94-4c6f-8b63-07e5177c3fca" [_thread_blocked, id=14080, stack(0x000000e362f00000,0x000000e363000000)]
  0x000002a74d826080 JavaThread "Framework Event Dispatcher: Equinox Container: bc61b31f-fa94-4c6f-8b63-07e5177c3fca" daemon [_thread_blocked, id=14160, stack(0x000000e363000000,0x000000e363100000)]
  0x000002a74d826970 JavaThread "Start Level: Equinox Container: bc61b31f-fa94-4c6f-8b63-07e5177c3fca" daemon [_thread_blocked, id=14164, stack(0x000000e363100000,0x000000e363200000)]
  0x000002a74dff60f0 JavaThread "Bundle File Closer" daemon [_thread_blocked, id=3424, stack(0x000000e362800000,0x000000e362900000)]
  0x000002a74df9c840 JavaThread "SCR Component Actor" daemon [_thread_blocked, id=4660, stack(0x000000e363300000,0x000000e363400000)]
  0x000002a74daffeb0 JavaThread "Worker-JM" [_thread_blocked, id=3756, stack(0x000000e363500000,0x000000e363600000)]
  0x000002a74db01d10 JavaThread "Worker-0: Java indexing... " [_thread_blocked, id=4016, stack(0x000000e363600000,0x000000e363700000)]
  0x000002a74db01800 JavaThread "Worker-1" [_thread_blocked, id=10644, stack(0x000000e363700000,0x000000e363800000)]
  0x000002a74daff490 JavaThread "Worker-2" [_thread_blocked, id=2616, stack(0x000000e363800000,0x000000e363900000)]
  0x000002a74db02730 JavaThread "Java indexing" daemon [_thread_in_Java, id=13496, stack(0x000000e363900000,0x000000e363a00000)]
  0x000002a74dafef80 JavaThread "Worker-3" [_thread_blocked, id=13512, stack(0x000000e363b00000,0x000000e363c00000)]
  0x000002a74db008d0 JavaThread "JNA Cleaner" daemon [_thread_blocked, id=13516, stack(0x000000e363200000,0x000000e363300000)]
  0x000002a74db003c0 JavaThread "Thread-2" daemon [_thread_in_native, id=13468, stack(0x000000e363f00000,0x000000e364000000)]
  0x000002a74db012f0 JavaThread "Thread-3" daemon [_thread_in_native, id=13452, stack(0x000000e364000000,0x000000e364100000)]
  0x000002a74e4e6ec0 JavaThread "Thread-4" daemon [_thread_in_native, id=13428, stack(0x000000e364100000,0x000000e364200000)]
  0x000002a74e4e9c50 JavaThread "Thread-5" daemon [_thread_in_native, id=13460, stack(0x000000e364200000,0x000000e364300000)]
  0x000002a74e4ec4d0 JavaThread "Thread-6" daemon [_thread_in_native, id=13464, stack(0x000000e364300000,0x000000e364400000)]
  0x000002a74e4ebab0 JavaThread "Thread-7" daemon [_thread_in_native, id=13424, stack(0x000000e364400000,0x000000e364500000)]
  0x000002a74e4e9230 JavaThread "Thread-8" daemon [_thread_in_native, id=13456, stack(0x000000e364500000,0x000000e364600000)]
  0x000002a74e4e5570 JavaThread "Thread-9" daemon [_thread_in_native, id=13432, stack(0x000000e364600000,0x000000e364700000)]
  0x000002a74e4e5a80 JavaThread "Thread-10" daemon [_thread_in_native, id=13488, stack(0x000000e364700000,0x000000e364800000)]
  0x000002a74e4eb090 JavaThread "pool-2-thread-1" [_thread_blocked, id=13540, stack(0x000000e364800000,0x000000e364900000)]
  0x000002a74e4e8d20 JavaThread "WorkspaceEventsHandler" [_thread_blocked, id=1372, stack(0x000000e364900000,0x000000e364a00000)]
  0x000002a74e4e5f90 JavaThread "pool-1-thread-1" [_thread_blocked, id=11508, stack(0x000000e364a00000,0x000000e364b00000)]
  0x000002a74e4ea670 JavaThread "Timer-0" [_thread_blocked, id=13400, stack(0x000000e363400000,0x000000e363500000)]
  0x000002a74e4e8810 JavaThread "Worker-4" [_thread_blocked, id=13408, stack(0x000000e364b00000,0x000000e364c00000)]
  0x000002a74e4eb5a0 JavaThread "Worker-5: Initialize workspace" [_thread_blocked, id=10480, stack(0x000000e364c00000,0x000000e364d00000)]
  0x000002a74e4e5060 JavaThread "Exec process" [_thread_blocked, id=5200, stack(0x000000e363e00000,0x000000e363f00000)]
  0x000002a74e4e9740 JavaThread "Exec process Thread 2" [_thread_blocked, id=11392, stack(0x000000e364e00000,0x000000e364f00000)]
  0x000002a74e4e69b0 JavaThread "Exec process Thread 3" [_thread_blocked, id=5900, stack(0x000000e364f00000,0x000000e365000000)]
  0x000002a74e4e8300 JavaThread "Timer-1" [_thread_blocked, id=2628, stack(0x000000e365000000,0x000000e365100000)]
  0x000002a750e27910 JavaThread "C2 CompilerThread1" daemon [_thread_blocked, id=8716, stack(0x000000e363d00000,0x000000e363e00000)]
  0x000002a750451700 JavaThread "C2 CompilerThread2" daemon [_thread_in_native, id=9512, stack(0x000000e365100000,0x000000e365200000)]
  0x000002a74e4ec9e0 JavaThread "ForkJoinPool.commonPool-worker-1" daemon [_thread_in_native, id=6316, stack(0x000000e365200000,0x000000e365300000)]
  0x000002a74e4e78e0 JavaThread "ForkJoinPool.commonPool-worker-2" daemon [_thread_blocked, id=12264, stack(0x000000e365300000,0x000000e365400000)]
  0x000002a74e4e7df0 JavaThread "ForkJoinPool.commonPool-worker-3" daemon [_thread_blocked, id=13152, stack(0x000000e365400000,0x000000e365500000)]
  0x000002a7502b1660 JavaThread "ForkJoinPool.commonPool-worker-4" daemon [_thread_blocked, id=8596, stack(0x000000e365500000,0x000000e365600000)]
  0x000002a7502b34c0 JavaThread "ForkJoinPool.commonPool-worker-5" daemon [_thread_blocked, id=2244, stack(0x000000e365600000,0x000000e365700000)]
  0x000002a7502b1b70 JavaThread "ForkJoinPool.commonPool-worker-6" daemon [_thread_blocked, id=4644, stack(0x000000e365700000,0x000000e365800000)]

Other Threads:
  0x000002a74be00c20 VMThread "VM Thread" [stack: 0x000000e361a00000,0x000000e361b00000] [id=13984]
  0x000002a74c1d3b00 WatcherThread [stack: 0x000000e362700000,0x000000e362800000] [id=14036]
  0x000002a732d2f050 GCTaskThread "GC Thread#0" [stack: 0x000000e361900000,0x000000e361a00000] [id=13980]
  0x000002a74d254800 GCTaskThread "GC Thread#1" [stack: 0x000000e362900000,0x000000e362a00000] [id=14048]
  0x000002a74cfc03e0 GCTaskThread "GC Thread#2" [stack: 0x000000e362a00000,0x000000e362b00000] [id=14052]
  0x000002a74cfc06a0 GCTaskThread "GC Thread#3" [stack: 0x000000e362b00000,0x000000e362c00000] [id=14056]
  0x000002a74cfc0960 GCTaskThread "GC Thread#4" [stack: 0x000000e362c00000,0x000000e362d00000] [id=14060]
  0x000002a74cfc0c20 GCTaskThread "GC Thread#5" [stack: 0x000000e362d00000,0x000000e362e00000] [id=14064]
  0x000002a74cfc0ee0 GCTaskThread "GC Thread#6" [stack: 0x000000e362e00000,0x000000e362f00000] [id=14068]
  0x000002a730b99a90 GCTaskThread "GC Thread#7" [stack: 0x000000e362500000,0x000000e362600000] [id=14316]

Threads with active compile tasks:
C2 CompilerThread0    26659 8631       4       org.eclipse.jdt.internal.compiler.util.JrtFileSystem$2::visitFile (72 bytes)
C2 CompilerThread2    26659 8709   !   4       org.eclipse.jdt.internal.core.search.indexing.AddJrtToIndex$JrtIndexer::visitFile (133 bytes)

VM state: not at safepoint (normal execution)

VM Mutex/Monitor currently owned by a thread: None

Heap address: 0x00000000c0000000, size: 1024 MB, Compressed Oops mode: 32-bit

CDS archive(s) not mapped
Compressed class space mapped at: 0x0000000100000000-0x0000000140000000, reserved size: 1073741824
Narrow klass base: 0x0000000000000000, Narrow klass shift: 3, Narrow klass range: 0x140000000

GC Precious Log:
 CPUs: 8 total, 8 available
 Memory: 8078M
 Large Page Support: Disabled
 NUMA Support: Disabled
 Compressed Oops: Enabled (32-bit)
 Alignments: Space 512K, Generation 512K, Heap 2M
 Heap Min Capacity: 100M
 Heap Initial Capacity: 100M
 Heap Max Capacity: 1G
 Pre-touch: Disabled
 Parallel Workers: 8

Heap:
 PSYoungGen      total 52736K, used 24194K [0x00000000eab00000, 0x00000000ef580000, 0x0000000100000000)
  eden space 43520K, 34% used [0x00000000eab00000,0x00000000eb9a1408,0x00000000ed580000)
  from space 9216K, 99% used [0x00000000ed580000,0x00000000ede7f520,0x00000000ede80000)
  to   space 15360K, 0% used [0x00000000ee680000,0x00000000ee680000,0x00000000ef580000)
 ParOldGen       total 312320K, used 289201K [0x00000000c0000000, 0x00000000d3100000, 0x00000000eab00000)
  object space 312320K, 92% used [0x00000000c0000000,0x00000000d1a6c7a0,0x00000000d3100000)
 Metaspace       used 65647K, committed 66880K, reserved 1114112K
  class space    used 7508K, committed 8064K, reserved 1048576K

Card table byte_map: [0x000002a7326c0000,0x000002a7328d0000] _byte_map_base: 0x000002a7320c0000

Marking Bits: (ParMarkBitMap*) 0x00007ffb6951d7d0
 Begin Bits: [0x000002a7449b0000, 0x000002a7459b0000)
 End Bits:   [0x000002a7459b0000, 0x000002a7469b0000)

Polling page: 0x000002a730cc0000

Metaspace:

Usage:
  Non-class:     56.78 MB used.
      Class:      7.33 MB used.
       Both:     64.11 MB used.

Virtual space:
  Non-class space:       64.00 MB reserved,      57.44 MB ( 90%) committed,  1 nodes.
      Class space:        1.00 GB reserved,       7.88 MB ( <1%) committed,  1 nodes.
             Both:        1.06 GB reserved,      65.31 MB (  6%) committed. 

Chunk freelists:
   Non-Class:  5.76 MB
       Class:  7.98 MB
        Both:  13.74 MB

MaxMetaspaceSize: unlimited
CompressedClassSpaceSize: 1.00 GB
Initial GC threshold: 21.00 MB
Current GC threshold: 96.38 MB
CDS: off
MetaspaceReclaimPolicy: balanced
 - commit_granule_bytes: 65536.
 - commit_granule_words: 8192.
 - virtual_space_node_default_size: 8388608.
 - enlarge_chunks_in_place: 1.
 - new_chunks_are_fully_committed: 0.
 - uncommit_free_chunks: 1.
 - use_allocation_guard: 0.
 - handle_deallocations: 1.


Internal statistics:

num_allocs_failed_limit: 6.
num_arena_births: 654.
num_arena_deaths: 28.
num_vsnodes_births: 2.
num_vsnodes_deaths: 0.
num_space_committed: 1045.
num_space_uncommitted: 0.
num_chunks_returned_to_freelist: 38.
num_chunks_taken_from_freelist: 3151.
num_chunk_merges: 11.
num_chunk_splits: 2021.
num_chunks_enlarged: 1315.
num_inconsistent_stats: 0.

CodeHeap 'non-profiled nmethods': size=120000Kb used=5911Kb max_used=5911Kb free=114088Kb
 bounds [0x000002a73d480000, 0x000002a73da50000, 0x000002a7449b0000]
CodeHeap 'profiled nmethods': size=120000Kb used=13537Kb max_used=14293Kb free=106462Kb
 bounds [0x000002a7359b0000, 0x000002a7367c0000, 0x000002a73cee0000]
CodeHeap 'non-nmethods': size=5760Kb used=1343Kb max_used=1437Kb free=4417Kb
 bounds [0x000002a73cee0000, 0x000002a73d150000, 0x000002a73d480000]
 total_blobs=7799 nmethods=7118 adapters=593
 compilation: enabled
              stopped_count=0, restarted_count=0
 full_count=0

Compilation events (20 events):
Event: 26.447 Thread 0x000002a750451700 nmethod 8524 0x000002a73da3a490 code [0x000002a73da3a620, 0x000002a73da3a818]
Event: 26.447 Thread 0x000002a750451700 8679       4       org.eclipse.jdt.internal.core.JavaModelCache::getInfo (156 bytes)
Event: 26.497 Thread 0x000002a74be76690 8704       3       org.eclipse.core.runtime.Path::computeSegments (163 bytes)
Event: 26.500 Thread 0x000002a74be76690 nmethod 8704 0x000002a7359cbd90 code [0x000002a7359cc100, 0x000002a7359cdac8]
Event: 26.500 Thread 0x000002a74be76690 8706       3       java.net.URI::toLower (19 bytes)
Event: 26.500 Thread 0x000002a74be76690 nmethod 8706 0x000002a7360d1090 code [0x000002a7360d1220, 0x000002a7360d13b8]
Event: 26.510 Thread 0x000002a74be76690 8707       3       org.eclipse.jdt.internal.compiler.classfmt.AnnotationInfo::scanAnnotation (330 bytes)
Event: 26.511 Thread 0x000002a74be76690 nmethod 8707 0x000002a736655810 code [0x000002a736655b00, 0x000002a736656c08]
Event: 26.513 Thread 0x000002a750e27910 nmethod 8681 0x000002a73da3ad10 code [0x000002a73da3b060, 0x000002a73da3e7c8]
Event: 26.513 Thread 0x000002a750e27910 8705       4       org.eclipse.core.runtime.Path::segment (17 bytes)
Event: 26.514 Thread 0x000002a750e27910 nmethod 8705 0x000002a73da40190 code [0x000002a73da40300, 0x000002a73da403b8]
Event: 26.514 Thread 0x000002a750e27910 8505       4       org.eclipse.jdt.internal.compiler.util.ObjectVector::elementAt (7 bytes)
Event: 26.514 Thread 0x000002a750e27910 nmethod 8505 0x000002a73da40490 code [0x000002a73da40600, 0x000002a73da406b8]
Event: 26.515 Thread 0x000002a750e27910 8693       4       org.eclipse.core.internal.resources.Project::getProject (2 bytes)
Event: 26.515 Thread 0x000002a750e27910 nmethod 8693 0x000002a73da40790 code [0x000002a73da40900, 0x000002a73da40978]
Event: 26.524 Thread 0x000002a750451700 nmethod 8679 0x000002a73da40a90 code [0x000002a73da40d80, 0x000002a73da439c8]
Event: 26.534 Thread 0x000002a74be76690 8708       3       org.eclipse.core.runtime.Path::toOSString (224 bytes)
Event: 26.535 Thread 0x000002a74be76690 nmethod 8708 0x000002a735daa590 code [0x000002a735daa7e0, 0x000002a735dab248]
Event: 26.593 Thread 0x000002a750451700 8709   !   4       org.eclipse.jdt.internal.core.search.indexing.AddJrtToIndex$JrtIndexer::visitFile (133 bytes)
Event: 26.634 Thread 0x000002a750e27910 8710       4       org.eclipse.jdt.internal.compiler.util.SimpleLookupTable::rehash (86 bytes)

GC Heap History (20 events):
Event: 16.235 GC heap before
{Heap before GC invocations=110 (full 9):
 PSYoungGen      total 38400K, used 38356K [0x00000000eab00000, 0x00000000edd00000, 0x0000000100000000)
  eden space 28160K, 100% used [0x00000000eab00000,0x00000000ec680000,0x00000000ec680000)
  from space 10240K, 99% used [0x00000000ed180000,0x00000000edb75230,0x00000000edb80000)
  to   space 11264K, 0% used [0x00000000ec680000,0x00000000ec680000,0x00000000ed180000)
 ParOldGen       total 262656K, used 239102K [0x00000000c0000000, 0x00000000d0080000, 0x00000000eab00000)
  object space 262656K, 91% used [0x00000000c0000000,0x00000000ce97f980,0x00000000d0080000)
 Metaspace       used 57927K, committed 58944K, reserved 1114112K
  class space    used 6371K, committed 6784K, reserved 1048576K
}
Event: 16.245 GC heap after
{Heap after GC invocations=110 (full 9):
 PSYoungGen      total 39424K, used 11253K [0x00000000eab00000, 0x00000000eec00000, 0x0000000100000000)
  eden space 28160K, 0% used [0x00000000eab00000,0x00000000eab00000,0x00000000ec680000)
  from space 11264K, 99% used [0x00000000ec680000,0x00000000ed17d540,0x00000000ed180000)
  to   space 17920K, 0% used [0x00000000eda80000,0x00000000eda80000,0x00000000eec00000)
 ParOldGen       total 262656K, used 244102K [0x00000000c0000000, 0x00000000d0080000, 0x00000000eab00000)
  object space 262656K, 92% used [0x00000000c0000000,0x00000000cee61878,0x00000000d0080000)
 Metaspace       used 57927K, committed 58944K, reserved 1114112K
  class space    used 6371K, committed 6784K, reserved 1048576K
}
Event: 16.321 GC heap before
{Heap before GC invocations=111 (full 9):
 PSYoungGen      total 39424K, used 39413K [0x00000000eab00000, 0x00000000eec00000, 0x0000000100000000)
  eden space 28160K, 100% used [0x00000000eab00000,0x00000000ec680000,0x00000000ec680000)
  from space 11264K, 99% used [0x00000000ec680000,0x00000000ed17d540,0x00000000ed180000)
  to   space 17920K, 0% used [0x00000000eda80000,0x00000000eda80000,0x00000000eec00000)
 ParOldGen       total 262656K, used 244102K [0x00000000c0000000, 0x00000000d0080000, 0x00000000eab00000)
  object space 262656K, 92% used [0x00000000c0000000,0x00000000cee61878,0x00000000d0080000)
 Metaspace       used 58063K, committed 59136K, reserved 1114112K
  class space    used 6390K, committed 6848K, reserved 1048576K
}
Event: 16.336 GC heap after
{Heap after GC invocations=111 (full 9):
 PSYoungGen      total 43008K, used 12065K [0x00000000eab00000, 0x00000000ee680000, 0x0000000100000000)
  eden space 30720K, 0% used [0x00000000eab00000,0x00000000eab00000,0x00000000ec900000)
  from space 12288K, 98% used [0x00000000eda80000,0x00000000ee648640,0x00000000ee680000)
  to   space 13824K, 0% used [0x00000000ecb80000,0x00000000ecb80000,0x00000000ed900000)
 ParOldGen       total 262656K, used 250640K [0x00000000c0000000, 0x00000000d0080000, 0x00000000eab00000)
  object space 262656K, 95% used [0x00000000c0000000,0x00000000cf4c41f8,0x00000000d0080000)
 Metaspace       used 58063K, committed 59136K, reserved 1114112K
  class space    used 6390K, committed 6848K, reserved 1048576K
}
Event: 16.385 GC heap before
{Heap before GC invocations=112 (full 9):
 PSYoungGen      total 43008K, used 42785K [0x00000000eab00000, 0x00000000ee680000, 0x0000000100000000)
  eden space 30720K, 100% used [0x00000000eab00000,0x00000000ec900000,0x00000000ec900000)
  from space 12288K, 98% used [0x00000000eda80000,0x00000000ee648640,0x00000000ee680000)
  to   space 13824K, 0% used [0x00000000ecb80000,0x00000000ecb80000,0x00000000ed900000)
 ParOldGen       total 262656K, used 250640K [0x00000000c0000000, 0x00000000d0080000, 0x00000000eab00000)
  object space 262656K, 95% used [0x00000000c0000000,0x00000000cf4c41f8,0x00000000d0080000)
 Metaspace       used 58185K, committed 59200K, reserved 1114112K
  class space    used 6406K, committed 6848K, reserved 1048576K
}
Event: 16.395 GC heap after
{Heap after GC invocations=112 (full 9):
 PSYoungGen      total 47104K, used 13797K [0x00000000eab00000, 0x00000000efb00000, 0x0000000100000000)
  eden space 33280K, 0% used [0x00000000eab00000,0x00000000eab00000,0x00000000ecb80000)
  from space 13824K, 99% used [0x00000000ecb80000,0x00000000ed8f95c0,0x00000000ed900000)
  to   space 24064K, 0% used [0x00000000ee380000,0x00000000ee380000,0x00000000efb00000)
 ParOldGen       total 262656K, used 259003K [0x00000000c0000000, 0x00000000d0080000, 0x00000000eab00000)
  object space 262656K, 98% used [0x00000000c0000000,0x00000000cfceedd8,0x00000000d0080000)
 Metaspace       used 58185K, committed 59200K, reserved 1114112K
  class space    used 6406K, committed 6848K, reserved 1048576K
}
Event: 16.395 GC heap before
{Heap before GC invocations=113 (full 10):
 PSYoungGen      total 47104K, used 13797K [0x00000000eab00000, 0x00000000efb00000, 0x0000000100000000)
  eden space 33280K, 0% used [0x00000000eab00000,0x00000000eab00000,0x00000000ecb80000)
  from space 13824K, 99% used [0x00000000ecb80000,0x00000000ed8f95c0,0x00000000ed900000)
  to   space 24064K, 0% used [0x00000000ee380000,0x00000000ee380000,0x00000000efb00000)
 ParOldGen       total 262656K, used 259003K [0x00000000c0000000, 0x00000000d0080000, 0x00000000eab00000)
  object space 262656K, 98% used [0x00000000c0000000,0x00000000cfceedd8,0x00000000d0080000)
 Metaspace       used 58185K, committed 59200K, reserved 1114112K
  class space    used 6406K, committed 6848K, reserved 1048576K
}
Event: 16.662 GC heap after
{Heap after GC invocations=113 (full 10):
 PSYoungGen      total 47104K, used 7769K [0x00000000eab00000, 0x00000000efd80000, 0x0000000100000000)
  eden space 33280K, 0% used [0x00000000eab00000,0x00000000eab00000,0x00000000ecb80000)
  from space 13824K, 56% used [0x00000000ecb80000,0x00000000ed316670,0x00000000ed900000)
  to   space 24064K, 0% used [0x00000000ee600000,0x00000000ee600000,0x00000000efd80000)
 ParOldGen       total 312320K, used 262581K [0x00000000c0000000, 0x00000000d3100000, 0x00000000eab00000)
  object space 312320K, 84% used [0x00000000c0000000,0x00000000d006d480,0x00000000d3100000)
 Metaspace       used 58185K, committed 59200K, reserved 1114112K
  class space    used 6406K, committed 6848K, reserved 1048576K
}
Event: 16.736 GC heap before
{Heap before GC invocations=114 (full 10):
 PSYoungGen      total 47104K, used 41049K [0x00000000eab00000, 0x00000000efd80000, 0x0000000100000000)
  eden space 33280K, 100% used [0x00000000eab00000,0x00000000ecb80000,0x00000000ecb80000)
  from space 13824K, 56% used [0x00000000ecb80000,0x00000000ed316670,0x00000000ed900000)
  to   space 24064K, 0% used [0x00000000ee600000,0x00000000ee600000,0x00000000efd80000)
 ParOldGen       total 312320K, used 262581K [0x00000000c0000000, 0x00000000d3100000, 0x00000000eab00000)
  object space 312320K, 84% used [0x00000000c0000000,0x00000000d006d480,0x00000000d3100000)
 Metaspace       used 58540K, committed 59584K, reserved 1114112K
  class space    used 6452K, committed 6912K, reserved 1048576K
}
Event: 16.764 GC heap after
{Heap after GC invocations=114 (full 10):
 PSYoungGen      total 51200K, used 15074K [0x00000000eab00000, 0x00000000ef500000, 0x0000000100000000)
  eden space 35840K, 0% used [0x00000000eab00000,0x00000000eab00000,0x00000000ece00000)
  from space 15360K, 98% used [0x00000000ee600000,0x00000000ef4b8a58,0x00000000ef500000)
  to   space 17920K, 0% used [0x00000000ed200000,0x00000000ed200000,0x00000000ee380000)
 ParOldGen       total 312320K, used 267021K [0x00000000c0000000, 0x00000000d3100000, 0x00000000eab00000)
  object space 312320K, 85% used [0x00000000c0000000,0x00000000d04c3720,0x00000000d3100000)
 Metaspace       used 58540K, committed 59584K, reserved 1114112K
  class space    used 6452K, committed 6912K, reserved 1048576K
}
Event: 24.410 GC heap before
{Heap before GC invocations=115 (full 10):
 PSYoungGen      total 51200K, used 50914K [0x00000000eab00000, 0x00000000ef500000, 0x0000000100000000)
  eden space 35840K, 100% used [0x00000000eab00000,0x00000000ece00000,0x00000000ece00000)
  from space 15360K, 98% used [0x00000000ee600000,0x00000000ef4b8a58,0x00000000ef500000)
  to   space 17920K, 0% used [0x00000000ed200000,0x00000000ed200000,0x00000000ee380000)
 ParOldGen       total 312320K, used 267021K [0x00000000c0000000, 0x00000000d3100000, 0x00000000eab00000)
  object space 312320K, 85% used [0x00000000c0000000,0x00000000d04c3720,0x00000000d3100000)
 Metaspace       used 58595K, committed 59648K, reserved 1114112K
  class space    used 6453K, committed 6912K, reserved 1048576K
}
Event: 24.417 GC heap after
{Heap after GC invocations=115 (full 10):
 PSYoungGen      total 56320K, used 17912K [0x00000000eab00000, 0x00000000ef880000, 0x0000000100000000)
  eden space 38400K, 0% used [0x00000000eab00000,0x00000000eab00000,0x00000000ed080000)
  from space 17920K, 99% used [0x00000000ed200000,0x00000000ee37e0d8,0x00000000ee380000)
  to   space 20480K, 0% used [0x00000000ee480000,0x00000000ee480000,0x00000000ef880000)
 ParOldGen       total 312320K, used 268434K [0x00000000c0000000, 0x00000000d3100000, 0x00000000eab00000)
  object space 312320K, 85% used [0x00000000c0000000,0x00000000d0624ac0,0x00000000d3100000)
 Metaspace       used 58595K, committed 59648K, reserved 1114112K
  class space    used 6453K, committed 6912K, reserved 1048576K
}
Event: 24.776 GC heap before
{Heap before GC invocations=116 (full 10):
 PSYoungGen      total 56320K, used 56312K [0x00000000eab00000, 0x00000000ef880000, 0x0000000100000000)
  eden space 38400K, 100% used [0x00000000eab00000,0x00000000ed080000,0x00000000ed080000)
  from space 17920K, 99% used [0x00000000ed200000,0x00000000ee37e0d8,0x00000000ee380000)
  to   space 20480K, 0% used [0x00000000ee480000,0x00000000ee480000,0x00000000ef880000)
 ParOldGen       total 312320K, used 268434K [0x00000000c0000000, 0x00000000d3100000, 0x00000000eab00000)
  object space 312320K, 85% used [0x00000000c0000000,0x00000000d0624ac0,0x00000000d3100000)
 Metaspace       used 62020K, committed 63040K, reserved 1114112K
  class space    used 7060K, committed 7488K, reserved 1048576K
}
Event: 24.785 GC heap after
{Heap after GC invocations=116 (full 10):
 PSYoungGen      total 46592K, used 5223K [0x00000000eab00000, 0x00000000eea00000, 0x0000000100000000)
  eden space 40960K, 0% used [0x00000000eab00000,0x00000000eab00000,0x00000000ed300000)
  from space 5632K, 92% used [0x00000000ee480000,0x00000000ee999f50,0x00000000eea00000)
  to   space 10752K, 0% used [0x00000000ed500000,0x00000000ed500000,0x00000000edf80000)
 ParOldGen       total 312320K, used 282232K [0x00000000c0000000, 0x00000000d3100000, 0x00000000eab00000)
  object space 312320K, 90% used [0x00000000c0000000,0x00000000d139e3d0,0x00000000d3100000)
 Metaspace       used 62020K, committed 63040K, reserved 1114112K
  class space    used 7060K, committed 7488K, reserved 1048576K
}
Event: 25.897 GC heap before
{Heap before GC invocations=117 (full 10):
 PSYoungGen      total 46592K, used 46183K [0x00000000eab00000, 0x00000000eea00000, 0x0000000100000000)
  eden space 40960K, 100% used [0x00000000eab00000,0x00000000ed300000,0x00000000ed300000)
  from space 5632K, 92% used [0x00000000ee480000,0x00000000ee999f50,0x00000000eea00000)
  to   space 10752K, 0% used [0x00000000ed500000,0x00000000ed500000,0x00000000edf80000)
 ParOldGen       total 312320K, used 282232K [0x00000000c0000000, 0x00000000d3100000, 0x00000000eab00000)
  object space 312320K, 90% used [0x00000000c0000000,0x00000000d139e3d0,0x00000000d3100000)
 Metaspace       used 64473K, committed 65600K, reserved 1114112K
  class space    used 7377K, committed 7872K, reserved 1048576K
}
Event: 25.901 GC heap after
{Heap after GC invocations=117 (full 10):
 PSYoungGen      total 49152K, used 5917K [0x00000000eab00000, 0x00000000ee500000, 0x0000000100000000)
  eden space 43008K, 0% used [0x00000000eab00000,0x00000000eab00000,0x00000000ed500000)
  from space 6144K, 96% used [0x00000000ed500000,0x00000000edac76a0,0x00000000edb00000)
  to   space 6656K, 0% used [0x00000000ede80000,0x00000000ede80000,0x00000000ee500000)
 ParOldGen       total 312320K, used 282240K [0x00000000c0000000, 0x00000000d3100000, 0x00000000eab00000)
  object space 312320K, 90% used [0x00000000c0000000,0x00000000d13a03d0,0x00000000d3100000)
 Metaspace       used 64473K, committed 65600K, reserved 1114112K
  class space    used 7377K, committed 7872K, reserved 1048576K
}
Event: 26.111 GC heap before
{Heap before GC invocations=118 (full 10):
 PSYoungGen      total 49152K, used 48925K [0x00000000eab00000, 0x00000000ee500000, 0x0000000100000000)
  eden space 43008K, 100% used [0x00000000eab00000,0x00000000ed500000,0x00000000ed500000)
  from space 6144K, 96% used [0x00000000ed500000,0x00000000edac76a0,0x00000000edb00000)
  to   space 6656K, 0% used [0x00000000ede80000,0x00000000ede80000,0x00000000ee500000)
 ParOldGen       total 312320K, used 282240K [0x00000000c0000000, 0x00000000d3100000, 0x00000000eab00000)
  object space 312320K, 90% used [0x00000000c0000000,0x00000000d13a03d0,0x00000000d3100000)
 Metaspace       used 64940K, committed 66112K, reserved 1114112K
  class space    used 7430K, committed 7936K, reserved 1048576K
}
Event: 26.119 GC heap after
{Heap after GC invocations=118 (full 10):
 PSYoungGen      total 50176K, used 6636K [0x00000000eab00000, 0x00000000ee900000, 0x0000000100000000)
  eden space 43520K, 0% used [0x00000000eab00000,0x00000000eab00000,0x00000000ed580000)
  from space 6656K, 99% used [0x00000000ede80000,0x00000000ee4fb2f8,0x00000000ee500000)
  to   space 9216K, 0% used [0x00000000ed580000,0x00000000ed580000,0x00000000ede80000)
 ParOldGen       total 312320K, used 284274K [0x00000000c0000000, 0x00000000d3100000, 0x00000000eab00000)
  object space 312320K, 91% used [0x00000000c0000000,0x00000000d159cbf8,0x00000000d3100000)
 Metaspace       used 64940K, committed 66112K, reserved 1114112K
  class space    used 7430K, committed 7936K, reserved 1048576K
}
Event: 26.550 GC heap before
{Heap before GC invocations=119 (full 10):
 PSYoungGen      total 50176K, used 50156K [0x00000000eab00000, 0x00000000ee900000, 0x0000000100000000)
  eden space 43520K, 99% used [0x00000000eab00000,0x00000000ed57fff0,0x00000000ed580000)
  from space 6656K, 99% used [0x00000000ede80000,0x00000000ee4fb2f8,0x00000000ee500000)
  to   space 9216K, 0% used [0x00000000ed580000,0x00000000ed580000,0x00000000ede80000)
 ParOldGen       total 312320K, used 284274K [0x00000000c0000000, 0x00000000d3100000, 0x00000000eab00000)
  object space 312320K, 91% used [0x00000000c0000000,0x00000000d159cbf8,0x00000000d3100000)
 Metaspace       used 65647K, committed 66880K, reserved 1114112K
  class space    used 7508K, committed 8064K, reserved 1048576K
}
Event: 26.562 GC heap after
{Heap after GC invocations=119 (full 10):
 PSYoungGen      total 52736K, used 9213K [0x00000000eab00000, 0x00000000ef580000, 0x0000000100000000)
  eden space 43520K, 0% used [0x00000000eab00000,0x00000000eab00000,0x00000000ed580000)
  from space 9216K, 99% used [0x00000000ed580000,0x00000000ede7f520,0x00000000ede80000)
  to   space 15360K, 0% used [0x00000000ee680000,0x00000000ee680000,0x00000000ef580000)
 ParOldGen       total 312320K, used 289201K [0x00000000c0000000, 0x00000000d3100000, 0x00000000eab00000)
  object space 312320K, 92% used [0x00000000c0000000,0x00000000d1a6c7a0,0x00000000d3100000)
 Metaspace       used 65647K, committed 66880K, reserved 1114112K
  class space    used 7508K, committed 8064K, reserved 1048576K
}

Dll operation events (14 events):
Event: 0.013 Loaded shared library c:\Users\Hp\.vscode\extensions\redhat.java-1.30.0-win32-x64\jre\17.0.10-win32-x86_64\bin\java.dll
Event: 0.147 Loaded shared library c:\Users\Hp\.vscode\extensions\redhat.java-1.30.0-win32-x64\jre\17.0.10-win32-x86_64\bin\zip.dll
Event: 0.150 Loaded shared library C:\Users\Hp\.vscode\extensions\redhat.java-1.30.0-win32-x64\jre\17.0.10-win32-x86_64\bin\instrument.dll
Event: 0.166 Loaded shared library C:\Users\Hp\.vscode\extensions\redhat.java-1.30.0-win32-x64\jre\17.0.10-win32-x86_64\bin\net.dll
Event: 0.169 Loaded shared library C:\Users\Hp\.vscode\extensions\redhat.java-1.30.0-win32-x64\jre\17.0.10-win32-x86_64\bin\nio.dll
Event: 0.176 Loaded shared library C:\Users\Hp\.vscode\extensions\redhat.java-1.30.0-win32-x64\jre\17.0.10-win32-x86_64\bin\zip.dll
Event: 0.191 Loaded shared library C:\Users\Hp\.vscode\extensions\redhat.java-1.30.0-win32-x64\jre\17.0.10-win32-x86_64\bin\jimage.dll
Event: 0.246 Loaded shared library c:\Users\Hp\.vscode\extensions\redhat.java-1.30.0-win32-x64\jre\17.0.10-win32-x86_64\bin\verify.dll
Event: 1.140 Loaded shared library C:\Users\Hp\AppData\Roaming\Code\User\globalStorage\redhat.java\1.30.0\config_win\org.eclipse.equinox.launcher\org.eclipse.equinox.launcher.win32.win32.x86_64_1.2.900.v20240213-1244\eclipse_11900.dll
Event: 4.418 Loaded shared library C:\Users\Hp\AppData\Local\Temp\jna-2344\jna6922379849057909711.dll
Event: 16.177 Loaded shared library C:\Users\Hp\.gradle\native\c067742578af261105cb4f569cf0c3c89f3d7b1fecec35dd04571415982c5e48\windows-amd64\native-platform.dll
Event: 24.658 Loaded shared library C:\Users\Hp\.vscode\extensions\redhat.java-1.30.0-win32-x64\jre\17.0.10-win32-x86_64\bin\management.dll
Event: 24.663 Loaded shared library C:\Users\Hp\.vscode\extensions\redhat.java-1.30.0-win32-x64\jre\17.0.10-win32-x86_64\bin\management_ext.dll
Event: 25.553 Loaded shared library C:\Users\Hp\.vscode\extensions\redhat.java-1.30.0-win32-x64\jre\17.0.10-win32-x86_64\bin\extnet.dll

Deoptimization events (20 events):
Event: 26.491 Thread 0x000002a7502b1b70 DEOPT PACKING pc=0x000002a73da260f8 sp=0x000000e3657fe3e0
Event: 26.491 Thread 0x000002a7502b1b70 DEOPT UNPACKING pc=0x000002a73cf366a3 sp=0x000000e3657fe300 mode 2
Event: 26.491 Thread 0x000002a7502b1b70 Uncommon trap: trap_request=0xffffff45 fr.pc=0x000002a73da1acb8 relative=0x00000000000003f8
Event: 26.492 Thread 0x000002a7502b1b70 Uncommon trap: reason=unstable_if action=reinterpret pc=0x000002a73da1acb8 method=org.eclipse.core.runtime.Path.computeSegmentCount(Ljava/lang/String;)I @ 11 c2
Event: 26.492 Thread 0x000002a7502b1b70 DEOPT PACKING pc=0x000002a73da1acb8 sp=0x000000e3657fdf10
Event: 26.492 Thread 0x000002a7502b1b70 DEOPT UNPACKING pc=0x000002a73cf366a3 sp=0x000000e3657fde98 mode 2
Event: 26.499 Thread 0x000002a7502b1b70 Uncommon trap: trap_request=0xffffff76 fr.pc=0x000002a73d8e4388 relative=0x0000000000000bc8
Event: 26.499 Thread 0x000002a7502b1b70 Uncommon trap: reason=predicate action=maybe_recompile pc=0x000002a73d8e4388 method=java.util.TimSort.reverseRange([Ljava/lang/Object;II)V @ 5 c2
Event: 26.499 Thread 0x000002a7502b1b70 DEOPT PACKING pc=0x000002a73d8e4388 sp=0x000000e3657fead0
Event: 26.499 Thread 0x000002a7502b1b70 DEOPT UNPACKING pc=0x000002a73cf366a3 sp=0x000000e3657fe950 mode 2
Event: 26.504 Thread 0x000002a74e4ec9e0 DEOPT PACKING pc=0x000002a7366274fc sp=0x000000e3652fda00
Event: 26.504 Thread 0x000002a74e4ec9e0 DEOPT UNPACKING pc=0x000002a73cf36e43 sp=0x000000e3652fcf80 mode 0
Event: 26.506 Thread 0x000002a74db02730 Uncommon trap: trap_request=0xffffff45 fr.pc=0x000002a73d98a9c4 relative=0x00000000000009c4
Event: 26.506 Thread 0x000002a74db02730 Uncommon trap: reason=unstable_if action=reinterpret pc=0x000002a73d98a9c4 method=org.eclipse.jdt.internal.compiler.classfmt.AnnotationInfo.scanAnnotation(IZZ)I @ 282 c2
Event: 26.506 Thread 0x000002a74db02730 DEOPT PACKING pc=0x000002a73d98a9c4 sp=0x000000e3639fe970
Event: 26.506 Thread 0x000002a74db02730 DEOPT UNPACKING pc=0x000002a73cf366a3 sp=0x000000e3639fe908 mode 2
Event: 26.631 Thread 0x000002a74db02730 Uncommon trap: trap_request=0xffffff45 fr.pc=0x000002a73d9aa150 relative=0x0000000000009210
Event: 26.631 Thread 0x000002a74db02730 Uncommon trap: reason=unstable_if action=reinterpret pc=0x000002a73d9aa150 method=org.eclipse.jdt.internal.compiler.util.Util.scanTypeSignature([CI)I @ 17 c2
Event: 26.631 Thread 0x000002a74db02730 DEOPT PACKING pc=0x000002a73d9aa150 sp=0x000000e3639febd0
Event: 26.631 Thread 0x000002a74db02730 DEOPT UNPACKING pc=0x000002a73cf366a3 sp=0x000000e3639fea80 mode 2

Classes unloaded (14 events):
Event: 2.912 Thread 0x000002a74be00c20 Unloading class 0x0000000100248400 'java/lang/invoke/LambdaForm$MH+0x0000000100248400'
Event: 2.912 Thread 0x000002a74be00c20 Unloading class 0x0000000100248000 'java/lang/invoke/LambdaForm$MH+0x0000000100248000'
Event: 2.912 Thread 0x000002a74be00c20 Unloading class 0x0000000100247c00 'java/lang/invoke/LambdaForm$MH+0x0000000100247c00'
Event: 2.912 Thread 0x000002a74be00c20 Unloading class 0x0000000100247800 'java/lang/invoke/LambdaForm$MH+0x0000000100247800'
Event: 2.912 Thread 0x000002a74be00c20 Unloading class 0x0000000100247400 'java/lang/invoke/LambdaForm$BMH+0x0000000100247400'
Event: 2.912 Thread 0x000002a74be00c20 Unloading class 0x0000000100247000 'java/lang/invoke/LambdaForm$DMH+0x0000000100247000'
Event: 2.912 Thread 0x000002a74be00c20 Unloading class 0x0000000100244400 'java/lang/invoke/LambdaForm$DMH+0x0000000100244400'
Event: 10.662 Thread 0x000002a74be00c20 Unloading class 0x00000001003e4000 'java/lang/invoke/LambdaForm$MH+0x00000001003e4000'
Event: 10.662 Thread 0x000002a74be00c20 Unloading class 0x00000001003e3c00 'java/lang/invoke/LambdaForm$MH+0x00000001003e3c00'
Event: 10.662 Thread 0x000002a74be00c20 Unloading class 0x00000001003e3000 'java/lang/invoke/LambdaForm$MH+0x00000001003e3000'
Event: 10.662 Thread 0x000002a74be00c20 Unloading class 0x00000001003e2800 'java/lang/invoke/LambdaForm$MH+0x00000001003e2800'
Event: 10.662 Thread 0x000002a74be00c20 Unloading class 0x00000001003e2400 'java/lang/invoke/LambdaForm$DMH+0x00000001003e2400'
Event: 10.662 Thread 0x000002a74be00c20 Unloading class 0x00000001003e1800 'java/lang/invoke/LambdaForm$MH+0x00000001003e1800'
Event: 10.662 Thread 0x000002a74be00c20 Unloading class 0x00000001003e1000 'java/lang/invoke/LambdaForm$MH+0x00000001003e1000'

Classes redefined (0 events):
No events

Internal exceptions (20 events):
Event: 25.892 Thread 0x000002a74dafef80 Exception <a 'sun/nio/fs/WindowsException'{0x00000000ed2511b8}> (0x00000000ed2511b8) 
thrown [s\src\hotspot\share\prims\jni.cpp, line 516]
Event: 25.892 Thread 0x000002a74dafef80 Exception <a 'sun/nio/fs/WindowsException'{0x00000000ed2562a0}> (0x00000000ed2562a0) 
thrown [s\src\hotspot\share\prims\jni.cpp, line 516]
Event: 25.892 Thread 0x000002a74dafef80 Exception <a 'sun/nio/fs/WindowsException'{0x00000000ed25b220}> (0x00000000ed25b220) 
thrown [s\src\hotspot\share\prims\jni.cpp, line 516]
Event: 25.892 Thread 0x000002a74dafef80 Exception <a 'sun/nio/fs/WindowsException'{0x00000000ed260c10}> (0x00000000ed260c10) 
thrown [s\src\hotspot\share\prims\jni.cpp, line 516]
Event: 25.893 Thread 0x000002a74dafef80 Exception <a 'sun/nio/fs/WindowsException'{0x00000000ed265b48}> (0x00000000ed265b48) 
thrown [s\src\hotspot\share\prims\jni.cpp, line 516]
Event: 25.893 Thread 0x000002a74dafef80 Exception <a 'sun/nio/fs/WindowsException'{0x00000000ed26aae8}> (0x00000000ed26aae8) 
thrown [s\src\hotspot\share\prims\jni.cpp, line 516]
Event: 25.893 Thread 0x000002a74dafef80 Exception <a 'sun/nio/fs/WindowsException'{0x00000000ed26f738}> (0x00000000ed26f738) 
thrown [s\src\hotspot\share\prims\jni.cpp, line 516]
Event: 25.893 Thread 0x000002a74dafef80 Exception <a 'sun/nio/fs/WindowsException'{0x00000000ed274a80}> (0x00000000ed274a80) 
thrown [s\src\hotspot\share\prims\jni.cpp, line 516]
Event: 25.960 Thread 0x000002a74dafef80 Exception <a 'sun/nio/fs/WindowsException'{0x00000000eb3d3690}> (0x00000000eb3d3690) 
thrown [s\src\hotspot\share\prims\jni.cpp, line 516]
Event: 25.970 Thread 0x000002a74dafef80 Exception <a 'sun/nio/fs/WindowsException'{0x00000000eb419718}> (0x00000000eb419718) 
thrown [s\src\hotspot\share\prims\jni.cpp, line 516]
Event: 25.977 Thread 0x000002a74dafef80 Exception <a 'sun/nio/fs/WindowsException'{0x00000000eb448db8}> (0x00000000eb448db8) 
thrown [s\src\hotspot\share\prims\jni.cpp, line 516]
Event: 26.016 Thread 0x000002a74e4e5f90 Exception <a 'sun/nio/fs/WindowsException'{0x00000000eb8f2798}> (0x00000000eb8f2798) 
thrown [s\src\hotspot\share\prims\jni.cpp, line 516]
Event: 26.043 Thread 0x000002a74e4e5f90 Implicit null exception at 0x000002a73d77f76f to 0x000002a73d77fc24
Event: 26.050 Thread 0x000002a74e4e5f90 Exception <a 'sun/nio/fs/WindowsException'{0x00000000ebf4df38}> (0x00000000ebf4df38) 
thrown [s\src\hotspot\share\prims\jni.cpp, line 516]
Event: 26.055 Thread 0x000002a74e4e5f90 Exception <a 'java/lang/NoSuchMethodError'{0x00000000ec135990}: 'java.lang.Object java.lang.invoke.DirectMethodHandle$Holder.invokeStatic(java.lang.Object, java.lang.Object, int, java.lang.Object)'> (0x00000000ec135990) 
thrown [s\src\hotspot\share\interpreter\linkResolver.cpp, line 759]
Event: 26.198 Thread 0x000002a74db02730 Implicit null exception at 0x000002a73d957460 to 0x000002a73d95a0bc
Event: 26.198 Thread 0x000002a74db02730 Implicit null exception at 0x000002a73d8f4b33 to 0x000002a73d8f7a3c
Event: 26.224 Thread 0x000002a74e4eb5a0 Exception <a 'java/io/FileNotFoundException'{0x00000000ec2871d8}> (0x00000000ec2871d8) 
thrown [s\src\hotspot\share\prims\jni.cpp, line 516]
Event: 26.224 Thread 0x000002a74e4eb5a0 Exception <a 'java/io/FileNotFoundException'{0x00000000ec287f30}> (0x00000000ec287f30) 
thrown [s\src\hotspot\share\prims\jni.cpp, line 516]
Event: 26.488 Thread 0x000002a7502b1b70 Exception <a 'java/lang/NoSuchMethodError'{0x00000000eceba288}: 'java.lang.Object java.lang.invoke.DirectMethodHandle$Holder.invokeInterface(java.lang.Object, java.lang.Object, java.lang.Object)'> (0x00000000eceba288) 
thrown [s\src\hotspot\share\interpreter\linkResolver.cpp, line 759]

VM Operations (20 events):
Event: 25.174 Executing VM operation: HandshakeAllThreads
Event: 25.174 Executing VM operation: HandshakeAllThreads done
Event: 25.772 Executing VM operation: HandshakeAllThreads
Event: 25.772 Executing VM operation: HandshakeAllThreads done
Event: 25.897 Executing VM operation: ParallelGCFailedAllocation
Event: 25.901 Executing VM operation: ParallelGCFailedAllocation done
Event: 25.971 Executing VM operation: HandshakeAllThreads
Event: 25.971 Executing VM operation: HandshakeAllThreads done
Event: 26.012 Executing VM operation: HandshakeAllThreads
Event: 26.012 Executing VM operation: HandshakeAllThreads done
Event: 26.100 Executing VM operation: HandshakeAllThreads
Event: 26.100 Executing VM operation: HandshakeAllThreads done
Event: 26.101 Executing VM operation: HandshakeAllThreads
Event: 26.102 Executing VM operation: HandshakeAllThreads done
Event: 26.111 Executing VM operation: ParallelGCFailedAllocation
Event: 26.123 Executing VM operation: ParallelGCFailedAllocation done
Event: 26.269 Executing VM operation: HandshakeAllThreads
Event: 26.285 Executing VM operation: HandshakeAllThreads done
Event: 26.549 Executing VM operation: ParallelGCFailedAllocation
Event: 26.562 Executing VM operation: ParallelGCFailedAllocation done

Events (20 events):
Event: 26.127 loading class java/util/concurrent/CompletableFuture$Signaller done
Event: 26.197 loading class java/util/Hashtable$KeySet
Event: 26.198 loading class java/util/Hashtable$KeySet done
Event: 26.243 loading class java/util/stream/DistinctOps
Event: 26.244 loading class java/util/stream/DistinctOps done
Event: 26.244 loading class java/util/stream/DistinctOps$1
Event: 26.244 loading class java/util/stream/DistinctOps$1 done
Event: 26.246 loading class java/util/stream/DistinctOps$1$2
Event: 26.247 loading class java/util/stream/DistinctOps$1$2 done
Event: 26.261 Thread 0x000002a74e4e78e0 Thread added: 0x000002a74e4e78e0
Event: 26.261 loading class java/util/concurrent/CompletableFuture$UniAccept
Event: 26.261 loading class java/util/concurrent/CompletableFuture$UniAccept done
Event: 26.261 loading class java/util/concurrent/CompletableFuture$UniExceptionally
Event: 26.261 loading class java/util/concurrent/CompletableFuture$UniExceptionally done
Event: 26.285 Thread 0x000002a74e4e7df0 Thread added: 0x000002a74e4e7df0
Event: 26.310 Thread 0x000002a7502b1660 Thread added: 0x000002a7502b1660
Event: 26.310 Thread 0x000002a7502b34c0 Thread added: 0x000002a7502b34c0
Event: 26.311 Thread 0x000002a7502b1b70 Thread added: 0x000002a7502b1b70
Event: 26.496 loading class java/util/regex/PatternSyntaxException
Event: 26.496 loading class java/util/regex/PatternSyntaxException done


Dynamic libraries:
0x00007ff764530000 - 0x00007ff76453e000 	c:\Users\Hp\.vscode\extensions\redhat.java-1.30.0-win32-x64\jre\17.0.10-win32-x86_64\bin\java.exe
0x00007ffbcc8d0000 - 0x00007ffbccac8000 	C:\WINDOWS\SYSTEM32\ntdll.dll
0x00007ffbcb890000 - 0x00007ffbcb94d000 	C:\WINDOWS\System32\KERNEL32.DLL
0x00007ffbca500000 - 0x00007ffbca7f6000 	C:\WINDOWS\System32\KERNELBASE.dll
0x00007ffbca800000 - 0x00007ffbca900000 	C:\WINDOWS\System32\ucrtbase.dll
0x00007ffba6b50000 - 0x00007ffba6b6b000 	c:\Users\Hp\.vscode\extensions\redhat.java-1.30.0-win32-x64\jre\17.0.10-win32-x86_64\bin\VCRUNTIME140.dll
0x00007ffbc52e0000 - 0x00007ffbc52f7000 	c:\Users\Hp\.vscode\extensions\redhat.java-1.30.0-win32-x64\jre\17.0.10-win32-x86_64\bin\jli.dll
0x00007ffbcc4b0000 - 0x00007ffbcc64f000 	C:\WINDOWS\System32\USER32.dll
0x00007ffbad6a0000 - 0x00007ffbad93a000 	C:\WINDOWS\WinSxS\amd64_microsoft.windows.common-controls_6595b64144ccf1df_6.0.19041.3636_none_60b6a03d71f818d5\COMCTL32.dll
0x00007ffbca220000 - 0x00007ffbca242000 	C:\WINDOWS\System32\win32u.dll
0x00007ffbca970000 - 0x00007ffbca99b000 	C:\WINDOWS\System32\GDI32.dll
0x00007ffbcc1f0000 - 0x00007ffbcc28e000 	C:\WINDOWS\System32\msvcrt.dll
0x00007ffbca280000 - 0x00007ffbca397000 	C:\WINDOWS\System32\gdi32full.dll
0x00007ffbc9fd0000 - 0x00007ffbca06d000 	C:\WINDOWS\System32\msvcp_win.dll
0x00007ffbcc7b0000 - 0x00007ffbcc7e2000 	C:\WINDOWS\System32\IMM32.DLL
0x00007ffbc5a20000 - 0x00007ffbc5a2c000 	c:\Users\Hp\.vscode\extensions\redhat.java-1.30.0-win32-x64\jre\17.0.10-win32-x86_64\bin\vcruntime140_1.dll
0x00007ffb88f80000 - 0x00007ffb8900d000 	c:\Users\Hp\.vscode\extensions\redhat.java-1.30.0-win32-x64\jre\17.0.10-win32-x86_64\bin\msvcp140.dll
0x00007ffb68980000 - 0x00007ffb695e2000 	c:\Users\Hp\.vscode\extensions\redhat.java-1.30.0-win32-x64\jre\17.0.10-win32-x86_64\bin\server\jvm.dll
0x00007ffbcc700000 - 0x00007ffbcc7b0000 	C:\WINDOWS\System32\ADVAPI32.dll
0x00007ffbcc7f0000 - 0x00007ffbcc890000 	C:\WINDOWS\System32\sechost.dll
0x00007ffbcb760000 - 0x00007ffbcb883000 	C:\WINDOWS\System32\RPCRT4.dll
0x00007ffbca250000 - 0x00007ffbca277000 	C:\WINDOWS\System32\bcrypt.dll
0x00007ffbc1c30000 - 0x00007ffbc1c39000 	C:\WINDOWS\SYSTEM32\WSOCK32.dll
0x00007ffbb5120000 - 0x00007ffbb5147000 	C:\WINDOWS\SYSTEM32\WINMM.dll
0x00007ffbc9510000 - 0x00007ffbc955b000 	C:\WINDOWS\SYSTEM32\POWRPROF.dll
0x00007ffbc3030000 - 0x00007ffbc303a000 	C:\WINDOWS\SYSTEM32\VERSION.dll
0x00007ffbcc290000 - 0x00007ffbcc2fb000 	C:\WINDOWS\System32\WS2_32.dll
0x00007ffbc9380000 - 0x00007ffbc9392000 	C:\WINDOWS\SYSTEM32\UMPDC.dll
0x00007ffbc87f0000 - 0x00007ffbc8802000 	C:\WINDOWS\SYSTEM32\kernel.appcore.dll
0x00007ffbb7be0000 - 0x00007ffbb7bea000 	c:\Users\Hp\.vscode\extensions\redhat.java-1.30.0-win32-x64\jre\17.0.10-win32-x86_64\bin\jimage.dll
0x00007ffbc84c0000 - 0x00007ffbc86a4000 	C:\WINDOWS\SYSTEM32\DBGHELP.DLL
0x00007ffbae3d0000 - 0x00007ffbae404000 	C:\WINDOWS\SYSTEM32\dbgcore.DLL
0x00007ffbca070000 - 0x00007ffbca0f2000 	C:\WINDOWS\System32\bcryptPrimitives.dll
0x00007ffba6ac0000 - 0x00007ffba6ace000 	c:\Users\Hp\.vscode\extensions\redhat.java-1.30.0-win32-x64\jre\17.0.10-win32-x86_64\bin\instrument.dll
0x00007ffb97510000 - 0x00007ffb97535000 	c:\Users\Hp\.vscode\extensions\redhat.java-1.30.0-win32-x64\jre\17.0.10-win32-x86_64\bin\java.dll
0x00007ffba0770000 - 0x00007ffba0788000 	c:\Users\Hp\.vscode\extensions\redhat.java-1.30.0-win32-x64\jre\17.0.10-win32-x86_64\bin\zip.dll
0x00007ffbcaf20000 - 0x00007ffbcb68b000 	C:\WINDOWS\System32\SHELL32.dll
0x00007ffbc7d10000 - 0x00007ffbc84ae000 	C:\WINDOWS\SYSTEM32\windows.storage.dll
0x00007ffbcb9d0000 - 0x00007ffbcbd23000 	C:\WINDOWS\System32\combase.dll
0x00007ffbc99b0000 - 0x00007ffbc99de000 	C:\WINDOWS\SYSTEM32\Wldp.dll
0x00007ffbcc120000 - 0x00007ffbcc1ed000 	C:\WINDOWS\System32\OLEAUT32.dll
0x00007ffbcc650000 - 0x00007ffbcc6fd000 	C:\WINDOWS\System32\SHCORE.dll
0x00007ffbcaec0000 - 0x00007ffbcaf15000 	C:\WINDOWS\System32\shlwapi.dll
0x00007ffbc9eb0000 - 0x00007ffbc9ed3000 	C:\WINDOWS\SYSTEM32\profapi.dll
0x00007ffb9fe80000 - 0x00007ffb9fe99000 	C:\Users\Hp\.vscode\extensions\redhat.java-1.30.0-win32-x64\jre\17.0.10-win32-x86_64\bin\net.dll
0x00007ffbbf8c0000 - 0x00007ffbbf9ca000 	C:\WINDOWS\SYSTEM32\WINHTTP.dll
0x00007ffbc9710000 - 0x00007ffbc977a000 	C:\WINDOWS\system32\mswsock.dll
0x00007ffb9d520000 - 0x00007ffb9d536000 	C:\Users\Hp\.vscode\extensions\redhat.java-1.30.0-win32-x64\jre\17.0.10-win32-x86_64\bin\nio.dll
0x00007ffba3c20000 - 0x00007ffba3c30000 	c:\Users\Hp\.vscode\extensions\redhat.java-1.30.0-win32-x64\jre\17.0.10-win32-x86_64\bin\verify.dll
0x00007ffb934b0000 - 0x00007ffb934ee000 	C:\Users\Hp\AppData\Roaming\Code\User\globalStorage\redhat.java\1.30.0\config_win\org.eclipse.equinox.launcher\org.eclipse.equinox.launcher.win32.win32.x86_64_1.2.900.v20240213-1244\eclipse_11900.dll
0x00007ffbcbde0000 - 0x00007ffbcbf0b000 	C:\WINDOWS\System32\ole32.dll
0x00007ffbc9900000 - 0x00007ffbc9918000 	C:\WINDOWS\SYSTEM32\CRYPTSP.dll
0x00007ffbc8fc0000 - 0x00007ffbc8ff4000 	C:\WINDOWS\system32\rsaenh.dll
0x00007ffbc9e70000 - 0x00007ffbc9e9e000 	C:\WINDOWS\SYSTEM32\USERENV.dll
0x00007ffbc9920000 - 0x00007ffbc992c000 	C:\WINDOWS\SYSTEM32\CRYPTBASE.dll
0x00007ffbc93a0000 - 0x00007ffbc93db000 	C:\WINDOWS\SYSTEM32\IPHLPAPI.DLL
0x00007ffbcb690000 - 0x00007ffbcb698000 	C:\WINDOWS\System32\NSI.dll
0x00007ffbc0f50000 - 0x00007ffbc0f67000 	C:\WINDOWS\SYSTEM32\dhcpcsvc6.DLL
0x00007ffbc2260000 - 0x00007ffbc227d000 	C:\WINDOWS\SYSTEM32\dhcpcsvc.DLL
0x00007ffbc93e0000 - 0x00007ffbc94ab000 	C:\WINDOWS\SYSTEM32\DNSAPI.dll
0x00007ffb88ed0000 - 0x00007ffb88f15000 	C:\Users\Hp\AppData\Local\Temp\jna-2344\jna6922379849057909711.dll
0x00007ffbcc030000 - 0x00007ffbcc038000 	C:\WINDOWS\System32\PSAPI.DLL
0x00007ffb95850000 - 0x00007ffb95877000 	C:\Users\Hp\.gradle\native\c067742578af261105cb4f569cf0c3c89f3d7b1fecec35dd04571415982c5e48\windows-amd64\native-platform.dll
0x00007ffba07a0000 - 0x00007ffba07a9000 	C:\Users\Hp\.vscode\extensions\redhat.java-1.30.0-win32-x64\jre\17.0.10-win32-x86_64\bin\management.dll
0x00007ffba0640000 - 0x00007ffba064b000 	C:\Users\Hp\.vscode\extensions\redhat.java-1.30.0-win32-x64\jre\17.0.10-win32-x86_64\bin\management_ext.dll
0x00007ffba0000000 - 0x00007ffba0009000 	C:\Users\Hp\.vscode\extensions\redhat.java-1.30.0-win32-x64\jre\17.0.10-win32-x86_64\bin\extnet.dll

dbghelp: loaded successfully - version: 4.0.5 - missing functions: none
symbol engine: initialized successfully - sym options: 0x614 - pdb path: .;c:\Users\Hp\.vscode\extensions\redhat.java-1.30.0-win32-x64\jre\17.0.10-win32-x86_64\bin;C:\WINDOWS\SYSTEM32;C:\WINDOWS\WinSxS\amd64_microsoft.windows.common-controls_6595b64144ccf1df_6.0.19041.3636_none_60b6a03d71f818d5;c:\Users\Hp\.vscode\extensions\redhat.java-1.30.0-win32-x64\jre\17.0.10-win32-x86_64\bin\server;C:\Users\Hp\AppData\Roaming\Code\User\globalStorage\redhat.java\1.30.0\config_win\org.eclipse.equinox.launcher\org.eclipse.equinox.launcher.win32.win32.x86_64_1.2.900.v20240213-1244;C:\Users\Hp\AppData\Local\Temp\jna-2344;C:\Users\Hp\.gradle\native\c067742578af261105cb4f569cf0c3c89f3d7b1fecec35dd04571415982c5e48\windows-amd64

VM Arguments:
jvm_args: --add-modules=ALL-SYSTEM --add-opens=java.base/java.util=ALL-UNNAMED --add-opens=java.base/java.lang=ALL-UNNAMED --add-opens=java.base/sun.nio.fs=ALL-UNNAMED -Declipse.application=org.eclipse.jdt.ls.core.id1 -Dosgi.bundles.defaultStartLevel=4 -Declipse.product=org.eclipse.jdt.ls.core.product -Djava.import.generatesMetadataFilesAtProjectRoot=false -DDetectVMInstallationsJob.disabled=true -Dfile.encoding=utf8 -XX:+UseParallelGC -XX:GCTimeRatio=4 -XX:AdaptiveSizePolicyWeight=90 -Dsun.zip.disableMemoryMapping=true -Xmx1G -Xms100m -Xlog:disable -javaagent:c:\Users\Hp\.vscode\extensions\redhat.java-1.30.0-win32-x64\lombok\lombok-1.18.32.jar -XX:+HeapDumpOnOutOfMemoryError -XX:HeapDumpPath=c:\Users\Hp\AppData\Roaming\Code\User\workspaceStorage\3bfe5321d796c89da0ad2cda76232276\redhat.java -Daether.dependencyCollector.impl=bf 
java_command: c:\Users\Hp\.vscode\extensions\redhat.java-1.30.0-win32-x64\server\plugins\org.eclipse.equinox.launcher_1.6.800.v20240330-1250.jar -configuration c:\Users\Hp\AppData\Roaming\Code\User\globalStorage\redhat.java\1.30.0\config_win -data c:\Users\Hp\AppData\Roaming\Code\User\workspaceStorage\3bfe5321d796c89da0ad2cda76232276\redhat.java\jdt_ws --pipe=\\.\pipe\lsp-e7fb0b9aa6ef47ab9bb405065870479c-sock
java_class_path (initial): c:\Users\Hp\.vscode\extensions\redhat.java-1.30.0-win32-x64\server\plugins\org.eclipse.equinox.launcher_1.6.800.v20240330-1250.jar
Launcher Type: SUN_STANDARD

[Global flags]
    uintx AdaptiveSizePolicyWeight                 = 90                                        {product} {command line}
     intx CICompilerCount                          = 4                                         {product} {ergonomic}
    uintx GCTimeRatio                              = 4                                         {product} {command line}
     bool HeapDumpOnOutOfMemoryError               = true                                   {manageable} {command line}
    ccstr HeapDumpPath                             = c:\Users\Hp\AppData\Roaming\Code\User\workspaceStorage\3bfe5321d796c89da0ad2cda76232276\redhat.java         {manageable} {command line}
   size_t InitialHeapSize                          = 104857600                                 {product} {command line}
   size_t MaxHeapSize                              = 1073741824                                {product} {command line}
   size_t MaxNewSize                               = 357564416                                 {product} {ergonomic}
   size_t MinHeapDeltaBytes                        = 524288                                    {product} {ergonomic}
   size_t MinHeapSize                              = 104857600                                 {product} {command line}
   size_t NewSize                                  = 34603008                                  {product} {ergonomic}
    uintx NonNMethodCodeHeapSize                   = 5839372                                {pd product} {ergonomic}
    uintx NonProfiledCodeHeapSize                  = 122909434                              {pd product} {ergonomic}
   size_t OldSize                                  = 70254592                                  {product} {ergonomic}
    uintx ProfiledCodeHeapSize                     = 122909434                              {pd product} {ergonomic}
    uintx ReservedCodeCacheSize                    = 251658240                              {pd product} {ergonomic}
     bool SegmentedCodeCache                       = true                                      {product} {ergonomic}
   size_t SoftMaxHeapSize                          = 1073741824                             {manageable} {ergonomic}
     bool UseCompressedClassPointers               = true                           {product lp64_product} {ergonomic}
     bool UseCompressedOops                        = true                           {product lp64_product} {ergonomic}
     bool UseLargePagesIndividualAllocation        = false                                  {pd product} {ergonomic}
     bool UseParallelGC                            = true                                      {product} {command line}

Logging:
Log output configuration:
 #0: stdout all=off uptime,level,tags
 #1: stderr all=off uptime,level,tags

Environment Variables:
JAVA_HOME=C:\Program Files\Java\jdk-17.0.5
PATH=C:\Program Files\Java\jdk-17.0.5\bin;C:\Python312\;C:\Program Files\Common Files\Oracle\Java\javapath;C:\Windows\system32;C:\Windows;C:\Windows\System32\Wbem;C:\Windows\System32\WindowsPowerShell\v1.0\;C:\Windows\System32\OpenSSH\;C:\Program Files (x86)\NVIDIA Corporation\PhysX\Common;C:\Program Files\NVIDIA Corporation\NVIDIA NvDLISR;C:\WINDOWS\system32;C:\WINDOWS;C:\WINDOWS\System32\Wbem;C:\WINDOWS\System32\WindowsPowerShell\v1.0\;C:\WINDOWS\System32\OpenSSH\;C:\Program Files\dotnet\;C:\Program Files\Git\cmd;C:\Program Files\nodejs\;C:\ProgramData\chocolatey\bin;D:\Web FullStack Diploma(Array)\XAMPP;D:\XAMPP\php;C:\composer;C:\Program Files\Wondershare\Wondershare DemoCreator;C:\Program Files\Gradle\gradle-8.7\bin;C:\Users\Hp\AppData\Local\Programs\Python\Python311\Scripts\;C:\Users\Hp\AppData\Local\Programs\Python\Python311\;C:\Users\Hp\AppData\Local\Microsoft\WindowsApps;C:\Users\Hp\AppData\Local\Programs\Microsoft VS Code\bin;C:\Program Files\Java\jdk-11.0.6\bin;C:\Users\Hp\AppData\Local\Android\Sdk\platform-tools;C:\Users\Hp\AppData\Local\Android\Sdk\tools;C:\Users\Hp\.dotnet\tools;C:\Users\Hp\AppData\Roaming\npm;C:\Users\Hp\AppData\Roaming\Composer\vendor\bin
USERNAME=Hp
OS=Windows_NT
PROCESSOR_IDENTIFIER=Intel64 Family 6 Model 142 Stepping 12, GenuineIntel
TMP=C:\Users\Hp\AppData\Local\Temp
TEMP=C:\Users\Hp\AppData\Local\Temp



Periodic native trim disabled


---------------  S Y S T E M  ---------------

OS:
 Windows 10 , 64 bit Build 19041 (10.0.19041.3636)
OS uptime: 0 days 0:17 hours

CPU: total 8 (initial active 8) (4 cores per cpu, 2 threads per core) family 6 model 142 stepping 12 microcode 0xea, cx8, cmov, fxsr, ht, mmx, 3dnowpref, sse, sse2, sse3, ssse3, sse4.1, sse4.2, popcnt, lzcnt, tsc, tscinvbit, avx, avx2, aes, erms, clmul, bmi1, bmi2, adx, fma, vzeroupper, clflush, clflushopt
Processor Information for all 8 processors :
  Max Mhz: 1800, Current Mhz: 1600, Mhz Limit: 1584

Memory: 4k page, system-wide physical 8078M (1571M free)
TotalPageFile size 14017M (AvailPageFile size 2M)
current process WorkingSet (physical memory assigned to process): 663M, peak: 671M
current process commit charge ("private bytes"): 621M, peak: 629M

vm_info: OpenJDK 64-Bit Server VM (17.0.10+7) for windows-amd64 JRE (17.0.10+7), built on Jan 16 2024 23:25:11 by "admin" with MS VC++ 16.10 / 16.11 (VS2019)

END.
